<?xml version="1.0" encoding="UTF-8"?>
<testsuite xmlns:xsi="http://www.w3.org/2001/XMLSchema-instance" xsi:noNamespaceSchemaLocation="https://maven.apache.org/surefire/maven-surefire-plugin/xsd/surefire-test-report.xsd" version="3.0.2" name="com.omrbranch.runner.TestRunnerClass2" time="4462.99" tests="21" errors="5" skipped="9" failures="3" flakes="0">
  <properties>
[...]
</properties>
  <testcase name="User is on the OMR Branch hotel page" classname="com.omrbranch.runner.TestRunnerClass2" time="0.026">
    <system-out><![CDATA[
Scenario Outline: Verify search hotels with all fields                                                              &amp#27;[90m# src/test/resources/features/TC002_ExploreHotel.feature:17&amp#27;[0m

    Embedding Before Step Screenshot [image/png 806578 bytes]

]]></system-out>
  </testcase>
  <testcase name="User is on the OMR Branch hotel page" classname="com.omrbranch.runner.TestRunnerClass2" time="0.0">
    <system-out><![CDATA[
Scenario Outline: Verify search hotels with only mandatory fields                                 &amp#27;[90m# src/test/resources/features/TC002_ExploreHotel.feature:25&amp#27;[0m

    Embedding Before Step Screenshot [image/png 806735 bytes]

]]></system-out>
  </testcase>
  <testcase name="User is on the OMR Branch hotel page" classname="com.omrbranch.runner.TestRunnerClass2" time="0.016">
    <system-out><![CDATA[  &amp#27;[32mThen &amp#27;[0m&amp#27;[32mUser should verify after search hotel success message &amp#27;[0m&amp#27;[32m&amp#27;[1m"Select Hotel"&amp#27;[0m                       &amp#27;[90m# com.omrbranch.stepdefinition.TC002_ExploreHotelStep.userShouldVerifyAfterSearchHotelSuccessMessage(java.lang.String)&amp#27;[0m

    Embedding After Step Screenshot [image/png 76927 bytes]


Scenario: Verify search hotel without entering any fields                                                                                                                                                                             &amp#27;[90m# src/test/resources/features/TC002_ExploreHotel.feature:27&amp#27;[0m

    Embedding Before Step Screenshot [image/png 806665 bytes]

]]></system-out>
  </testcase>
  <testcase name="User is on the OMR Branch hotel page" classname="com.omrbranch.runner.TestRunnerClass2" time="0.0">
    <skipped type="io.cucumber.junit.SkippedThrowable"><![CDATA[io.cucumber.junit.SkippedThrowable: This step is skipped
]]></skipped>
    <system-out><![CDATA[
Scenario Outline: Verify hotel price sorting from low to high                                                       &amp#27;[90m# src/test/resources/features/TC002_ExploreHotel.feature:39&amp#27;[0m
      &amp#27;[31morg.openqa.selenium.WebDriverException: unknown error: net::ERR_ADDRESS_UNREACHABLE
        (Session info: chrome=149.0.7827.155)
      Build info: version: '4.45.0', revision: 'cd6a3cd cd6a3cdfca6970f62e5bc8344109d0fe0e2af05e'
      System info: os.name: 'Windows 11', os.arch: 'amd64', os.version: '10.0', java.version: '21.0.10'
      Driver info: org.openqa.selenium.chrome.ChromeDriver
      Command: [293fd7b7e732fbb333f9bb2eef79d340, get {url=https://www.omrbranch.com/}]
      Capabilities {acceptInsecureCerts: false, browserName: chrome, browserVersion: 149.0.7827.155, chrome: {chromedriverVersion: 149.0.7827.155 (07b52360cc1..., userDataDir: C:\Users\ksdev\AppData\Loca...}, fedcm:accounts: true, goog:chromeOptions: {debuggerAddress: localhost:51045}, goog:processID: 22484, networkConnectionEnabled: false, pageLoadStrategy: normal, platformName: windows, proxy: Proxy(), se:cdp: ws://localhost:51045/devtoo..., se:cdpVersion: 149.0.7827.155, setWindowRect: true, strictFileInteractability: false, timeouts: {implicit: 0, pageLoad: 300000, script: 30000}, unhandledPromptBehavior: dismiss and notify, webauthn:extension:credBlob: true, webauthn:extension:largeBlob: true, webauthn:extension:minPinLength: true, webauthn:extension:prf: true, webauthn:virtualAuthenticators: true}
      Session ID: 293fd7b7e732fbb333f9bb2eef79d340
      	at org.openqa.selenium.remote.ErrorCodec.decode(ErrorCodec.java:169)
      	at org.openqa.selenium.remote.codec.w3c.W3CHttpResponseCodec.decode(W3CHttpResponseCodec.java:143)
      	at org.openqa.selenium.remote.codec.w3c.W3CHttpResponseCodec.decode(W3CHttpResponseCodec.java:50)
      	at org.openqa.selenium.remote.HttpCommandExecutor.execute(HttpCommandExecutor.java:196)
      	at org.openqa.selenium.remote.service.DriverCommandExecutor.invokeExecute(DriverCommandExecutor.java:217)
      	at org.openqa.selenium.remote.service.DriverCommandExecutor.execute(DriverCommandExecutor.java:175)
      	at org.openqa.selenium.remote.RemoteWebDriver.execute(RemoteWebDriver.java:575)
      	at org.openqa.selenium.remote.RemoteWebDriver.get(RemoteWebDriver.java:341)
      	at com.omrbranch.utility.BaseClass.enterApplicationUrl(BaseClass.java:151)
      	at com.omrbranch.hooks.HooksClass.beforeScenario(HooksClass.java:22)&amp#27;[0m
]]></system-out>
    <system-err><![CDATA[Jun 26, 2026 1:03:47 PM org.openqa.selenium.manager.SeleniumManager lambda$runCommand$0
WARNING: There was an error managing chromedriver (error sending request for url (https://googlechromelabs.github.io/chrome-for-testing/known-good-versions-with-downloads.json)); using driver found in the cache
]]></system-err>
  </testcase>
  <testcase name="User is on the OMR Branch hotel page" classname="com.omrbranch.runner.TestRunnerClass2" time="0.0">
    <skipped type="io.cucumber.junit.SkippedThrowable"><![CDATA[io.cucumber.junit.SkippedThrowable: This step is skipped
]]></skipped>
    <system-out><![CDATA[
Scenario Outline: Verify hotel name sorting in descending order                                                     &amp#27;[90m# src/test/resources/features/TC002_ExploreHotel.feature:49&amp#27;[0m
      &amp#27;[31morg.openqa.selenium.WebDriverException: unknown error: net::ERR_ADDRESS_UNREACHABLE
        (Session info: chrome=149.0.7827.155)
      Build info: version: '4.45.0', revision: 'cd6a3cd cd6a3cdfca6970f62e5bc8344109d0fe0e2af05e'
      System info: os.name: 'Windows 11', os.arch: 'amd64', os.version: '10.0', java.version: '21.0.10'
      Driver info: org.openqa.selenium.chrome.ChromeDriver
      Command: [b601a8f1509f29bece6cf9102f3cb053, get {url=https://www.omrbranch.com/}]
      Capabilities {acceptInsecureCerts: false, browserName: chrome, browserVersion: 149.0.7827.155, chrome: {chromedriverVersion: 149.0.7827.155 (07b52360cc1..., userDataDir: C:\Users\ksdev\AppData\Loca...}, fedcm:accounts: true, goog:chromeOptions: {debuggerAddress: localhost:57140}, goog:processID: 8648, networkConnectionEnabled: false, pageLoadStrategy: normal, platformName: windows, proxy: Proxy(), se:cdp: ws://localhost:57140/devtoo..., se:cdpVersion: 149.0.7827.155, setWindowRect: true, strictFileInteractability: false, timeouts: {implicit: 0, pageLoad: 300000, script: 30000}, unhandledPromptBehavior: dismiss and notify, webauthn:extension:credBlob: true, webauthn:extension:largeBlob: true, webauthn:extension:minPinLength: true, webauthn:extension:prf: true, webauthn:virtualAuthenticators: true}
      Session ID: b601a8f1509f29bece6cf9102f3cb053
      	at org.openqa.selenium.remote.ErrorCodec.decode(ErrorCodec.java:169)
      	at org.openqa.selenium.remote.codec.w3c.W3CHttpResponseCodec.decode(W3CHttpResponseCodec.java:143)
      	at org.openqa.selenium.remote.codec.w3c.W3CHttpResponseCodec.decode(W3CHttpResponseCodec.java:50)
      	at org.openqa.selenium.remote.HttpCommandExecutor.execute(HttpCommandExecutor.java:196)
      	at org.openqa.selenium.remote.service.DriverCommandExecutor.invokeExecute(DriverCommandExecutor.java:217)
      	at org.openqa.selenium.remote.service.DriverCommandExecutor.execute(DriverCommandExecutor.java:175)
      	at org.openqa.selenium.remote.RemoteWebDriver.execute(RemoteWebDriver.java:575)
      	at org.openqa.selenium.remote.RemoteWebDriver.get(RemoteWebDriver.java:341)
      	at com.omrbranch.utility.BaseClass.enterApplicationUrl(BaseClass.java:151)
      	at com.omrbranch.hooks.HooksClass.beforeScenario(HooksClass.java:22)&amp#27;[0m
]]></system-out>
    <system-err><![CDATA[Jun 26, 2026 1:03:55 PM org.openqa.selenium.manager.SeleniumManager lambda$runCommand$0
WARNING: There was an error managing chromedriver (error sending request for url (https://googlechromelabs.github.io/chrome-for-testing/known-good-versions-with-downloads.json)); using driver found in the cache
]]></system-err>
  </testcase>
  <testcase name="User is on the OMR Branch hotel page" classname="com.omrbranch.runner.TestRunnerClass2" time="0.002">
    <system-out><![CDATA[
Scenario Outline: Verify Suite room type hotels are listed                                                          &amp#27;[90m# src/test/resources/features/TC002_ExploreHotel.feature:59&amp#27;[0m

    Embedding Before Step Screenshot [image/png 806673 bytes]

]]></system-out>
  </testcase>
  <testcase name="User is on the OMR Branch hotel page" classname="com.omrbranch.runner.TestRunnerClass2" time="0.004">
    <system-out><![CDATA[
Scenario Outline: Verify header contains selected room type                                                         &amp#27;[90m# src/test/resources/features/TC002_ExploreHotel.feature:68&amp#27;[0m

    Embedding Before Step Screenshot [image/png 806634 bytes]

]]></system-out>
  </testcase>
  <testcase name="User enters &quot;salaiilayasuriyan@gmail.com&quot; and &quot;October@1808&quot;" classname="com.omrbranch.runner.TestRunnerClass2" time="1.601">
    <system-out><![CDATA[  &amp#27;[32mGiven &amp#27;[0m&amp#27;[32mUser is on the OMR Branch hotel page&amp#27;[0m                                                                        &amp#27;[90m# com.omrbranch.stepdefinition.TC001_LoginSetup.userIsOnTheOMRBranchHotelPage()&amp#27;[0m

    Embedding After Step Screenshot [image/png 806998 bytes]


    Embedding Before Step Screenshot [image/png 806998 bytes]

]]></system-out>
  </testcase>
  <testcase name="User enters &quot;salaiilayasuriyan@gmail.com&quot; and &quot;October@1808&quot;" classname="com.omrbranch.runner.TestRunnerClass2" time="3.319">
    <system-out><![CDATA[  &amp#27;[32mGiven &amp#27;[0m&amp#27;[32mUser is on the OMR Branch hotel page&amp#27;[0m                                                      &amp#27;[90m# com.omrbranch.stepdefinition.TC001_LoginSetup.userIsOnTheOMRBranchHotelPage()&amp#27;[0m

    Embedding After Step Screenshot [image/png 806998 bytes]


    Embedding Before Step Screenshot [image/png 806998 bytes]

]]></system-out>
  </testcase>
  <testcase name="User enters &quot;salaiilayasuriyan@gmail.com&quot; and &quot;October@1808&quot;" classname="com.omrbranch.runner.TestRunnerClass2" time="0.957">
    <system-out><![CDATA[  &amp#27;[32mGiven &amp#27;[0m&amp#27;[32mUser is on the OMR Branch hotel page&amp#27;[0m                                                                                                                                                                                          &amp#27;[90m# com.omrbranch.stepdefinition.TC001_LoginSetup.userIsOnTheOMRBranchHotelPage()&amp#27;[0m

    Embedding After Step Screenshot [image/png 806998 bytes]


    Embedding Before Step Screenshot [image/png 806998 bytes]

]]></system-out>
  </testcase>
  <testcase name="User enters &quot;salaiilayasuriyan@gmail.com&quot; and &quot;October@1808&quot;" classname="com.omrbranch.runner.TestRunnerClass2" time="0.0">
    <skipped type="io.cucumber.junit.SkippedThrowable"><![CDATA[io.cucumber.junit.SkippedThrowable: This step is skipped
]]></skipped>
    <system-out><![CDATA[  &amp#27;[36mGiven &amp#27;[0m&amp#27;[36mUser is on the OMR Branch hotel page&amp#27;[0m                                                                        &amp#27;[90m# com.omrbranch.stepdefinition.TC001_LoginSetup.userIsOnTheOMRBranchHotelPage()&amp#27;[0m
]]></system-out>
  </testcase>
  <testcase name="User enters &quot;salaiilayasuriyan@gmail.com&quot; and &quot;October@1808&quot;" classname="com.omrbranch.runner.TestRunnerClass2" time="0.0">
    <skipped type="io.cucumber.junit.SkippedThrowable"><![CDATA[io.cucumber.junit.SkippedThrowable: This step is skipped
]]></skipped>
    <system-out><![CDATA[  &amp#27;[36mGiven &amp#27;[0m&amp#27;[36mUser is on the OMR Branch hotel page&amp#27;[0m                                                                        &amp#27;[90m# com.omrbranch.stepdefinition.TC001_LoginSetup.userIsOnTheOMRBranchHotelPage()&amp#27;[0m
]]></system-out>
  </testcase>
  <testcase name="User enters &quot;salaiilayasuriyan@gmail.com&quot; and &quot;October@1808&quot;" classname="com.omrbranch.runner.TestRunnerClass2" time="0.614">
    <system-out><![CDATA[  &amp#27;[32mGiven &amp#27;[0m&amp#27;[32mUser is on the OMR Branch hotel page&amp#27;[0m                                                                        &amp#27;[90m# com.omrbranch.stepdefinition.TC001_LoginSetup.userIsOnTheOMRBranchHotelPage()&amp#27;[0m

    Embedding After Step Screenshot [image/png 806998 bytes]


    Embedding Before Step Screenshot [image/png 806998 bytes]

]]></system-out>
  </testcase>
  <testcase name="User enters &quot;salaiilayasuriyan@gmail.com&quot; and &quot;October@1808&quot;" classname="com.omrbranch.runner.TestRunnerClass2" time="0.765">
    <system-out><![CDATA[  &amp#27;[32mGiven &amp#27;[0m&amp#27;[32mUser is on the OMR Branch hotel page&amp#27;[0m                                                                        &amp#27;[90m# com.omrbranch.stepdefinition.TC001_LoginSetup.userIsOnTheOMRBranchHotelPage()&amp#27;[0m

    Embedding After Step Screenshot [image/png 806998 bytes]


    Embedding Before Step Screenshot [image/png 806998 bytes]

]]></system-out>
  </testcase>
  <testcase name="User should verify success message after login &quot;Welcome Salai&quot;" classname="com.omrbranch.runner.TestRunnerClass2" time="0.519">
    <system-out><![CDATA[  &amp#27;[32mWhen &amp#27;[0m&amp#27;[32mUser enters &amp#27;[0m&amp#27;[32m&amp#27;[1m"salaiilayasuriyan@gmail.com"&amp#27;[0m&amp#27;[32m and &amp#27;[0m&amp#27;[32m&amp#27;[1m"October@1808"&amp#27;[0m                                                 &amp#27;[90m# com.omrbranch.stepdefinition.TC001_LoginSetup.userEntersAnd(java.lang.String,java.lang.String)&amp#27;[0m

    Embedding After Step Screenshot [image/png 808196 bytes]


    Embedding Before Step Screenshot [image/png 811162 bytes]

]]></system-out>
  </testcase>
  <testcase name="User should verify success message after login &quot;Welcome Salai&quot;" classname="com.omrbranch.runner.TestRunnerClass2" time="0.325">
    <system-out><![CDATA[  &amp#27;[32mWhen &amp#27;[0m&amp#27;[32mUser enters &amp#27;[0m&amp#27;[32m&amp#27;[1m"salaiilayasuriyan@gmail.com"&amp#27;[0m&amp#27;[32m and &amp#27;[0m&amp#27;[32m&amp#27;[1m"October@1808"&amp#27;[0m                               &amp#27;[90m# com.omrbranch.stepdefinition.TC001_LoginSetup.userEntersAnd(java.lang.String,java.lang.String)&amp#27;[0m

    Embedding After Step Screenshot [image/png 808028 bytes]


    Embedding Before Step Screenshot [image/png 703609 bytes]

]]></system-out>
  </testcase>
  <testcase name="User should verify success message after login &quot;Welcome Salai&quot;" classname="com.omrbranch.runner.TestRunnerClass2" time="2125.224">
    <error message="Timeout when executing request (POST http://localhost:38620/session/3e58ae0d0692a65403319fedaece2694/element)&#10;Build info: version: &apos;4.45.0&apos;, revision: &apos;cd6a3cd cd6a3cdfca6970f62e5bc8344109d0fe0e2af05e&apos;&#10;System info: os.name: &apos;Windows 11&apos;, os.arch: &apos;amd64&apos;, os.version: &apos;10.0&apos;, java.version: &apos;21.0.10&apos;&#10;Driver info: org.openqa.selenium.chrome.ChromeDriver&#10;Command: [3e58ae0d0692a65403319fedaece2694, findElement {value=//a[contains(text(),&apos;Welcome&apos;)], using=xpath}]&#10;Capabilities {acceptInsecureCerts: false, browserName: chrome, browserVersion: 149.0.7827.155, chrome: {chromedriverVersion: 149.0.7827.155 (07b52360cc1..., userDataDir: C:\Users\ksdev\AppData\Loca...}, fedcm:accounts: true, goog:chromeOptions: {debuggerAddress: localhost:51684}, goog:processID: 15920, networkConnectionEnabled: false, pageLoadStrategy: normal, platformName: windows, proxy: Proxy(), se:cdp: ws://localhost:51684/devtoo..., se:cdpVersion: 149.0.7827.155, setWindowRect: true, strictFileInteractability: false, timeouts: {implicit: 0, pageLoad: 300000, script: 30000}, unhandledPromptBehavior: dismiss and notify, webauthn:extension:credBlob: true, webauthn:extension:largeBlob: true, webauthn:extension:minPinLength: true, webauthn:extension:prf: true, webauthn:virtualAuthenticators: true}&#10;Session ID: 3e58ae0d0692a65403319fedaece2694" type="org.openqa.selenium.TimeoutException"><![CDATA[org.openqa.selenium.TimeoutException: 
Timeout when executing request (POST http://localhost:38620/session/3e58ae0d0692a65403319fedaece2694/element)
Build info: version: '4.45.0', revision: 'cd6a3cd cd6a3cdfca6970f62e5bc8344109d0fe0e2af05e'
System info: os.name: 'Windows 11', os.arch: 'amd64', os.version: '10.0', java.version: '21.0.10'
Driver info: org.openqa.selenium.chrome.ChromeDriver
Command: [3e58ae0d0692a65403319fedaece2694, findElement {value=//a[contains(text(),'Welcome')], using=xpath}]
Capabilities {acceptInsecureCerts: false, browserName: chrome, browserVersion: 149.0.7827.155, chrome: {chromedriverVersion: 149.0.7827.155 (07b52360cc1..., userDataDir: C:\Users\ksdev\AppData\Loca...}, fedcm:accounts: true, goog:chromeOptions: {debuggerAddress: localhost:51684}, goog:processID: 15920, networkConnectionEnabled: false, pageLoadStrategy: normal, platformName: windows, proxy: Proxy(), se:cdp: ws://localhost:51684/devtoo..., se:cdpVersion: 149.0.7827.155, setWindowRect: true, strictFileInteractability: false, timeouts: {implicit: 0, pageLoad: 300000, script: 30000}, unhandledPromptBehavior: dismiss and notify, webauthn:extension:credBlob: true, webauthn:extension:largeBlob: true, webauthn:extension:minPinLength: true, webauthn:extension:prf: true, webauthn:virtualAuthenticators: true}
Session ID: 3e58ae0d0692a65403319fedaece2694
	at org.openqa.selenium.remote.http.jdk.JdkHttpClient.execute0(JdkHttpClient.java:495)
	at org.openqa.selenium.remote.http.AddSeleniumUserAgent.lambda$apply$0(AddSeleniumUserAgent.java:46)
	at org.openqa.selenium.remote.http.Filter.lambda$andFinally$0(Filter.java:55)
	at org.openqa.selenium.remote.http.jdk.JdkHttpClient.lambda$executeAsync$0(JdkHttpClient.java:399)
	at java.base/java.util.concurrent.Executors$RunnableAdapter.call(Executors.java:572)
	at java.base/java.util.concurrent.FutureTask.run(FutureTask.java:317)
	at java.base/java.util.concurrent.ThreadPoolExecutor.runWorker(ThreadPoolExecutor.java:1144)
	at java.base/java.util.concurrent.ThreadPoolExecutor$Worker.run(ThreadPoolExecutor.java:642)
	at java.base/java.lang.Thread.run(Thread.java:1583)
Caused by: java.net.http.HttpTimeoutException: request timed out
	at java.net.http/jdk.internal.net.http.HttpClientImpl.send(HttpClientImpl.java:953)
	at java.net.http/jdk.internal.net.http.HttpClientFacade.send(HttpClientFacade.java:133)
	at org.openqa.selenium.remote.http.jdk.JdkHttpClient.execute0(JdkHttpClient.java:473)
	... 8 more
]]></error>
    <system-out><![CDATA[  &amp#27;[32mWhen &amp#27;[0m&amp#27;[32mUser enters &amp#27;[0m&amp#27;[32m&amp#27;[1m"salaiilayasuriyan@gmail.com"&amp#27;[0m&amp#27;[32m and &amp#27;[0m&amp#27;[32m&amp#27;[1m"October@1808"&amp#27;[0m                                                                                                                                                                   &amp#27;[90m# com.omrbranch.stepdefinition.TC001_LoginSetup.userEntersAnd(java.lang.String,java.lang.String)&amp#27;[0m

    Embedding After Step Screenshot [image/png 808099 bytes]


    Embedding Before Step Screenshot [image/png 808029 bytes]

]]></system-out>
  </testcase>
  <testcase name="User should verify success message after login &quot;Welcome Salai&quot;" classname="com.omrbranch.runner.TestRunnerClass2" time="0.0">
    <skipped type="io.cucumber.junit.SkippedThrowable"><![CDATA[io.cucumber.junit.SkippedThrowable: This step is skipped
]]></skipped>
    <system-out><![CDATA[  &amp#27;[36mWhen &amp#27;[0m&amp#27;[36mUser enters &amp#27;[0m&amp#27;[36m&amp#27;[1m"salaiilayasuriyan@gmail.com"&amp#27;[0m&amp#27;[36m and &amp#27;[0m&amp#27;[36m&amp#27;[1m"October@1808"&amp#27;[0m                                                 &amp#27;[90m# com.omrbranch.stepdefinition.TC001_LoginSetup.userEntersAnd(java.lang.String,java.lang.String)&amp#27;[0m
]]></system-out>
  </testcase>
  <testcase name="User should verify success message after login &quot;Welcome Salai&quot;" classname="com.omrbranch.runner.TestRunnerClass2" time="0.0">
    <skipped type="io.cucumber.junit.SkippedThrowable"><![CDATA[io.cucumber.junit.SkippedThrowable: This step is skipped
]]></skipped>
    <system-out><![CDATA[  &amp#27;[36mWhen &amp#27;[0m&amp#27;[36mUser enters &amp#27;[0m&amp#27;[36m&amp#27;[1m"salaiilayasuriyan@gmail.com"&amp#27;[0m&amp#27;[36m and &amp#27;[0m&amp#27;[36m&amp#27;[1m"October@1808"&amp#27;[0m                                                 &amp#27;[90m# com.omrbranch.stepdefinition.TC001_LoginSetup.userEntersAnd(java.lang.String,java.lang.String)&amp#27;[0m
]]></system-out>
  </testcase>
  <testcase name="User should verify success message after login &quot;Welcome Salai&quot;" classname="com.omrbranch.runner.TestRunnerClass2" time="18.119">
    <system-out><![CDATA[  &amp#27;[32mWhen &amp#27;[0m&amp#27;[32mUser enters &amp#27;[0m&amp#27;[32m&amp#27;[1m"salaiilayasuriyan@gmail.com"&amp#27;[0m&amp#27;[32m and &amp#27;[0m&amp#27;[32m&amp#27;[1m"October@1808"&amp#27;[0m                                                 &amp#27;[90m# com.omrbranch.stepdefinition.TC001_LoginSetup.userEntersAnd(java.lang.String,java.lang.String)&amp#27;[0m

    Embedding After Step Screenshot [image/png 808117 bytes]


    Embedding Before Step Screenshot [image/png 808029 bytes]

]]></system-out>
  </testcase>
  <testcase name="User should verify success message after login &quot;Welcome Salai&quot;" classname="com.omrbranch.runner.TestRunnerClass2" time="13.539">
    <error message="invalid session id: session deleted as the browser has closed the connection&#10;from disconnected: Unable to receive message from renderer&#10;  (Session info: chrome=149.0.7827.155)&#10;Build info: version: &apos;4.45.0&apos;, revision: &apos;cd6a3cd cd6a3cdfca6970f62e5bc8344109d0fe0e2af05e&apos;&#10;System info: os.name: &apos;Windows 11&apos;, os.arch: &apos;amd64&apos;, os.version: &apos;10.0&apos;, java.version: &apos;21.0.10&apos;&#10;Driver info: org.openqa.selenium.chrome.ChromeDriver&#10;Command: [effe00a101f4df2914c2f2ba1ca54b9a, findElement {value=//a[contains(text(),&apos;Welcome&apos;)], using=xpath}]&#10;Capabilities {acceptInsecureCerts: false, browserName: chrome, browserVersion: 149.0.7827.155, chrome: {chromedriverVersion: 149.0.7827.155 (07b52360cc1..., userDataDir: C:\Users\ksdev\AppData\Loca...}, fedcm:accounts: true, goog:chromeOptions: {debuggerAddress: localhost:54180}, goog:processID: 16260, networkConnectionEnabled: false, pageLoadStrategy: normal, platformName: windows, proxy: Proxy(), se:cdp: ws://localhost:54180/devtoo..., se:cdpVersion: 149.0.7827.155, setWindowRect: true, strictFileInteractability: false, timeouts: {implicit: 0, pageLoad: 300000, script: 30000}, unhandledPromptBehavior: dismiss and notify, webauthn:extension:credBlob: true, webauthn:extension:largeBlob: true, webauthn:extension:minPinLength: true, webauthn:extension:prf: true, webauthn:virtualAuthenticators: true}&#10;Session ID: effe00a101f4df2914c2f2ba1ca54b9a" type="org.openqa.selenium.NoSuchSessionException"><![CDATA[org.openqa.selenium.NoSuchSessionException: 
invalid session id: session deleted as the browser has closed the connection
from disconnected: Unable to receive message from renderer
  (Session info: chrome=149.0.7827.155)
Build info: version: '4.45.0', revision: 'cd6a3cd cd6a3cdfca6970f62e5bc8344109d0fe0e2af05e'
System info: os.name: 'Windows 11', os.arch: 'amd64', os.version: '10.0', java.version: '21.0.10'
Driver info: org.openqa.selenium.chrome.ChromeDriver
Command: [effe00a101f4df2914c2f2ba1ca54b9a, findElement {value=//a[contains(text(),'Welcome')], using=xpath}]
Capabilities {acceptInsecureCerts: false, browserName: chrome, browserVersion: 149.0.7827.155, chrome: {chromedriverVersion: 149.0.7827.155 (07b52360cc1..., userDataDir: C:\Users\ksdev\AppData\Loca...}, fedcm:accounts: true, goog:chromeOptions: {debuggerAddress: localhost:54180}, goog:processID: 16260, networkConnectionEnabled: false, pageLoadStrategy: normal, platformName: windows, proxy: Proxy(), se:cdp: ws://localhost:54180/devtoo..., se:cdpVersion: 149.0.7827.155, setWindowRect: true, strictFileInteractability: false, timeouts: {implicit: 0, pageLoad: 300000, script: 30000}, unhandledPromptBehavior: dismiss and notify, webauthn:extension:credBlob: true, webauthn:extension:largeBlob: true, webauthn:extension:minPinLength: true, webauthn:extension:prf: true, webauthn:virtualAuthenticators: true}
Session ID: effe00a101f4df2914c2f2ba1ca54b9a
	at org.openqa.selenium.remote.ErrorCodec.decode(ErrorCodec.java:169)
	at org.openqa.selenium.remote.codec.w3c.W3CHttpResponseCodec.decode(W3CHttpResponseCodec.java:143)
	at org.openqa.selenium.remote.codec.w3c.W3CHttpResponseCodec.decode(W3CHttpResponseCodec.java:50)
	at org.openqa.selenium.remote.HttpCommandExecutor.execute(HttpCommandExecutor.java:196)
	at org.openqa.selenium.remote.service.DriverCommandExecutor.invokeExecute(DriverCommandExecutor.java:217)
	at org.openqa.selenium.remote.service.DriverCommandExecutor.execute(DriverCommandExecutor.java:175)
	at org.openqa.selenium.remote.RemoteWebDriver.execute(RemoteWebDriver.java:575)
	at org.openqa.selenium.remote.ElementLocation$ElementFinder$2.findElement(ElementLocation.java:173)
	at org.openqa.selenium.remote.ElementLocation.findElement(ElementLocation.java:60)
	at org.openqa.selenium.remote.RemoteWebDriver.findElement(RemoteWebDriver.java:396)
	at org.openqa.selenium.remote.RemoteWebDriver.findElement(RemoteWebDriver.java:390)
	at org.openqa.selenium.support.pagefactory.DefaultElementLocator.findElement(DefaultElementLocator.java:69)
	at org.openqa.selenium.support.pagefactory.internal.LocatingElementHandler.invoke(LocatingElementHandler.java:38)
	at jdk.proxy2/jdk.proxy2.$Proxy24.getText(Unknown Source)
	at com.omrbranch.utility.BaseClass.getTextElement(BaseClass.java:218)
	at com.omrbranch.pages.ExploreHotelPage.getLoginSuccessMessageText(ExploreHotelPage.java:108)
	at com.omrbranch.stepdefinition.TC001_LoginSetup.userShouldVerifySuccessMessageAfterLogin(TC001_LoginSetup.java:25)
	at ✽.User should verify success message after login "Welcome Salai"(file:///C:/Users/ksdev/eclipse-workspace/OMRBranchHotelProject_Salai/src/test/resources/features/TC002_ExploreHotel.feature:9)
]]></error>
    <system-out><![CDATA[  &amp#27;[32mWhen &amp#27;[0m&amp#27;[32mUser enters &amp#27;[0m&amp#27;[32m&amp#27;[1m"salaiilayasuriyan@gmail.com"&amp#27;[0m&amp#27;[32m and &amp#27;[0m&amp#27;[32m&amp#27;[1m"October@1808"&amp#27;[0m                                                 &amp#27;[90m# com.omrbranch.stepdefinition.TC001_LoginSetup.userEntersAnd(java.lang.String,java.lang.String)&amp#27;[0m

    Embedding After Step Screenshot [image/png 808027 bytes]


    Embedding Before Step Screenshot [image/png 808027 bytes]

]]></system-out>
  </testcase>
  <testcase name="User search hotel &quot;Tamil Nadu&quot;, &quot;Chennai&quot;, &quot;Suite&quot;, &quot;25-05-2026&quot;, &quot;26-05-2026&quot;, &quot;1-One&quot;, &quot;2-Two&quot; and &quot;1-One&quot;" classname="com.omrbranch.runner.TestRunnerClass2" time="8.931">
    <system-out><![CDATA[  &amp#27;[32mThen &amp#27;[0m&amp#27;[32mUser should verify success message after login &amp#27;[0m&amp#27;[32m&amp#27;[1m"Welcome Salai"&amp#27;[0m                                               &amp#27;[90m# com.omrbranch.stepdefinition.TC001_LoginSetup.userShouldVerifySuccessMessageAfterLogin(java.lang.String)&amp#27;[0m

    Embedding After Step Screenshot [image/png 703609 bytes]


    Embedding Before Step Screenshot [image/png 703609 bytes]

]]></system-out>
  </testcase>
  <testcase name="User search hotel &quot;Tamil Nadu&quot;, &quot;Chennai&quot;, &quot;Suite&quot;, &quot;25-05-2026&quot;, &quot;26-05-2026&quot;, &quot;1-One&quot;, &quot;2-Two&quot; and &quot;1-One&quot;" classname="com.omrbranch.runner.TestRunnerClass2" time="0.0">
    <skipped type="io.cucumber.junit.SkippedThrowable"><![CDATA[io.cucumber.junit.SkippedThrowable: This step is skipped
]]></skipped>
    <system-out><![CDATA[  &amp#27;[36mThen &amp#27;[0m&amp#27;[36mUser should verify success message after login &amp#27;[0m&amp#27;[36m&amp#27;[1m"Welcome Salai"&amp#27;[0m                                               &amp#27;[90m# com.omrbranch.stepdefinition.TC001_LoginSetup.userShouldVerifySuccessMessageAfterLogin(java.lang.String)&amp#27;[0m
]]></system-out>
  </testcase>
  <testcase name="User search hotel &quot;Tamil Nadu&quot;, &quot;Chennai&quot;, &quot;Suite&quot;, &quot;25-05-2026&quot;, &quot;26-05-2026&quot;, &quot;1-One&quot;, &quot;2-Two&quot; and &quot;1-One&quot;" classname="com.omrbranch.runner.TestRunnerClass2" time="0.0">
    <skipped type="io.cucumber.junit.SkippedThrowable"><![CDATA[io.cucumber.junit.SkippedThrowable: This step is skipped
]]></skipped>
    <system-out><![CDATA[  &amp#27;[36mThen &amp#27;[0m&amp#27;[36mUser should verify success message after login &amp#27;[0m&amp#27;[36m&amp#27;[1m"Welcome Salai"&amp#27;[0m                                               &amp#27;[90m# com.omrbranch.stepdefinition.TC001_LoginSetup.userShouldVerifySuccessMessageAfterLogin(java.lang.String)&amp#27;[0m
]]></system-out>
  </testcase>
  <testcase name="User search hotel &quot;Tamil Nadu&quot;, &quot;Chennai&quot;, &quot;Suite&quot;, &quot;25-05-2026&quot;, &quot;26-05-2026&quot;, &quot;1-One&quot;, &quot;2-Two&quot; and &quot;1-One&quot;" classname="com.omrbranch.runner.TestRunnerClass2" time="4.404">
    <system-out><![CDATA[  &amp#27;[32mThen &amp#27;[0m&amp#27;[32mUser should verify success message after login &amp#27;[0m&amp#27;[32m&amp#27;[1m"Welcome Salai"&amp#27;[0m                                               &amp#27;[90m# com.omrbranch.stepdefinition.TC001_LoginSetup.userShouldVerifySuccessMessageAfterLogin(java.lang.String)&amp#27;[0m

    Embedding After Step Screenshot [image/png 703609 bytes]


    Embedding Before Step Screenshot [image/png 703609 bytes]

]]></system-out>
  </testcase>
  <testcase name="User search hotel &quot;Tamil Nadu&quot;, &quot;Chennai&quot;, &quot;Suite&quot;, &quot;25-05-2026&quot;, &quot;26-05-2026&quot;, &quot;1-One&quot;, &quot;2-Two&quot; and &quot;1-One&quot;" classname="com.omrbranch.runner.TestRunnerClass2" time="0.0">
    <skipped type="io.cucumber.junit.SkippedThrowable"><![CDATA[io.cucumber.junit.SkippedThrowable: This step is skipped
]]></skipped>
    <system-out><![CDATA[  &amp#27;[31mThen &amp#27;[0m&amp#27;[31mUser should verify success message after login &amp#27;[0m&amp#27;[31m&amp#27;[1m"Welcome Salai"&amp#27;[0m                                               &amp#27;[90m# com.omrbranch.stepdefinition.TC001_LoginSetup.userShouldVerifySuccessMessageAfterLogin(java.lang.String)&amp#27;[0m
      &amp#27;[31morg.openqa.selenium.NoSuchSessionException: invalid session id: session deleted as the browser has closed the connection
      from disconnected: Unable to receive message from renderer
        (Session info: chrome=149.0.7827.155)
      Build info: version: '4.45.0', revision: 'cd6a3cd cd6a3cdfca6970f62e5bc8344109d0fe0e2af05e'
      System info: os.name: 'Windows 11', os.arch: 'amd64', os.version: '10.0', java.version: '21.0.10'
      Driver info: org.openqa.selenium.chrome.ChromeDriver
      Command: [effe00a101f4df2914c2f2ba1ca54b9a, findElement {value=//a[contains(text(),'Welcome')], using=xpath}]
      Capabilities {acceptInsecureCerts: false, browserName: chrome, browserVersion: 149.0.7827.155, chrome: {chromedriverVersion: 149.0.7827.155 (07b52360cc1..., userDataDir: C:\Users\ksdev\AppData\Loca...}, fedcm:accounts: true, goog:chromeOptions: {debuggerAddress: localhost:54180}, goog:processID: 16260, networkConnectionEnabled: false, pageLoadStrategy: normal, platformName: windows, proxy: Proxy(), se:cdp: ws://localhost:54180/devtoo..., se:cdpVersion: 149.0.7827.155, setWindowRect: true, strictFileInteractability: false, timeouts: {implicit: 0, pageLoad: 300000, script: 30000}, unhandledPromptBehavior: dismiss and notify, webauthn:extension:credBlob: true, webauthn:extension:largeBlob: true, webauthn:extension:minPinLength: true, webauthn:extension:prf: true, webauthn:virtualAuthenticators: true}
      Session ID: effe00a101f4df2914c2f2ba1ca54b9a
      	at org.openqa.selenium.remote.ErrorCodec.decode(ErrorCodec.java:169)
      	at org.openqa.selenium.remote.codec.w3c.W3CHttpResponseCodec.decode(W3CHttpResponseCodec.java:143)
      	at org.openqa.selenium.remote.codec.w3c.W3CHttpResponseCodec.decode(W3CHttpResponseCodec.java:50)
      	at org.openqa.selenium.remote.HttpCommandExecutor.execute(HttpCommandExecutor.java:196)
      	at org.openqa.selenium.remote.service.DriverCommandExecutor.invokeExecute(DriverCommandExecutor.java:217)
      	at org.openqa.selenium.remote.service.DriverCommandExecutor.execute(DriverCommandExecutor.java:175)
      	at org.openqa.selenium.remote.RemoteWebDriver.execute(RemoteWebDriver.java:575)
      	at org.openqa.selenium.remote.ElementLocation$ElementFinder$2.findElement(ElementLocation.java:173)
      	at org.openqa.selenium.remote.ElementLocation.findElement(ElementLocation.java:60)
      	at org.openqa.selenium.remote.RemoteWebDriver.findElement(RemoteWebDriver.java:396)
      	at org.openqa.selenium.remote.RemoteWebDriver.findElement(RemoteWebDriver.java:390)
      	at org.openqa.selenium.support.pagefactory.DefaultElementLocator.findElement(DefaultElementLocator.java:69)
      	at org.openqa.selenium.support.pagefactory.internal.LocatingElementHandler.invoke(LocatingElementHandler.java:38)
      	at jdk.proxy2/jdk.proxy2.$Proxy24.getText(Unknown Source)
      	at com.omrbranch.utility.BaseClass.getTextElement(BaseClass.java:218)
      	at com.omrbranch.pages.ExploreHotelPage.getLoginSuccessMessageText(ExploreHotelPage.java:108)
      	at com.omrbranch.stepdefinition.TC001_LoginSetup.userShouldVerifySuccessMessageAfterLogin(TC001_LoginSetup.java:25)
      	at ✽.User should verify success message after login "Welcome Salai"(file:///C:/Users/ksdev/eclipse-workspace/OMRBranchHotelProject_Salai/src/test/resources/features/TC002_ExploreHotel.feature:9)&amp#27;[0m
      &amp#27;[31morg.openqa.selenium.NoSuchSessionException: invalid session id
      Build info: version: '4.45.0', revision: 'cd6a3cd cd6a3cdfca6970f62e5bc8344109d0fe0e2af05e'
      System info: os.name: 'Windows 11', os.arch: 'amd64', os.version: '10.0', java.version: '21.0.10'
      Driver info: org.openqa.selenium.chrome.ChromeDriver
      Command: [effe00a101f4df2914c2f2ba1ca54b9a, screenshot {}]
      Capabilities {acceptInsecureCerts: false, browserName: chrome, browserVersion: 149.0.7827.155, chrome: {chromedriverVersion: 149.0.7827.155 (07b52360cc1..., userDataDir: C:\Users\ksdev\AppData\Loca...}, fedcm:accounts: true, goog:chromeOptions: {debuggerAddress: localhost:54180}, goog:processID: 16260, networkConnectionEnabled: false, pageLoadStrategy: normal, platformName: windows, proxy: Proxy(), se:cdp: ws://localhost:54180/devtoo..., se:cdpVersion: 149.0.7827.155, setWindowRect: true, strictFileInteractability: false, timeouts: {implicit: 0, pageLoad: 300000, script: 30000}, unhandledPromptBehavior: dismiss and notify, webauthn:extension:credBlob: true, webauthn:extension:largeBlob: true, webauthn:extension:minPinLength: true, webauthn:extension:prf: true, webauthn:virtualAuthenticators: true}
      Session ID: effe00a101f4df2914c2f2ba1ca54b9a
      	at org.openqa.selenium.remote.ErrorCodec.decode(ErrorCodec.java:169)
      	at org.openqa.selenium.remote.codec.w3c.W3CHttpResponseCodec.decode(W3CHttpResponseCodec.java:143)
      	at org.openqa.selenium.remote.codec.w3c.W3CHttpResponseCodec.decode(W3CHttpResponseCodec.java:50)
      	at org.openqa.selenium.remote.HttpCommandExecutor.execute(HttpCommandExecutor.java:196)
      	at org.openqa.selenium.remote.service.DriverCommandExecutor.invokeExecute(DriverCommandExecutor.java:217)
      	at org.openqa.selenium.remote.service.DriverCommandExecutor.execute(DriverCommandExecutor.java:175)
      	at org.openqa.selenium.remote.RemoteWebDriver.execute(RemoteWebDriver.java:575)
      	at org.openqa.selenium.remote.RemoteWebDriver.execute(RemoteWebDriver.java:657)
      	at org.openqa.selenium.remote.RemoteWebDriver.execute(RemoteWebDriver.java:661)
      	at org.openqa.selenium.remote.RemoteWebDriver.getScreenshotAs(RemoteWebDriver.java:362)
      	at com.omrbranch.utility.BaseClass.screenshot(BaseClass.java:36)
      	at com.omrbranch.hooks.HooksClass.afterEachStep(HooksClass.java:45)&amp#27;[0m
]]></system-out>
  </testcase>
  <testcase name="User should verify after search hotel success message &quot;Select Hotel&quot;" classname="com.omrbranch.runner.TestRunnerClass2" time="30.071">
    <error message="no such element: Unable to locate element: {&quot;method&quot;:&quot;xpath&quot;,&quot;selector&quot;:&quot;//h5[text()=&apos;Select Hotel&apos;]&quot;}&#10;  (Session info: chrome=149.0.7827.155)&#10;For documentation on this error, please visit: https://www.selenium.dev/documentation/webdriver/troubleshooting/errors#nosuchelementexception&#10;Build info: version: &apos;4.45.0&apos;, revision: &apos;cd6a3cd cd6a3cdfca6970f62e5bc8344109d0fe0e2af05e&apos;&#10;System info: os.name: &apos;Windows 11&apos;, os.arch: &apos;amd64&apos;, os.version: &apos;10.0&apos;, java.version: &apos;21.0.10&apos;&#10;Driver info: org.openqa.selenium.chrome.ChromeDriver&#10;Command: [8ecfc33ad9151843dd900cd3d8971e86, findElement {value=//h5[text()=&apos;Select Hotel&apos;], using=xpath}]&#10;Capabilities {acceptInsecureCerts: false, browserName: chrome, browserVersion: 149.0.7827.155, chrome: {chromedriverVersion: 149.0.7827.155 (07b52360cc1..., userDataDir: C:\Users\ksdev\AppData\Loca...}, fedcm:accounts: true, goog:chromeOptions: {debuggerAddress: localhost:63065}, goog:processID: 9868, networkConnectionEnabled: false, pageLoadStrategy: normal, platformName: windows, proxy: Proxy(), se:cdp: ws://localhost:63065/devtoo..., se:cdpVersion: 149.0.7827.155, setWindowRect: true, strictFileInteractability: false, timeouts: {implicit: 0, pageLoad: 300000, script: 30000}, unhandledPromptBehavior: dismiss and notify, webauthn:extension:credBlob: true, webauthn:extension:largeBlob: true, webauthn:extension:minPinLength: true, webauthn:extension:prf: true, webauthn:virtualAuthenticators: true}&#10;Session ID: 8ecfc33ad9151843dd900cd3d8971e86" type="org.openqa.selenium.NoSuchElementException"><![CDATA[org.openqa.selenium.NoSuchElementException: 
no such element: Unable to locate element: {"method":"xpath","selector":"//h5[text()='Select Hotel']"}
  (Session info: chrome=149.0.7827.155)
For documentation on this error, please visit: https://www.selenium.dev/documentation/webdriver/troubleshooting/errors#nosuchelementexception
Build info: version: '4.45.0', revision: 'cd6a3cd cd6a3cdfca6970f62e5bc8344109d0fe0e2af05e'
System info: os.name: 'Windows 11', os.arch: 'amd64', os.version: '10.0', java.version: '21.0.10'
Driver info: org.openqa.selenium.chrome.ChromeDriver
Command: [8ecfc33ad9151843dd900cd3d8971e86, findElement {value=//h5[text()='Select Hotel'], using=xpath}]
Capabilities {acceptInsecureCerts: false, browserName: chrome, browserVersion: 149.0.7827.155, chrome: {chromedriverVersion: 149.0.7827.155 (07b52360cc1..., userDataDir: C:\Users\ksdev\AppData\Loca...}, fedcm:accounts: true, goog:chromeOptions: {debuggerAddress: localhost:63065}, goog:processID: 9868, networkConnectionEnabled: false, pageLoadStrategy: normal, platformName: windows, proxy: Proxy(), se:cdp: ws://localhost:63065/devtoo..., se:cdpVersion: 149.0.7827.155, setWindowRect: true, strictFileInteractability: false, timeouts: {implicit: 0, pageLoad: 300000, script: 30000}, unhandledPromptBehavior: dismiss and notify, webauthn:extension:credBlob: true, webauthn:extension:largeBlob: true, webauthn:extension:minPinLength: true, webauthn:extension:prf: true, webauthn:virtualAuthenticators: true}
Session ID: 8ecfc33ad9151843dd900cd3d8971e86
	at org.openqa.selenium.remote.ErrorCodec.decode(ErrorCodec.java:169)
	at org.openqa.selenium.remote.codec.w3c.W3CHttpResponseCodec.decode(W3CHttpResponseCodec.java:143)
	at org.openqa.selenium.remote.codec.w3c.W3CHttpResponseCodec.decode(W3CHttpResponseCodec.java:50)
	at org.openqa.selenium.remote.HttpCommandExecutor.execute(HttpCommandExecutor.java:196)
	at org.openqa.selenium.remote.service.DriverCommandExecutor.invokeExecute(DriverCommandExecutor.java:217)
	at org.openqa.selenium.remote.service.DriverCommandExecutor.execute(DriverCommandExecutor.java:175)
	at org.openqa.selenium.remote.RemoteWebDriver.execute(RemoteWebDriver.java:575)
	at org.openqa.selenium.remote.ElementLocation$ElementFinder$2.findElement(ElementLocation.java:173)
	at org.openqa.selenium.remote.ElementLocation.findElement(ElementLocation.java:60)
	at org.openqa.selenium.remote.RemoteWebDriver.findElement(RemoteWebDriver.java:396)
	at org.openqa.selenium.remote.RemoteWebDriver.findElement(RemoteWebDriver.java:390)
	at org.openqa.selenium.support.pagefactory.DefaultElementLocator.findElement(DefaultElementLocator.java:69)
	at org.openqa.selenium.support.pagefactory.internal.LocatingElementHandler.invoke(LocatingElementHandler.java:38)
	at jdk.proxy2/jdk.proxy2.$Proxy24.getText(Unknown Source)
	at com.omrbranch.utility.BaseClass.getTextElement(BaseClass.java:218)
	at com.omrbranch.pages.SelectHotelPage.selectHotelMsg(SelectHotelPage.java:27)
	at com.omrbranch.stepdefinition.TC002_ExploreHotelStep.userShouldVerifyAfterSearchHotelSuccessMessage(TC002_ExploreHotelStep.java:53)
	at ✽.User should verify after search hotel success message "Select Hotel"(file:///C:/Users/ksdev/eclipse-workspace/OMRBranchHotelProject_Salai/src/test/resources/features/TC002_ExploreHotel.feature:13)
]]></error>
    <system-out><![CDATA[  &amp#27;[32mWhen &amp#27;[0m&amp#27;[32mUser search hotel &amp#27;[0m&amp#27;[32m&amp#27;[1m"Tamil Nadu"&amp#27;[0m&amp#27;[32m, &amp#27;[0m&amp#27;[32m&amp#27;[1m"Chennai"&amp#27;[0m&amp#27;[32m, &amp#27;[0m&amp#27;[32m&amp#27;[1m"Suite"&amp#27;[0m&amp#27;[32m, &amp#27;[0m&amp#27;[32m&amp#27;[1m"25-05-2026"&amp#27;[0m&amp#27;[32m, &amp#27;[0m&amp#27;[32m&amp#27;[1m"26-05-2026"&amp#27;[0m&amp#27;[32m, &amp#27;[0m&amp#27;[32m&amp#27;[1m"1-One"&amp#27;[0m&amp#27;[32m, &amp#27;[0m&amp#27;[32m&amp#27;[1m"2-Two"&amp#27;[0m&amp#27;[32m and &amp#27;[0m&amp#27;[32m&amp#27;[1m"1-One"&amp#27;[0m &amp#27;[90m# com.omrbranch.stepdefinition.TC002_ExploreHotelStep.userSearchHotelAnd(java.lang.String,java.lang.String,java.lang.String,java.lang.String,java.lang.String,java.lang.String,java.lang.String,java.lang.String)&amp#27;[0m

    Embedding After Step Screenshot [image/png 680698 bytes]


    Embedding Before Step Screenshot [image/png 680698 bytes]

]]></system-out>
  </testcase>
  <testcase name="User should verify after search hotel success message &quot;Select Hotel&quot;" classname="com.omrbranch.runner.TestRunnerClass2" time="0.048">
    <system-out><![CDATA[  &amp#27;[32mWhen &amp#27;[0m&amp#27;[32mUser search hotel &amp#27;[0m&amp#27;[32m&amp#27;[1m"Tamil Nadu"&amp#27;[0m&amp#27;[32m, &amp#27;[0m&amp#27;[32m&amp#27;[1m"Chennai"&amp#27;[0m&amp#27;[32m, &amp#27;[0m&amp#27;[32m&amp#27;[1m"25-05-2026"&amp#27;[0m&amp#27;[32m, &amp#27;[0m&amp#27;[32m&amp#27;[1m"26-05-2026"&amp#27;[0m&amp#27;[32m, &amp#27;[0m&amp#27;[32m&amp#27;[1m"1-One"&amp#27;[0m&amp#27;[32m and &amp#27;[0m&amp#27;[32m&amp#27;[1m"2-Two"&amp#27;[0m &amp#27;[90m# com.omrbranch.stepdefinition.TC002_ExploreHotelStep.userSearchHotelAnd(java.lang.String,java.lang.String,java.lang.String,java.lang.String,java.lang.String,java.lang.String)&amp#27;[0m

    Embedding After Step Screenshot [image/png 76927 bytes]


    Embedding Before Step Screenshot [image/png 76927 bytes]

]]></system-out>
  </testcase>
  <testcase name="User should verify after search hotel success message &quot;Select Hotel&quot;" classname="com.omrbranch.runner.TestRunnerClass2" time="0.0">
    <skipped type="io.cucumber.junit.SkippedThrowable"><![CDATA[io.cucumber.junit.SkippedThrowable: This step is skipped
]]></skipped>
    <system-out><![CDATA[  &amp#27;[36mWhen &amp#27;[0m&amp#27;[36mUser search hotel &amp#27;[0m&amp#27;[36m&amp#27;[1m"Tamil Nadu"&amp#27;[0m&amp#27;[36m, &amp#27;[0m&amp#27;[36m&amp#27;[1m"Chennai"&amp#27;[0m&amp#27;[36m, &amp#27;[0m&amp#27;[36m&amp#27;[1m"Suite"&amp#27;[0m&amp#27;[36m, &amp#27;[0m&amp#27;[36m&amp#27;[1m"25-05-2026"&amp#27;[0m&amp#27;[36m, &amp#27;[0m&amp#27;[36m&amp#27;[1m"26-05-2026"&amp#27;[0m&amp#27;[36m, &amp#27;[0m&amp#27;[36m&amp#27;[1m"1-One"&amp#27;[0m&amp#27;[36m, &amp#27;[0m&amp#27;[36m&amp#27;[1m"2-Two"&amp#27;[0m&amp#27;[36m and &amp#27;[0m&amp#27;[36m&amp#27;[1m"1-One"&amp#27;[0m &amp#27;[90m# com.omrbranch.stepdefinition.TC002_ExploreHotelStep.userSearchHotelAnd(java.lang.String,java.lang.String,java.lang.String,java.lang.String,java.lang.String,java.lang.String,java.lang.String,java.lang.String)&amp#27;[0m
]]></system-out>
  </testcase>
  <testcase name="User should verify after search hotel success message &quot;Select Hotel&quot;" classname="com.omrbranch.runner.TestRunnerClass2" time="0.0">
    <skipped type="io.cucumber.junit.SkippedThrowable"><![CDATA[io.cucumber.junit.SkippedThrowable: This step is skipped
]]></skipped>
    <system-out><![CDATA[  &amp#27;[36mWhen &amp#27;[0m&amp#27;[36mUser search hotel &amp#27;[0m&amp#27;[36m&amp#27;[1m"Tamil Nadu"&amp#27;[0m&amp#27;[36m, &amp#27;[0m&amp#27;[36m&amp#27;[1m"Chennai"&amp#27;[0m&amp#27;[36m, &amp#27;[0m&amp#27;[36m&amp#27;[1m"Suite"&amp#27;[0m&amp#27;[36m, &amp#27;[0m&amp#27;[36m&amp#27;[1m"25-05-2026"&amp#27;[0m&amp#27;[36m, &amp#27;[0m&amp#27;[36m&amp#27;[1m"26-05-2026"&amp#27;[0m&amp#27;[36m, &amp#27;[0m&amp#27;[36m&amp#27;[1m"1-One"&amp#27;[0m&amp#27;[36m, &amp#27;[0m&amp#27;[36m&amp#27;[1m"2-Two"&amp#27;[0m&amp#27;[36m and &amp#27;[0m&amp#27;[36m&amp#27;[1m"1-One"&amp#27;[0m &amp#27;[90m# com.omrbranch.stepdefinition.TC002_ExploreHotelStep.userSearchHotelAnd(java.lang.String,java.lang.String,java.lang.String,java.lang.String,java.lang.String,java.lang.String,java.lang.String,java.lang.String)&amp#27;[0m
]]></system-out>
  </testcase>
  <testcase name="User should verify after search hotel success message &quot;Select Hotel&quot;" classname="com.omrbranch.runner.TestRunnerClass2" time="3.817">
    <error message="invalid session id: session deleted as the browser has closed the connection&#10;from disconnected: unable to send message to renderer&#10;  (Session info: chrome=149.0.7827.155)&#10;Build info: version: &apos;4.45.0&apos;, revision: &apos;cd6a3cd cd6a3cdfca6970f62e5bc8344109d0fe0e2af05e&apos;&#10;System info: os.name: &apos;Windows 11&apos;, os.arch: &apos;amd64&apos;, os.version: &apos;10.0&apos;, java.version: &apos;21.0.10&apos;&#10;Driver info: org.openqa.selenium.chrome.ChromeDriver&#10;Command: [5371a3c60c427ef585e8b8f6bafe8ce3, findElement {value=//h5[text()=&apos;Select Hotel&apos;], using=xpath}]&#10;Capabilities {acceptInsecureCerts: false, browserName: chrome, browserVersion: 149.0.7827.155, chrome: {chromedriverVersion: 149.0.7827.155 (07b52360cc1..., userDataDir: C:\Users\ksdev\AppData\Loca...}, fedcm:accounts: true, goog:chromeOptions: {debuggerAddress: localhost:56262}, goog:processID: 4504, networkConnectionEnabled: false, pageLoadStrategy: normal, platformName: windows, proxy: Proxy(), se:cdp: ws://localhost:56262/devtoo..., se:cdpVersion: 149.0.7827.155, setWindowRect: true, strictFileInteractability: false, timeouts: {implicit: 0, pageLoad: 300000, script: 30000}, unhandledPromptBehavior: dismiss and notify, webauthn:extension:credBlob: true, webauthn:extension:largeBlob: true, webauthn:extension:minPinLength: true, webauthn:extension:prf: true, webauthn:virtualAuthenticators: true}&#10;Session ID: 5371a3c60c427ef585e8b8f6bafe8ce3" type="org.openqa.selenium.NoSuchSessionException"><![CDATA[org.openqa.selenium.NoSuchSessionException: 
invalid session id: session deleted as the browser has closed the connection
from disconnected: unable to send message to renderer
  (Session info: chrome=149.0.7827.155)
Build info: version: '4.45.0', revision: 'cd6a3cd cd6a3cdfca6970f62e5bc8344109d0fe0e2af05e'
System info: os.name: 'Windows 11', os.arch: 'amd64', os.version: '10.0', java.version: '21.0.10'
Driver info: org.openqa.selenium.chrome.ChromeDriver
Command: [5371a3c60c427ef585e8b8f6bafe8ce3, findElement {value=//h5[text()='Select Hotel'], using=xpath}]
Capabilities {acceptInsecureCerts: false, browserName: chrome, browserVersion: 149.0.7827.155, chrome: {chromedriverVersion: 149.0.7827.155 (07b52360cc1..., userDataDir: C:\Users\ksdev\AppData\Loca...}, fedcm:accounts: true, goog:chromeOptions: {debuggerAddress: localhost:56262}, goog:processID: 4504, networkConnectionEnabled: false, pageLoadStrategy: normal, platformName: windows, proxy: Proxy(), se:cdp: ws://localhost:56262/devtoo..., se:cdpVersion: 149.0.7827.155, setWindowRect: true, strictFileInteractability: false, timeouts: {implicit: 0, pageLoad: 300000, script: 30000}, unhandledPromptBehavior: dismiss and notify, webauthn:extension:credBlob: true, webauthn:extension:largeBlob: true, webauthn:extension:minPinLength: true, webauthn:extension:prf: true, webauthn:virtualAuthenticators: true}
Session ID: 5371a3c60c427ef585e8b8f6bafe8ce3
	at org.openqa.selenium.remote.ErrorCodec.decode(ErrorCodec.java:169)
	at org.openqa.selenium.remote.codec.w3c.W3CHttpResponseCodec.decode(W3CHttpResponseCodec.java:143)
	at org.openqa.selenium.remote.codec.w3c.W3CHttpResponseCodec.decode(W3CHttpResponseCodec.java:50)
	at org.openqa.selenium.remote.HttpCommandExecutor.execute(HttpCommandExecutor.java:196)
	at org.openqa.selenium.remote.service.DriverCommandExecutor.invokeExecute(DriverCommandExecutor.java:217)
	at org.openqa.selenium.remote.service.DriverCommandExecutor.execute(DriverCommandExecutor.java:175)
	at org.openqa.selenium.remote.RemoteWebDriver.execute(RemoteWebDriver.java:575)
	at org.openqa.selenium.remote.ElementLocation$ElementFinder$2.findElement(ElementLocation.java:173)
	at org.openqa.selenium.remote.ElementLocation.findElement(ElementLocation.java:60)
	at org.openqa.selenium.remote.RemoteWebDriver.findElement(RemoteWebDriver.java:396)
	at org.openqa.selenium.remote.RemoteWebDriver.findElement(RemoteWebDriver.java:390)
	at org.openqa.selenium.support.pagefactory.DefaultElementLocator.findElement(DefaultElementLocator.java:69)
	at org.openqa.selenium.support.pagefactory.internal.LocatingElementHandler.invoke(LocatingElementHandler.java:38)
	at jdk.proxy2/jdk.proxy2.$Proxy24.getText(Unknown Source)
	at com.omrbranch.utility.BaseClass.getTextElement(BaseClass.java:218)
	at com.omrbranch.pages.SelectHotelPage.selectHotelMsg(SelectHotelPage.java:27)
	at com.omrbranch.stepdefinition.TC002_ExploreHotelStep.userShouldVerifyAfterSearchHotelSuccessMessage(TC002_ExploreHotelStep.java:53)
	at ✽.User should verify after search hotel success message "Select Hotel"(file:///C:/Users/ksdev/eclipse-workspace/OMRBranchHotelProject_Salai/src/test/resources/features/TC002_ExploreHotel.feature:53)
]]></error>
    <system-out><![CDATA[  &amp#27;[32mWhen &amp#27;[0m&amp#27;[32mUser search hotel &amp#27;[0m&amp#27;[32m&amp#27;[1m"Tamil Nadu"&amp#27;[0m&amp#27;[32m, &amp#27;[0m&amp#27;[32m&amp#27;[1m"Chennai"&amp#27;[0m&amp#27;[32m, &amp#27;[0m&amp#27;[32m&amp#27;[1m"Suite"&amp#27;[0m&amp#27;[32m, &amp#27;[0m&amp#27;[32m&amp#27;[1m"25-05-2026"&amp#27;[0m&amp#27;[32m, &amp#27;[0m&amp#27;[32m&amp#27;[1m"26-05-2026"&amp#27;[0m&amp#27;[32m, &amp#27;[0m&amp#27;[32m&amp#27;[1m"1-One"&amp#27;[0m&amp#27;[32m, &amp#27;[0m&amp#27;[32m&amp#27;[1m"2-Two"&amp#27;[0m&amp#27;[32m and &amp#27;[0m&amp#27;[32m&amp#27;[1m"1-One"&amp#27;[0m &amp#27;[90m# com.omrbranch.stepdefinition.TC002_ExploreHotelStep.userSearchHotelAnd(java.lang.String,java.lang.String,java.lang.String,java.lang.String,java.lang.String,java.lang.String,java.lang.String,java.lang.String)&amp#27;[0m

    Embedding After Step Screenshot [image/png 680698 bytes]


    Embedding Before Step Screenshot [image/png 680698 bytes]

]]></system-out>
  </testcase>
  <testcase name="User should verify after search hotel success message &quot;Select Hotel&quot;" classname="com.omrbranch.runner.TestRunnerClass2" time="0.0">
    <skipped type="io.cucumber.junit.SkippedThrowable"><![CDATA[io.cucumber.junit.SkippedThrowable: This step is skipped
]]></skipped>
    <system-out><![CDATA[  &amp#27;[36mWhen &amp#27;[0m&amp#27;[36mUser search hotel &amp#27;[0m&amp#27;[36m&amp#27;[1m"Tamil Nadu"&amp#27;[0m&amp#27;[36m, &amp#27;[0m&amp#27;[36m&amp#27;[1m"Chennai"&amp#27;[0m&amp#27;[36m, &amp#27;[0m&amp#27;[36m&amp#27;[1m"Suite"&amp#27;[0m&amp#27;[36m, &amp#27;[0m&amp#27;[36m&amp#27;[1m"25-05-2026"&amp#27;[0m&amp#27;[36m, &amp#27;[0m&amp#27;[36m&amp#27;[1m"26-05-2026"&amp#27;[0m&amp#27;[36m, &amp#27;[0m&amp#27;[36m&amp#27;[1m"1-One"&amp#27;[0m&amp#27;[36m, &amp#27;[0m&amp#27;[36m&amp#27;[1m"2-Two"&amp#27;[0m&amp#27;[36m and &amp#27;[0m&amp#27;[36m&amp#27;[1m"1-One"&amp#27;[0m &amp#27;[90m# com.omrbranch.stepdefinition.TC002_ExploreHotelStep.userSearchHotelAnd(java.lang.String,java.lang.String,java.lang.String,java.lang.String,java.lang.String,java.lang.String,java.lang.String,java.lang.String)&amp#27;[0m
]]></system-out>
  </testcase>
  <testcase name="Verify search hotels with all fields" classname="OMR Branch Hotel Search Functionality" time="31.088">
    <error message="no such element: Unable to locate element: {&quot;method&quot;:&quot;xpath&quot;,&quot;selector&quot;:&quot;//h5[text()=&apos;Select Hotel&apos;]&quot;}&#10;  (Session info: chrome=149.0.7827.155)&#10;For documentation on this error, please visit: https://www.selenium.dev/documentation/webdriver/troubleshooting/errors#nosuchelementexception&#10;Build info: version: &apos;4.45.0&apos;, revision: &apos;cd6a3cd cd6a3cdfca6970f62e5bc8344109d0fe0e2af05e&apos;&#10;System info: os.name: &apos;Windows 11&apos;, os.arch: &apos;amd64&apos;, os.version: &apos;10.0&apos;, java.version: &apos;21.0.10&apos;&#10;Driver info: org.openqa.selenium.chrome.ChromeDriver&#10;Command: [8ecfc33ad9151843dd900cd3d8971e86, findElement {value=//h5[text()=&apos;Select Hotel&apos;], using=xpath}]&#10;Capabilities {acceptInsecureCerts: false, browserName: chrome, browserVersion: 149.0.7827.155, chrome: {chromedriverVersion: 149.0.7827.155 (07b52360cc1..., userDataDir: C:\Users\ksdev\AppData\Loca...}, fedcm:accounts: true, goog:chromeOptions: {debuggerAddress: localhost:63065}, goog:processID: 9868, networkConnectionEnabled: false, pageLoadStrategy: normal, platformName: windows, proxy: Proxy(), se:cdp: ws://localhost:63065/devtoo..., se:cdpVersion: 149.0.7827.155, setWindowRect: true, strictFileInteractability: false, timeouts: {implicit: 0, pageLoad: 300000, script: 30000}, unhandledPromptBehavior: dismiss and notify, webauthn:extension:credBlob: true, webauthn:extension:largeBlob: true, webauthn:extension:minPinLength: true, webauthn:extension:prf: true, webauthn:virtualAuthenticators: true}&#10;Session ID: 8ecfc33ad9151843dd900cd3d8971e86" type="org.openqa.selenium.NoSuchElementException"><![CDATA[org.openqa.selenium.NoSuchElementException: 
no such element: Unable to locate element: {"method":"xpath","selector":"//h5[text()='Select Hotel']"}
  (Session info: chrome=149.0.7827.155)
For documentation on this error, please visit: https://www.selenium.dev/documentation/webdriver/troubleshooting/errors#nosuchelementexception
Build info: version: '4.45.0', revision: 'cd6a3cd cd6a3cdfca6970f62e5bc8344109d0fe0e2af05e'
System info: os.name: 'Windows 11', os.arch: 'amd64', os.version: '10.0', java.version: '21.0.10'
Driver info: org.openqa.selenium.chrome.ChromeDriver
Command: [8ecfc33ad9151843dd900cd3d8971e86, findElement {value=//h5[text()='Select Hotel'], using=xpath}]
Capabilities {acceptInsecureCerts: false, browserName: chrome, browserVersion: 149.0.7827.155, chrome: {chromedriverVersion: 149.0.7827.155 (07b52360cc1..., userDataDir: C:\Users\ksdev\AppData\Loca...}, fedcm:accounts: true, goog:chromeOptions: {debuggerAddress: localhost:63065}, goog:processID: 9868, networkConnectionEnabled: false, pageLoadStrategy: normal, platformName: windows, proxy: Proxy(), se:cdp: ws://localhost:63065/devtoo..., se:cdpVersion: 149.0.7827.155, setWindowRect: true, strictFileInteractability: false, timeouts: {implicit: 0, pageLoad: 300000, script: 30000}, unhandledPromptBehavior: dismiss and notify, webauthn:extension:credBlob: true, webauthn:extension:largeBlob: true, webauthn:extension:minPinLength: true, webauthn:extension:prf: true, webauthn:virtualAuthenticators: true}
Session ID: 8ecfc33ad9151843dd900cd3d8971e86
	at org.openqa.selenium.remote.ErrorCodec.decode(ErrorCodec.java:169)
	at org.openqa.selenium.remote.codec.w3c.W3CHttpResponseCodec.decode(W3CHttpResponseCodec.java:143)
	at org.openqa.selenium.remote.codec.w3c.W3CHttpResponseCodec.decode(W3CHttpResponseCodec.java:50)
	at org.openqa.selenium.remote.HttpCommandExecutor.execute(HttpCommandExecutor.java:196)
	at org.openqa.selenium.remote.service.DriverCommandExecutor.invokeExecute(DriverCommandExecutor.java:217)
	at org.openqa.selenium.remote.service.DriverCommandExecutor.execute(DriverCommandExecutor.java:175)
	at org.openqa.selenium.remote.RemoteWebDriver.execute(RemoteWebDriver.java:575)
	at org.openqa.selenium.remote.ElementLocation$ElementFinder$2.findElement(ElementLocation.java:173)
	at org.openqa.selenium.remote.ElementLocation.findElement(ElementLocation.java:60)
	at org.openqa.selenium.remote.RemoteWebDriver.findElement(RemoteWebDriver.java:396)
	at org.openqa.selenium.remote.RemoteWebDriver.findElement(RemoteWebDriver.java:390)
	at org.openqa.selenium.support.pagefactory.DefaultElementLocator.findElement(DefaultElementLocator.java:69)
	at org.openqa.selenium.support.pagefactory.internal.LocatingElementHandler.invoke(LocatingElementHandler.java:38)
	at jdk.proxy2/jdk.proxy2.$Proxy24.getText(Unknown Source)
	at com.omrbranch.utility.BaseClass.getTextElement(BaseClass.java:218)
	at com.omrbranch.pages.SelectHotelPage.selectHotelMsg(SelectHotelPage.java:27)
	at com.omrbranch.stepdefinition.TC002_ExploreHotelStep.userShouldVerifyAfterSearchHotelSuccessMessage(TC002_ExploreHotelStep.java:53)
	at ✽.User should verify after search hotel success message "Select Hotel"(file:///C:/Users/ksdev/eclipse-workspace/OMRBranchHotelProject_Salai/src/test/resources/features/TC002_ExploreHotel.feature:13)
]]></error>
    <system-out><![CDATA[  &amp#27;[31mThen &amp#27;[0m&amp#27;[31mUser should verify after search hotel success message &amp#27;[0m&amp#27;[31m&amp#27;[1m"Select Hotel"&amp#27;[0m                                         &amp#27;[90m# com.omrbranch.stepdefinition.TC002_ExploreHotelStep.userShouldVerifyAfterSearchHotelSuccessMessage(java.lang.String)&amp#27;[0m
      &amp#27;[31morg.openqa.selenium.NoSuchElementException: no such element: Unable to locate element: {"method":"xpath","selector":"//h5[text()='Select Hotel']"}
        (Session info: chrome=149.0.7827.155)
      For documentation on this error, please visit: https://www.selenium.dev/documentation/webdriver/troubleshooting/errors#nosuchelementexception
      Build info: version: '4.45.0', revision: 'cd6a3cd cd6a3cdfca6970f62e5bc8344109d0fe0e2af05e'
      System info: os.name: 'Windows 11', os.arch: 'amd64', os.version: '10.0', java.version: '21.0.10'
      Driver info: org.openqa.selenium.chrome.ChromeDriver
      Command: [8ecfc33ad9151843dd900cd3d8971e86, findElement {value=//h5[text()='Select Hotel'], using=xpath}]
      Capabilities {acceptInsecureCerts: false, browserName: chrome, browserVersion: 149.0.7827.155, chrome: {chromedriverVersion: 149.0.7827.155 (07b52360cc1..., userDataDir: C:\Users\ksdev\AppData\Loca...}, fedcm:accounts: true, goog:chromeOptions: {debuggerAddress: localhost:63065}, goog:processID: 9868, networkConnectionEnabled: false, pageLoadStrategy: normal, platformName: windows, proxy: Proxy(), se:cdp: ws://localhost:63065/devtoo..., se:cdpVersion: 149.0.7827.155, setWindowRect: true, strictFileInteractability: false, timeouts: {implicit: 0, pageLoad: 300000, script: 30000}, unhandledPromptBehavior: dismiss and notify, webauthn:extension:credBlob: true, webauthn:extension:largeBlob: true, webauthn:extension:minPinLength: true, webauthn:extension:prf: true, webauthn:virtualAuthenticators: true}
      Session ID: 8ecfc33ad9151843dd900cd3d8971e86
      	at org.openqa.selenium.remote.ErrorCodec.decode(ErrorCodec.java:169)
      	at org.openqa.selenium.remote.codec.w3c.W3CHttpResponseCodec.decode(W3CHttpResponseCodec.java:143)
      	at org.openqa.selenium.remote.codec.w3c.W3CHttpResponseCodec.decode(W3CHttpResponseCodec.java:50)
      	at org.openqa.selenium.remote.HttpCommandExecutor.execute(HttpCommandExecutor.java:196)
      	at org.openqa.selenium.remote.service.DriverCommandExecutor.invokeExecute(DriverCommandExecutor.java:217)
      	at org.openqa.selenium.remote.service.DriverCommandExecutor.execute(DriverCommandExecutor.java:175)
      	at org.openqa.selenium.remote.RemoteWebDriver.execute(RemoteWebDriver.java:575)
      	at org.openqa.selenium.remote.ElementLocation$ElementFinder$2.findElement(ElementLocation.java:173)
      	at org.openqa.selenium.remote.ElementLocation.findElement(ElementLocation.java:60)
      	at org.openqa.selenium.remote.RemoteWebDriver.findElement(RemoteWebDriver.java:396)
      	at org.openqa.selenium.remote.RemoteWebDriver.findElement(RemoteWebDriver.java:390)
      	at org.openqa.selenium.support.pagefactory.DefaultElementLocator.findElement(DefaultElementLocator.java:69)
      	at org.openqa.selenium.support.pagefactory.internal.LocatingElementHandler.invoke(LocatingElementHandler.java:38)
      	at jdk.proxy2/jdk.proxy2.$Proxy24.getText(Unknown Source)
      	at com.omrbranch.utility.BaseClass.getTextElement(BaseClass.java:218)
      	at com.omrbranch.pages.SelectHotelPage.selectHotelMsg(SelectHotelPage.java:27)
      	at com.omrbranch.stepdefinition.TC002_ExploreHotelStep.userShouldVerifyAfterSearchHotelSuccessMessage(TC002_ExploreHotelStep.java:53)
      	at ✽.User should verify after search hotel success message "Select Hotel"(file:///C:/Users/ksdev/eclipse-workspace/OMRBranchHotelProject_Salai/src/test/resources/features/TC002_ExploreHotel.feature:13)&amp#27;[0m

    Embedding After Step Screenshot [image/png 680698 bytes]

]]></system-out>
  </testcase>
  <testcase name="User search hotel &quot;Tamil Nadu&quot;, &quot;Chennai&quot;, &quot;25-05-2026&quot;, &quot;26-05-2026&quot;, &quot;1-One&quot; and &quot;2-Two&quot;" classname="com.omrbranch.runner.TestRunnerClass2" time="9.856">
    <system-out><![CDATA[  &amp#27;[32mThen &amp#27;[0m&amp#27;[32mUser should verify success message after login &amp#27;[0m&amp#27;[32m&amp#27;[1m"Welcome Salai"&amp#27;[0m                             &amp#27;[90m# com.omrbranch.stepdefinition.TC001_LoginSetup.userShouldVerifySuccessMessageAfterLogin(java.lang.String)&amp#27;[0m

    Embedding After Step Screenshot [image/png 703609 bytes]


    Embedding Before Step Screenshot [image/png 703609 bytes]

]]></system-out>
  </testcase>
  <testcase name="User click Search button" classname="com.omrbranch.runner.TestRunnerClass2" time="0.0">
    <skipped type="io.cucumber.junit.SkippedThrowable"><![CDATA[io.cucumber.junit.SkippedThrowable: This step is skipped
]]></skipped>
    <system-out><![CDATA[  &amp#27;[31mThen &amp#27;[0m&amp#27;[31mUser should verify success message after login &amp#27;[0m&amp#27;[31m&amp#27;[1m"Welcome Salai"&amp#27;[0m                                                                                                                                                                 &amp#27;[90m# com.omrbranch.stepdefinition.TC001_LoginSetup.userShouldVerifySuccessMessageAfterLogin(java.lang.String)&amp#27;[0m
      &amp#27;[31morg.openqa.selenium.TimeoutException: Timeout when executing request (POST http://localhost:38620/session/3e58ae0d0692a65403319fedaece2694/element)
      Build info: version: '4.45.0', revision: 'cd6a3cd cd6a3cdfca6970f62e5bc8344109d0fe0e2af05e'
      System info: os.name: 'Windows 11', os.arch: 'amd64', os.version: '10.0', java.version: '21.0.10'
      Driver info: org.openqa.selenium.chrome.ChromeDriver
      Command: [3e58ae0d0692a65403319fedaece2694, findElement {value=//a[contains(text(),'Welcome')], using=xpath}]
      Capabilities {acceptInsecureCerts: false, browserName: chrome, browserVersion: 149.0.7827.155, chrome: {chromedriverVersion: 149.0.7827.155 (07b52360cc1..., userDataDir: C:\Users\ksdev\AppData\Loca...}, fedcm:accounts: true, goog:chromeOptions: {debuggerAddress: localhost:51684}, goog:processID: 15920, networkConnectionEnabled: false, pageLoadStrategy: normal, platformName: windows, proxy: Proxy(), se:cdp: ws://localhost:51684/devtoo..., se:cdpVersion: 149.0.7827.155, setWindowRect: true, strictFileInteractability: false, timeouts: {implicit: 0, pageLoad: 300000, script: 30000}, unhandledPromptBehavior: dismiss and notify, webauthn:extension:credBlob: true, webauthn:extension:largeBlob: true, webauthn:extension:minPinLength: true, webauthn:extension:prf: true, webauthn:virtualAuthenticators: true}
      Session ID: 3e58ae0d0692a65403319fedaece2694
      	at org.openqa.selenium.remote.http.jdk.JdkHttpClient.execute0(JdkHttpClient.java:495)
      	at org.openqa.selenium.remote.http.AddSeleniumUserAgent.lambda$apply$0(AddSeleniumUserAgent.java:46)
      	at org.openqa.selenium.remote.http.Filter.lambda$andFinally$0(Filter.java:55)
      	at org.openqa.selenium.remote.http.jdk.JdkHttpClient.lambda$executeAsync$0(JdkHttpClient.java:399)
      	at java.base/java.util.concurrent.Executors$RunnableAdapter.call(Executors.java:572)
      	at java.base/java.util.concurrent.FutureTask.run(FutureTask.java:317)
      	at java.base/java.util.concurrent.ThreadPoolExecutor.runWorker(ThreadPoolExecutor.java:1144)
      	at java.base/java.util.concurrent.ThreadPoolExecutor$Worker.run(ThreadPoolExecutor.java:642)
      	at java.base/java.lang.Thread.run(Thread.java:1583)
      Caused by: java.net.http.HttpTimeoutException: request timed out
      	at java.net.http/jdk.internal.net.http.HttpClientImpl.send(HttpClientImpl.java:953)
      	at java.net.http/jdk.internal.net.http.HttpClientFacade.send(HttpClientFacade.java:133)
      	at org.openqa.selenium.remote.http.jdk.JdkHttpClient.execute0(JdkHttpClient.java:473)
      	... 8 more&amp#27;[0m
      &amp#27;[31morg.openqa.selenium.remote.UnreachableBrowserException: Error communicating with the remote browser. It may have died.
      Build info: version: '4.45.0', revision: 'cd6a3cd cd6a3cdfca6970f62e5bc8344109d0fe0e2af05e'
      System info: os.name: 'Windows 11', os.arch: 'amd64', os.version: '10.0', java.version: '21.0.10'
      Driver info: org.openqa.selenium.chrome.ChromeDriver
      Command: [3e58ae0d0692a65403319fedaece2694, screenshot []]
      Capabilities {acceptInsecureCerts: false, browserName: chrome, browserVersion: 149.0.7827.155, chrome: {chromedriverVersion: 149.0.7827.155 (07b52360cc1..., userDataDir: C:\Users\ksdev\AppData\Loca...}, fedcm:accounts: true, goog:chromeOptions: {debuggerAddress: localhost:51684}, goog:processID: 15920, networkConnectionEnabled: false, pageLoadStrategy: normal, platformName: windows, proxy: Proxy(), se:cdp: ws://localhost:51684/devtoo..., se:cdpVersion: 149.0.7827.155, setWindowRect: true, strictFileInteractability: false, timeouts: {implicit: 0, pageLoad: 300000, script: 30000}, unhandledPromptBehavior: dismiss and notify, webauthn:extension:credBlob: true, webauthn:extension:largeBlob: true, webauthn:extension:minPinLength: true, webauthn:extension:prf: true, webauthn:virtualAuthenticators: true}
      Session ID: 3e58ae0d0692a65403319fedaece2694
      	at org.openqa.selenium.remote.RemoteWebDriver.execute(RemoteWebDriver.java:611)
      	at org.openqa.selenium.remote.RemoteWebDriver.execute(RemoteWebDriver.java:657)
      	at org.openqa.selenium.remote.RemoteWebDriver.execute(RemoteWebDriver.java:661)
      	at org.openqa.selenium.remote.RemoteWebDriver.getScreenshotAs(RemoteWebDriver.java:362)
      	at com.omrbranch.utility.BaseClass.screenshot(BaseClass.java:36)
      	at com.omrbranch.hooks.HooksClass.afterEachStep(HooksClass.java:45)
      Caused by: java.io.UncheckedIOException: java.io.IOException: closed
      	at org.openqa.selenium.remote.http.jdk.JdkHttpMessages.readResponseBody(JdkHttpMessages.java:194)
      	at org.openqa.selenium.remote.http.jdk.JdkHttpMessages.extractContent(JdkHttpMessages.java:179)
      	at org.openqa.selenium.remote.http.jdk.JdkHttpMessages.createResponse(JdkHttpMessages.java:153)
      	at org.openqa.selenium.remote.http.jdk.JdkHttpClient.execute0(JdkHttpClient.java:488)
      	at org.openqa.selenium.remote.http.AddSeleniumUserAgent.lambda$apply$0(AddSeleniumUserAgent.java:46)
      	at org.openqa.selenium.remote.http.Filter.lambda$andFinally$0(Filter.java:55)
      	at org.openqa.selenium.remote.http.jdk.JdkHttpClient.lambda$executeAsync$0(JdkHttpClient.java:399)
      	at java.base/java.util.concurrent.Executors$RunnableAdapter.call(Executors.java:572)
      	at java.base/java.util.concurrent.FutureTask.run(FutureTask.java:317)
      	at java.base/java.util.concurrent.ThreadPoolExecutor.runWorker(ThreadPoolExecutor.java:1144)
      	at java.base/java.util.concurrent.ThreadPoolExecutor$Worker.run(ThreadPoolExecutor.java:642)
      	at java.base/java.lang.Thread.run(Thread.java:1583)
      Caused by: java.io.IOException: closed
      	at java.net.http/jdk.internal.net.http.ResponseSubscribers$HttpResponseInputStream.current(ResponseSubscribers.java:448)
      	at java.net.http/jdk.internal.net.http.ResponseSubscribers$HttpResponseInputStream.read(ResponseSubscribers.java:508)
      	at java.base/java.io.InputStream.read(InputStream.java:220)
      	at org.openqa.selenium.io.Read.toByteArray(Read.java:46)
      	at org.openqa.selenium.remote.http.jdk.JdkHttpMessages.readResponseBody(JdkHttpMessages.java:192)
      	... 11 more
      Caused by: java.net.http.HttpTimeoutException: request timed out
      	at java.net.http/jdk.internal.net.http.ResponseTimerEvent.handle(ResponseTimerEvent.java:63)
      	at java.net.http/jdk.internal.net.http.HttpClientImpl.purgeTimeoutsAndReturnNextDeadline(HttpClientImpl.java:1788)
      	at java.net.http/jdk.internal.net.http.HttpClientImpl$SelectorManager.run(HttpClientImpl.java:1345)&amp#27;[0m
]]></system-out>
  </testcase>
  <testcase name="User should verify after search hotel error message &quot;Please select State&quot;, &quot;Please select City&quot;, &quot;Please select Check-in date&quot;, &quot;Please select Check-out date&quot;, &quot;Please select no. of rooms&quot; and &quot;Please select no. of adults&quot;" classname="com.omrbranch.runner.TestRunnerClass2" time="0.0">
    <skipped type="io.cucumber.junit.SkippedThrowable"><![CDATA[io.cucumber.junit.SkippedThrowable: This step is skipped
]]></skipped>
    <system-out><![CDATA[  &amp#27;[36mAnd &amp#27;[0m&amp#27;[36mUser click Search button&amp#27;[0m                                                                                                                                                                                                        &amp#27;[90m# com.omrbranch.stepdefinition.TC002_ExploreHotelStep.userClickSearchButton()&amp#27;[0m
]]></system-out>
  </testcase>
  <testcase name="Verify search hotel without entering any fields" classname="OMR Branch Hotel Search Functionality" time="3.07">
    <failure message="Multiple Failures (2 failures)&#10;	org.openqa.selenium.TimeoutException: Timeout when executing request (POST http://localhost:38620/session/3e58ae0d0692a65403319fedaece2694/element)&#10;Build info: version: &apos;4.45.0&apos;, revision: &apos;cd6a3cd cd6a3cdfca6970f62e5bc8344109d0fe0e2af05e&apos;&#10;System info: os.name: &apos;Windows 11&apos;, os.arch: &apos;amd64&apos;, os.version: &apos;10.0&apos;, java.version: &apos;21.0.10&apos;&#10;Driver info: org.openqa.selenium.chrome.ChromeDriver&#10;Command: [3e58ae0d0692a65403319fedaece2694, findElement {value=//a[contains(text(),&apos;Welcome&apos;)], using=xpath}]&#10;Capabilities {acceptInsecureCerts: false, browserName: chrome, browserVersion: 149.0.7827.155, chrome: {chromedriverVersion: 149.0.7827.155 (07b52360cc1..., userDataDir: C:\Users\ksdev\AppData\Loca...}, fedcm:accounts: true, goog:chromeOptions: {debuggerAddress: localhost:51684}, goog:processID: 15920, networkConnectionEnabled: false, pageLoadStrategy: normal, platformName: windows, proxy: Proxy(), se:cdp: ws://localhost:51684/devtoo..., se:cdpVersion: 149.0.7827.155, setWindowRect: true, strictFileInteractability: false, timeouts: {implicit: 0, pageLoad: 300000, script: 30000}, unhandledPromptBehavior: dismiss and notify, webauthn:extension:credBlob: true, webauthn:extension:largeBlob: true, webauthn:extension:minPinLength: true, webauthn:extension:prf: true, webauthn:virtualAuthenticators: true}&#10;Session ID: 3e58ae0d0692a65403319fedaece2694&#10;	org.openqa.selenium.remote.UnreachableBrowserException: Error communicating with the remote browser. It may have died.&#10;Build info: version: &apos;4.45.0&apos;, revision: &apos;cd6a3cd cd6a3cdfca6970f62e5bc8344109d0fe0e2af05e&apos;&#10;System info: os.name: &apos;Windows 11&apos;, os.arch: &apos;amd64&apos;, os.version: &apos;10.0&apos;, java.version: &apos;21.0.10&apos;&#10;Driver info: org.openqa.selenium.chrome.ChromeDriver&#10;Command: [3e58ae0d0692a65403319fedaece2694, screenshot []]&#10;Capabilities {acceptInsecureCerts: false, browserName: chrome, browserVersion: 149.0.7827.155, chrome: {chromedriverVersion: 149.0.7827.155 (07b52360cc1..., userDataDir: C:\Users\ksdev\AppData\Loca...}, fedcm:accounts: true, goog:chromeOptions: {debuggerAddress: localhost:51684}, goog:processID: 15920, networkConnectionEnabled: false, pageLoadStrategy: normal, platformName: windows, proxy: Proxy(), se:cdp: ws://localhost:51684/devtoo..., se:cdpVersion: 149.0.7827.155, setWindowRect: true, strictFileInteractability: false, timeouts: {implicit: 0, pageLoad: 300000, script: 30000}, unhandledPromptBehavior: dismiss and notify, webauthn:extension:credBlob: true, webauthn:extension:largeBlob: true, webauthn:extension:minPinLength: true, webauthn:extension:prf: true, webauthn:virtualAuthenticators: true}&#10;Session ID: 3e58ae0d0692a65403319fedaece2694" type="org.opentest4j.MultipleFailuresError"><![CDATA[org.opentest4j.MultipleFailuresError: 
Multiple Failures (2 failures)
	org.openqa.selenium.TimeoutException: Timeout when executing request (POST http://localhost:38620/session/3e58ae0d0692a65403319fedaece2694/element)
Build info: version: '4.45.0', revision: 'cd6a3cd cd6a3cdfca6970f62e5bc8344109d0fe0e2af05e'
System info: os.name: 'Windows 11', os.arch: 'amd64', os.version: '10.0', java.version: '21.0.10'
Driver info: org.openqa.selenium.chrome.ChromeDriver
Command: [3e58ae0d0692a65403319fedaece2694, findElement {value=//a[contains(text(),'Welcome')], using=xpath}]
Capabilities {acceptInsecureCerts: false, browserName: chrome, browserVersion: 149.0.7827.155, chrome: {chromedriverVersion: 149.0.7827.155 (07b52360cc1..., userDataDir: C:\Users\ksdev\AppData\Loca...}, fedcm:accounts: true, goog:chromeOptions: {debuggerAddress: localhost:51684}, goog:processID: 15920, networkConnectionEnabled: false, pageLoadStrategy: normal, platformName: windows, proxy: Proxy(), se:cdp: ws://localhost:51684/devtoo..., se:cdpVersion: 149.0.7827.155, setWindowRect: true, strictFileInteractability: false, timeouts: {implicit: 0, pageLoad: 300000, script: 30000}, unhandledPromptBehavior: dismiss and notify, webauthn:extension:credBlob: true, webauthn:extension:largeBlob: true, webauthn:extension:minPinLength: true, webauthn:extension:prf: true, webauthn:virtualAuthenticators: true}
Session ID: 3e58ae0d0692a65403319fedaece2694
	org.openqa.selenium.remote.UnreachableBrowserException: Error communicating with the remote browser. It may have died.
Build info: version: '4.45.0', revision: 'cd6a3cd cd6a3cdfca6970f62e5bc8344109d0fe0e2af05e'
System info: os.name: 'Windows 11', os.arch: 'amd64', os.version: '10.0', java.version: '21.0.10'
Driver info: org.openqa.selenium.chrome.ChromeDriver
Command: [3e58ae0d0692a65403319fedaece2694, screenshot []]
Capabilities {acceptInsecureCerts: false, browserName: chrome, browserVersion: 149.0.7827.155, chrome: {chromedriverVersion: 149.0.7827.155 (07b52360cc1..., userDataDir: C:\Users\ksdev\AppData\Loca...}, fedcm:accounts: true, goog:chromeOptions: {debuggerAddress: localhost:51684}, goog:processID: 15920, networkConnectionEnabled: false, pageLoadStrategy: normal, platformName: windows, proxy: Proxy(), se:cdp: ws://localhost:51684/devtoo..., se:cdpVersion: 149.0.7827.155, setWindowRect: true, strictFileInteractability: false, timeouts: {implicit: 0, pageLoad: 300000, script: 30000}, unhandledPromptBehavior: dismiss and notify, webauthn:extension:credBlob: true, webauthn:extension:largeBlob: true, webauthn:extension:minPinLength: true, webauthn:extension:prf: true, webauthn:virtualAuthenticators: true}
Session ID: 3e58ae0d0692a65403319fedaece2694
	at io.cucumber.junit.FeatureRunner.runChild(FeatureRunner.java:150)
	at io.cucumber.junit.FeatureRunner.runChild(FeatureRunner.java:28)
	at io.cucumber.junit.FeatureRunner.run(FeatureRunner.java:137)
	at io.cucumber.junit.Cucumber.runChild(Cucumber.java:199)
	at io.cucumber.junit.Cucumber.runChild(Cucumber.java:89)
	at io.cucumber.core.runtime.CucumberExecutionContext.lambda$runFeatures$6(CucumberExecutionContext.java:147)
	at io.cucumber.core.runtime.CucumberExecutionContext.execute(CucumberExecutionContext.java:162)
	at io.cucumber.core.runtime.CucumberExecutionContext.runFeatures(CucumberExecutionContext.java:145)
	at io.cucumber.junit.Cucumber$StartAndFinishTestRun.evaluate(Cucumber.java:229)
	Suppressed: org.openqa.selenium.TimeoutException: Timeout when executing request (POST http://localhost:38620/session/3e58ae0d0692a65403319fedaece2694/element)
Build info: version: '4.45.0', revision: 'cd6a3cd cd6a3cdfca6970f62e5bc8344109d0fe0e2af05e'
System info: os.name: 'Windows 11', os.arch: 'amd64', os.version: '10.0', java.version: '21.0.10'
Driver info: org.openqa.selenium.chrome.ChromeDriver
Command: [3e58ae0d0692a65403319fedaece2694, findElement {value=//a[contains(text(),'Welcome')], using=xpath}]
Capabilities {acceptInsecureCerts: false, browserName: chrome, browserVersion: 149.0.7827.155, chrome: {chromedriverVersion: 149.0.7827.155 (07b52360cc1..., userDataDir: C:\Users\ksdev\AppData\Loca...}, fedcm:accounts: true, goog:chromeOptions: {debuggerAddress: localhost:51684}, goog:processID: 15920, networkConnectionEnabled: false, pageLoadStrategy: normal, platformName: windows, proxy: Proxy(), se:cdp: ws://localhost:51684/devtoo..., se:cdpVersion: 149.0.7827.155, setWindowRect: true, strictFileInteractability: false, timeouts: {implicit: 0, pageLoad: 300000, script: 30000}, unhandledPromptBehavior: dismiss and notify, webauthn:extension:credBlob: true, webauthn:extension:largeBlob: true, webauthn:extension:minPinLength: true, webauthn:extension:prf: true, webauthn:virtualAuthenticators: true}
Session ID: 3e58ae0d0692a65403319fedaece2694
		at org.openqa.selenium.remote.http.jdk.JdkHttpClient.execute0(JdkHttpClient.java:495)
[...]
Session ID: 5371a3c60c427ef585e8b8f6bafe8ce3
	at io.cucumber.junit.FeatureRunner.runChild(FeatureRunner.java:150)
	at io.cucumber.junit.FeatureRunner.runChild(FeatureRunner.java:28)
	at io.cucumber.junit.FeatureRunner.run(FeatureRunner.java:137)
	at io.cucumber.junit.Cucumber.runChild(Cucumber.java:199)
	at io.cucumber.junit.Cucumber.runChild(Cucumber.java:89)
	at io.cucumber.core.runtime.CucumberExecutionContext.lambda$runFeatures$6(CucumberExecutionContext.java:147)
	at io.cucumber.core.runtime.CucumberExecutionContext.execute(CucumberExecutionContext.java:162)
	at io.cucumber.core.runtime.CucumberExecutionContext.runFeatures(CucumberExecutionContext.java:145)
	at io.cucumber.junit.Cucumber$StartAndFinishTestRun.evaluate(Cucumber.java:229)
	Suppressed: org.openqa.selenium.NoSuchSessionException: invalid session id: session deleted as the browser has closed the connection
from disconnected: unable to send message to renderer
  (Session info: chrome=149.0.7827.155)
Build info: version: '4.45.0', revision: 'cd6a3cd cd6a3cdfca6970f62e5bc8344109d0fe0e2af05e'
System info: os.name: 'Windows 11', os.arch: 'amd64', os.version: '10.0', java.version: '21.0.10'
Driver info: org.openqa.selenium.chrome.ChromeDriver
Command: [5371a3c60c427ef585e8b8f6bafe8ce3, findElement {value=//h5[text()='Select Hotel'], using=xpath}]
Capabilities {acceptInsecureCerts: false, browserName: chrome, browserVersion: 149.0.7827.155, chrome: {chromedriverVersion: 149.0.7827.155 (07b52360cc1..., userDataDir: C:\Users\ksdev\AppData\Loca...}, fedcm:accounts: true, goog:chromeOptions: {debuggerAddress: localhost:56262}, goog:processID: 4504, networkConnectionEnabled: false, pageLoadStrategy: normal, platformName: windows, proxy: Proxy(), se:cdp: ws://localhost:56262/devtoo..., se:cdpVersion: 149.0.7827.155, setWindowRect: true, strictFileInteractability: false, timeouts: {implicit: 0, pageLoad: 300000, script: 30000}, unhandledPromptBehavior: dismiss and notify, webauthn:extension:credBlob: true, webauthn:extension:largeBlob: true, webauthn:extension:minPinLength: true, webauthn:extension:prf: true, webauthn:virtualAuthenticators: true}
Session ID: 5371a3c60c427ef585e8b8f6bafe8ce3
		at org.openqa.selenium.remote.ErrorCodec.decode(ErrorCodec.java:169)
		at org.openqa.selenium.remote.codec.w3c.W3CHttpResponseCodec.decode(W3CHttpResponseCodec.java:143)
		at org.openqa.selenium.remote.codec.w3c.W3CHttpResponseCodec.decode(W3CHttpResponseCodec.java:50)
		at org.openqa.selenium.remote.HttpCommandExecutor.execute(HttpCommandExecutor.java:196)
		at org.openqa.selenium.remote.service.DriverCommandExecutor.invokeExecute(DriverCommandExecutor.java:217)
		at org.openqa.selenium.remote.service.DriverCommandExecutor.execute(DriverCommandExecutor.java:175)
		at org.openqa.selenium.remote.RemoteWebDriver.execute(RemoteWebDriver.java:575)
		at org.openqa.selenium.remote.ElementLocation$ElementFinder$2.findElement(ElementLocation.java:173)
		at org.openqa.selenium.remote.ElementLocation.findElement(ElementLocation.java:60)
		at org.openqa.selenium.remote.RemoteWebDriver.findElement(RemoteWebDriver.java:396)
		at org.openqa.selenium.remote.RemoteWebDriver.findElement(RemoteWebDriver.java:390)
		at org.openqa.selenium.support.pagefactory.DefaultElementLocator.findElement(DefaultElementLocator.java:69)
		at org.openqa.selenium.support.pagefactory.internal.LocatingElementHandler.invoke(LocatingElementHandler.java:38)
		at jdk.proxy2/jdk.proxy2.$Proxy24.getText(Unknown Source)
		at com.omrbranch.utility.BaseClass.getTextElement(BaseClass.java:218)
		at com.omrbranch.pages.SelectHotelPage.selectHotelMsg(SelectHotelPage.java:27)
		at com.omrbranch.stepdefinition.TC002_ExploreHotelStep.userShouldVerifyAfterSearchHotelSuccessMessage(TC002_ExploreHotelStep.java:53)
		at ✽.User should verify after search hotel success message "Select Hotel"(file:///C:/Users/ksdev/eclipse-workspace/OMRBranchHotelProject_Salai/src/test/resources/features/TC002_ExploreHotel.feature:53)
	Suppressed: org.openqa.selenium.NoSuchSessionException: invalid session id
Build info: version: '4.45.0', revision: 'cd6a3cd cd6a3cdfca6970f62e5bc8344109d0fe0e2af05e'
System info: os.name: 'Windows 11', os.arch: 'amd64', os.version: '10.0', java.version: '21.0.10'
Driver info: org.openqa.selenium.chrome.ChromeDriver
Command: [5371a3c60c427ef585e8b8f6bafe8ce3, screenshot {}]
Capabilities {acceptInsecureCerts: false, browserName: chrome, browserVersion: 149.0.7827.155, chrome: {chromedriverVersion: 149.0.7827.155 (07b52360cc1..., userDataDir: C:\Users\ksdev\AppData\Loca...}, fedcm:accounts: true, goog:chromeOptions: {debuggerAddress: localhost:56262}, goog:processID: 4504, networkConnectionEnabled: false, pageLoadStrategy: normal, platformName: windows, proxy: Proxy(), se:cdp: ws://localhost:56262/devtoo..., se:cdpVersion: 149.0.7827.155, setWindowRect: true, strictFileInteractability: false, timeouts: {implicit: 0, pageLoad: 300000, script: 30000}, unhandledPromptBehavior: dismiss and notify, webauthn:extension:credBlob: true, webauthn:extension:largeBlob: true, webauthn:extension:minPinLength: true, webauthn:extension:prf: true, webauthn:virtualAuthenticators: true}
Session ID: 5371a3c60c427ef585e8b8f6bafe8ce3
		at org.openqa.selenium.remote.ErrorCodec.decode(ErrorCodec.java:169)
		at org.openqa.selenium.remote.codec.w3c.W3CHttpResponseCodec.decode(W3CHttpResponseCodec.java:143)
		at org.openqa.selenium.remote.codec.w3c.W3CHttpResponseCodec.decode(W3CHttpResponseCodec.java:50)
		at org.openqa.selenium.remote.HttpCommandExecutor.execute(HttpCommandExecutor.java:196)
		at org.openqa.selenium.remote.service.DriverCommandExecutor.invokeExecute(DriverCommandExecutor.java:217)
		at org.openqa.selenium.remote.service.DriverCommandExecutor.execute(DriverCommandExecutor.java:175)
		at org.openqa.selenium.remote.RemoteWebDriver.execute(RemoteWebDriver.java:575)
		at org.openqa.selenium.remote.RemoteWebDriver.execute(RemoteWebDriver.java:657)
		at org.openqa.selenium.remote.RemoteWebDriver.execute(RemoteWebDriver.java:661)
		at org.openqa.selenium.remote.RemoteWebDriver.getScreenshotAs(RemoteWebDriver.java:362)
		at com.omrbranch.utility.BaseClass.screenshot(BaseClass.java:36)
		at com.omrbranch.hooks.HooksClass.afterEachStep(HooksClass.java:45)
]]></failure>
    <system-out><![CDATA[  &amp#27;[36mThen &amp#27;[0m&amp#27;[36mUser should verify after filtering that Suite room type is listed&amp#27;[0m                                            &amp#27;[90m# com.omrbranch.stepdefinition.TC002_ExploreHotelStep.userShouldVerifyAfterFilteringThatSuiteRoomTypeIsListed()&amp#27;[0m
]]></system-out>
  </testcase>
  <testcase name="User should verify the header contains &quot;Suite&quot;" classname="com.omrbranch.runner.TestRunnerClass2" time="0.0">
    <skipped type="io.cucumber.junit.SkippedThrowable"><![CDATA[io.cucumber.junit.SkippedThrowable: This step is skipped
]]></skipped>
    <system-out><![CDATA[  &amp#27;[36mThen &amp#27;[0m&amp#27;[36mUser should verify after search hotel success message &amp#27;[0m&amp#27;[36m&amp#27;[1m"Select Hotel"&amp#27;[0m                                         &amp#27;[90m# com.omrbranch.stepdefinition.TC002_ExploreHotelStep.userShouldVerifyAfterSearchHotelSuccessMessage(java.lang.String)&amp#27;[0m
]]></system-out>
  </testcase>
  <testcase name="Verify header contains selected room type" classname="OMR Branch Hotel Search Functionality" time="0.991">
    <failure message="Multiple Failures (2 failures)&#10;	org.openqa.selenium.NoSuchSessionException: invalid session id: session deleted as the browser has closed the connection&#10;from disconnected: Unable to receive message from renderer&#10;  (Session info: chrome=149.0.7827.155)&#10;Build info: version: &apos;4.45.0&apos;, revision: &apos;cd6a3cd cd6a3cdfca6970f62e5bc8344109d0fe0e2af05e&apos;&#10;System info: os.name: &apos;Windows 11&apos;, os.arch: &apos;amd64&apos;, os.version: &apos;10.0&apos;, java.version: &apos;21.0.10&apos;&#10;Driver info: org.openqa.selenium.chrome.ChromeDriver&#10;Command: [effe00a101f4df2914c2f2ba1ca54b9a, findElement {value=//a[contains(text(),&apos;Welcome&apos;)], using=xpath}]&#10;Capabilities {acceptInsecureCerts: false, browserName: chrome, browserVersion: 149.0.7827.155, chrome: {chromedriverVersion: 149.0.7827.155 (07b52360cc1..., userDataDir: C:\Users\ksdev\AppData\Loca...}, fedcm:accounts: true, goog:chromeOptions: {debuggerAddress: localhost:54180}, goog:processID: 16260, networkConnectionEnabled: false, pageLoadStrategy: normal, platformName: windows, proxy: Proxy(), se:cdp: ws://localhost:54180/devtoo..., se:cdpVersion: 149.0.7827.155, setWindowRect: true, strictFileInteractability: false, timeouts: {implicit: 0, pageLoad: 300000, script: 30000}, unhandledPromptBehavior: dismiss and notify, webauthn:extension:credBlob: true, webauthn:extension:largeBlob: true, webauthn:extension:minPinLength: true, webauthn:extension:prf: true, webauthn:virtualAuthenticators: true}&#10;Session ID: effe00a101f4df2914c2f2ba1ca54b9a&#10;	org.openqa.selenium.NoSuchSessionException: invalid session id&#10;Build info: version: &apos;4.45.0&apos;, revision: &apos;cd6a3cd cd6a3cdfca6970f62e5bc8344109d0fe0e2af05e&apos;&#10;System info: os.name: &apos;Windows 11&apos;, os.arch: &apos;amd64&apos;, os.version: &apos;10.0&apos;, java.version: &apos;21.0.10&apos;&#10;Driver info: org.openqa.selenium.chrome.ChromeDriver&#10;Command: [effe00a101f4df2914c2f2ba1ca54b9a, screenshot {}]&#10;Capabilities {acceptInsecureCerts: false, browserName: chrome, browserVersion: 149.0.7827.155, chrome: {chromedriverVersion: 149.0.7827.155 (07b52360cc1..., userDataDir: C:\Users\ksdev\AppData\Loca...}, fedcm:accounts: true, goog:chromeOptions: {debuggerAddress: localhost:54180}, goog:processID: 16260, networkConnectionEnabled: false, pageLoadStrategy: normal, platformName: windows, proxy: Proxy(), se:cdp: ws://localhost:54180/devtoo..., se:cdpVersion: 149.0.7827.155, setWindowRect: true, strictFileInteractability: false, timeouts: {implicit: 0, pageLoad: 300000, script: 30000}, unhandledPromptBehavior: dismiss and notify, webauthn:extension:credBlob: true, webauthn:extension:largeBlob: true, webauthn:extension:minPinLength: true, webauthn:extension:prf: true, webauthn:virtualAuthenticators: true}&#10;Session ID: effe00a101f4df2914c2f2ba1ca54b9a" type="org.opentest4j.MultipleFailuresError"><![CDATA[org.opentest4j.MultipleFailuresError: 
Multiple Failures (2 failures)
	org.openqa.selenium.NoSuchSessionException: invalid session id: session deleted as the browser has closed the connection
from disconnected: Unable to receive message from renderer
  (Session info: chrome=149.0.7827.155)
Build info: version: '4.45.0', revision: 'cd6a3cd cd6a3cdfca6970f62e5bc8344109d0fe0e2af05e'
System info: os.name: 'Windows 11', os.arch: 'amd64', os.version: '10.0', java.version: '21.0.10'
Driver info: org.openqa.selenium.chrome.ChromeDriver
Command: [effe00a101f4df2914c2f2ba1ca54b9a, findElement {value=//a[contains(text(),'Welcome')], using=xpath}]
Capabilities {acceptInsecureCerts: false, browserName: chrome, browserVersion: 149.0.7827.155, chrome: {chromedriverVersion: 149.0.7827.155 (07b52360cc1..., userDataDir: C:\Users\ksdev\AppData\Loca...}, fedcm:accounts: true, goog:chromeOptions: {debuggerAddress: localhost:54180}, goog:processID: 16260, networkConnectionEnabled: false, pageLoadStrategy: normal, platformName: windows, proxy: Proxy(), se:cdp: ws://localhost:54180/devtoo..., se:cdpVersion: 149.0.7827.155, setWindowRect: true, strictFileInteractability: false, timeouts: {implicit: 0, pageLoad: 300000, script: 30000}, unhandledPromptBehavior: dismiss and notify, webauthn:extension:credBlob: true, webauthn:extension:largeBlob: true, webauthn:extension:minPinLength: true, webauthn:extension:prf: true, webauthn:virtualAuthenticators: true}
Session ID: effe00a101f4df2914c2f2ba1ca54b9a
	org.openqa.selenium.NoSuchSessionException: invalid session id
Build info: version: '4.45.0', revision: 'cd6a3cd cd6a3cdfca6970f62e5bc8344109d0fe0e2af05e'
System info: os.name: 'Windows 11', os.arch: 'amd64', os.version: '10.0', java.version: '21.0.10'
Driver info: org.openqa.selenium.chrome.ChromeDriver
Command: [effe00a101f4df2914c2f2ba1ca54b9a, screenshot {}]
Capabilities {acceptInsecureCerts: false, browserName: chrome, browserVersion: 149.0.7827.155, chrome: {chromedriverVersion: 149.0.7827.155 (07b52360cc1..., userDataDir: C:\Users\ksdev\AppData\Loca...}, fedcm:accounts: true, goog:chromeOptions: {debuggerAddress: localhost:54180}, goog:processID: 16260, networkConnectionEnabled: false, pageLoadStrategy: normal, platformName: windows, proxy: Proxy(), se:cdp: ws://localhost:54180/devtoo..., se:cdpVersion: 149.0.7827.155, setWindowRect: true, strictFileInteractability: false, timeouts: {implicit: 0, pageLoad: 300000, script: 30000}, unhandledPromptBehavior: dismiss and notify, webauthn:extension:credBlob: true, webauthn:extension:largeBlob: true, webauthn:extension:minPinLength: true, webauthn:extension:prf: true, webauthn:virtualAuthenticators: true}
Session ID: effe00a101f4df2914c2f2ba1ca54b9a
	at io.cucumber.junit.FeatureRunner.runChild(FeatureRunner.java:150)
	at io.cucumber.junit.FeatureRunner.runChild(FeatureRunner.java:28)
	at io.cucumber.junit.FeatureRunner.run(FeatureRunner.java:137)
	at io.cucumber.junit.Cucumber.runChild(Cucumber.java:199)
	at io.cucumber.junit.Cucumber.runChild(Cucumber.java:89)
	at io.cucumber.core.runtime.CucumberExecutionContext.lambda$runFeatures$6(CucumberExecutionContext.java:147)
	at io.cucumber.core.runtime.CucumberExecutionContext.execute(CucumberExecutionContext.java:162)
	at io.cucumber.core.runtime.CucumberExecutionContext.runFeatures(CucumberExecutionContext.java:145)
	at io.cucumber.junit.Cucumber$StartAndFinishTestRun.evaluate(Cucumber.java:229)
	Suppressed: org.openqa.selenium.NoSuchSessionException: invalid session id: session deleted as the browser has closed the connection
from disconnected: Unable to receive message from renderer
  (Session info: chrome=149.0.7827.155)
Build info: version: '4.45.0', revision: 'cd6a3cd cd6a3cdfca6970f62e5bc8344109d0fe0e2af05e'
System info: os.name: 'Windows 11', os.arch: 'amd64', os.version: '10.0', java.version: '21.0.10'
Driver info: org.openqa.selenium.chrome.ChromeDriver
Command: [effe00a101f4df2914c2f2ba1ca54b9a, findElement {value=//a[contains(text(),'Welcome')], using=xpath}]
Capabilities {acceptInsecureCerts: false, browserName: chrome, browserVersion: 149.0.7827.155, chrome: {chromedriverVersion: 149.0.7827.155 (07b52360cc1..., userDataDir: C:\Users\ksdev\AppData\Loca...}, fedcm:accounts: true, goog:chromeOptions: {debuggerAddress: localhost:54180}, goog:processID: 16260, networkConnectionEnabled: false, pageLoadStrategy: normal, platformName: windows, proxy: Proxy(), se:cdp: ws://localhost:54180/devtoo..., se:cdpVersion: 149.0.7827.155, setWindowRect: true, strictFileInteractability: false, timeouts: {implicit: 0, pageLoad: 300000, script: 30000}, unhandledPromptBehavior: dismiss and notify, webauthn:extension:credBlob: true, webauthn:extension:largeBlob: true, webauthn:extension:minPinLength: true, webauthn:extension:prf: true, webauthn:virtualAuthenticators: true}
Session ID: effe00a101f4df2914c2f2ba1ca54b9a
		at org.openqa.selenium.remote.ErrorCodec.decode(ErrorCodec.java:169)
		at org.openqa.selenium.remote.codec.w3c.W3CHttpResponseCodec.decode(W3CHttpResponseCodec.java:143)
		at org.openqa.selenium.remote.codec.w3c.W3CHttpResponseCodec.decode(W3CHttpResponseCodec.java:50)
		at org.openqa.selenium.remote.HttpCommandExecutor.execute(HttpCommandExecutor.java:196)
		at org.openqa.selenium.remote.service.DriverCommandExecutor.invokeExecute(DriverCommandExecutor.java:217)
		at org.openqa.selenium.remote.service.DriverCommandExecutor.execute(DriverCommandExecutor.java:175)
		at org.openqa.selenium.remote.RemoteWebDriver.execute(RemoteWebDriver.java:575)
		at org.openqa.selenium.remote.ElementLocation$ElementFinder$2.findElement(ElementLocation.java:173)
		at org.openqa.selenium.remote.ElementLocation.findElement(ElementLocation.java:60)
		at org.openqa.selenium.remote.RemoteWebDriver.findElement(RemoteWebDriver.java:396)
		at org.openqa.selenium.remote.RemoteWebDriver.findElement(RemoteWebDriver.java:390)
		at org.openqa.selenium.support.pagefactory.DefaultElementLocator.findElement(DefaultElementLocator.java:69)
		at org.openqa.selenium.support.pagefactory.internal.LocatingElementHandler.invoke(LocatingElementHandler.java:38)
		at jdk.proxy2/jdk.proxy2.$Proxy24.getText(Unknown Source)
		at com.omrbranch.utility.BaseClass.getTextElement(BaseClass.java:218)
		at com.omrbranch.pages.ExploreHotelPage.getLoginSuccessMessageText(ExploreHotelPage.java:108)
		at com.omrbranch.stepdefinition.TC001_LoginSetup.userShouldVerifySuccessMessageAfterLogin(TC001_LoginSetup.java:25)
		at ✽.User should verify success message after login "Welcome Salai"(file:///C:/Users/ksdev/eclipse-workspace/OMRBranchHotelProject_Salai/src/test/resources/features/TC002_ExploreHotel.feature:9)
	Suppressed: org.openqa.selenium.NoSuchSessionException: invalid session id
Build info: version: '4.45.0', revision: 'cd6a3cd cd6a3cdfca6970f62e5bc8344109d0fe0e2af05e'
System info: os.name: 'Windows 11', os.arch: 'amd64', os.version: '10.0', java.version: '21.0.10'
Driver info: org.openqa.selenium.chrome.ChromeDriver
Command: [effe00a101f4df2914c2f2ba1ca54b9a, screenshot {}]
Capabilities {acceptInsecureCerts: false, browserName: chrome, browserVersion: 149.0.7827.155, chrome: {chromedriverVersion: 149.0.7827.155 (07b52360cc1..., userDataDir: C:\Users\ksdev\AppData\Loca...}, fedcm:accounts: true, goog:chromeOptions: {debuggerAddress: localhost:54180}, goog:processID: 16260, networkConnectionEnabled: false, pageLoadStrategy: normal, platformName: windows, proxy: Proxy(), se:cdp: ws://localhost:54180/devtoo..., se:cdpVersion: 149.0.7827.155, setWindowRect: true, strictFileInteractability: false, timeouts: {implicit: 0, pageLoad: 300000, script: 30000}, unhandledPromptBehavior: dismiss and notify, webauthn:extension:credBlob: true, webauthn:extension:largeBlob: true, webauthn:extension:minPinLength: true, webauthn:extension:prf: true, webauthn:virtualAuthenticators: true}
Session ID: effe00a101f4df2914c2f2ba1ca54b9a
		at org.openqa.selenium.remote.ErrorCodec.decode(ErrorCodec.java:169)
		at org.openqa.selenium.remote.codec.w3c.W3CHttpResponseCodec.decode(W3CHttpResponseCodec.java:143)
		at org.openqa.selenium.remote.codec.w3c.W3CHttpResponseCodec.decode(W3CHttpResponseCodec.java:50)
		at org.openqa.selenium.remote.HttpCommandExecutor.execute(HttpCommandExecutor.java:196)
		at org.openqa.selenium.remote.service.DriverCommandExecutor.invokeExecute(DriverCommandExecutor.java:217)
		at org.openqa.selenium.remote.service.DriverCommandExecutor.execute(DriverCommandExecutor.java:175)
		at org.openqa.selenium.remote.RemoteWebDriver.execute(RemoteWebDriver.java:575)
		at org.openqa.selenium.remote.RemoteWebDriver.execute(RemoteWebDriver.java:657)
		at org.openqa.selenium.remote.RemoteWebDriver.execute(RemoteWebDriver.java:661)
		at org.openqa.selenium.remote.RemoteWebDriver.getScreenshotAs(RemoteWebDriver.java:362)
		at com.omrbranch.utility.BaseClass.screenshot(BaseClass.java:36)
		at com.omrbranch.hooks.HooksClass.afterEachStep(HooksClass.java:45)
]]></failure>
    <system-out><![CDATA[  &amp#27;[36mAnd &amp#27;[0m&amp#27;[36mUser should verify the header contains &amp#27;[0m&amp#27;[36m&amp#27;[1m"Suite"&amp#27;[0m                                                                &amp#27;[90m# com.omrbranch.stepdefinition.TC002_ExploreHotelStep.userShouldVerifyTheHeaderContains(java.lang.String)&amp#27;[0m
]]></system-out>
  </testcase>
</testsuite>