<?xml version="1.0" encoding="UTF-8"?>
<testsuite xmlns:xsi="http://www.w3.org/2001/XMLSchema-instance" xsi:noNamespaceSchemaLocation="https://maven.apache.org/surefire/maven-surefire-plugin/xsd/surefire-test-report.xsd" version="3.0.2" name="com.omrbranch.runner.TestRunnerClass" time="62951.055" tests="23" errors="6" skipped="11" failures="3" flakes="1">
  <properties>
[...]
</properties>
  <testcase name="User is on the OMR Branch hotel page" classname="com.omrbranch.runner.TestRunnerClass" time="0.022">
    <system-out><![CDATA[
Scenario Outline: Verify search hotels with all fields                                                              &amp#27;[90m# src/test/resources/features/TC002_ExploreHotel.feature:17&amp#27;[0m

    Embedding Before Step Screenshot [image/png 806998 bytes]

]]></system-out>
  </testcase>
  <testcase name="User is on the OMR Branch hotel page" classname="com.omrbranch.runner.TestRunnerClass" time="0.0">
    <skipped type="io.cucumber.junit.SkippedThrowable"><![CDATA[io.cucumber.junit.SkippedThrowable: This step is skipped
]]></skipped>
    <system-out><![CDATA[
Scenario Outline: Verify search hotels with only mandatory fields                                 &amp#27;[90m# src/test/resources/features/TC002_ExploreHotel.feature:25&amp#27;[0m
      &amp#27;[31morg.openqa.selenium.WebDriverException: unknown error: net::ERR_ADDRESS_UNREACHABLE
        (Session info: chrome=149.0.7827.155)
      Build info: version: '4.45.0', revision: 'cd6a3cd cd6a3cdfca6970f62e5bc8344109d0fe0e2af05e'
      System info: os.name: 'Windows 11', os.arch: 'amd64', os.version: '10.0', java.version: '21.0.10'
      Driver info: org.openqa.selenium.chrome.ChromeDriver
      Command: [c51be0b7092ca2bd84adcb7d1eb82fbf, get {url=https://www.omrbranch.com/}]
      Capabilities {acceptInsecureCerts: false, browserName: chrome, browserVersion: 149.0.7827.155, chrome: {chromedriverVersion: 149.0.7827.155 (07b52360cc1..., userDataDir: C:\Users\ksdev\AppData\Loca...}, fedcm:accounts: true, goog:chromeOptions: {debuggerAddress: localhost:51044}, goog:processID: 2392, networkConnectionEnabled: false, pageLoadStrategy: normal, platformName: windows, proxy: Proxy(), se:cdp: ws://localhost:51044/devtoo..., se:cdpVersion: 149.0.7827.155, setWindowRect: true, strictFileInteractability: false, timeouts: {implicit: 0, pageLoad: 300000, script: 30000}, unhandledPromptBehavior: dismiss and notify, webauthn:extension:credBlob: true, webauthn:extension:largeBlob: true, webauthn:extension:minPinLength: true, webauthn:extension:prf: true, webauthn:virtualAuthenticators: true}
      Session ID: c51be0b7092ca2bd84adcb7d1eb82fbf
      	at org.openqa.selenium.remote.ErrorCodec.decode(ErrorCodec.java:169)
      	at org.openqa.selenium.remote.codec.w3c.W3CHttpResponseCodec.decode(W3CHttpResponseCodec.java:143)
      	at org.openqa.selenium.remote.codec.w3c.W3CHttpResponseCodec.decode(W3CHttpResponseCodec.java:50)
      	at org.openqa.selenium.remote.HttpCommandExecutor.execute(HttpCommandExecutor.java:196)
      	at org.openqa.selenium.remote.service.DriverCommandExecutor.invokeExecute(DriverCommandExecutor.java:217)
      	at org.openqa.selenium.remote.service.DriverCommandExecutor.execute(DriverCommandExecutor.java:175)
      	at org.openqa.selenium.remote.RemoteWebDriver.execute(RemoteWebDriver.java:575)
      	at org.openqa.selenium.remote.RemoteWebDriver.get(RemoteWebDriver.java:341)
      	at com.omrbranch.utility.BaseClass.enterApplicationUrl(BaseClass.java:151)
      	at com.omrbranch.hooks.HooksClass.beforeScenario(HooksClass.java:22)&amp#27;[0m
]]></system-out>
    <system-err><![CDATA[Jun 26, 2026 1:03:47 PM org.openqa.selenium.manager.SeleniumManager lambda$runCommand$0
WARNING: There was an error managing chromedriver (error sending request for url (https://googlechromelabs.github.io/chrome-for-testing/known-good-versions-with-downloads.json)); using driver found in the cache
Jun 26, 2026 1:03:47 PM org.openqa.selenium.manager.SeleniumManager lambda$runCommand$0
WARNING: Error sending stats to Plausible: error sending request for url (https://plausible.io/api/event)
]]></system-err>
  </testcase>
  <testcase name="User is on the OMR Branch hotel page" classname="com.omrbranch.runner.TestRunnerClass" time="0.0">
    <skipped type="io.cucumber.junit.SkippedThrowable"><![CDATA[io.cucumber.junit.SkippedThrowable: This step is skipped
]]></skipped>
    <system-out><![CDATA[
Scenario: Verify search hotel without entering any fields                                                                                                                                                                             &amp#27;[90m# src/test/resources/features/TC002_ExploreHotel.feature:27&amp#27;[0m
      &amp#27;[31morg.openqa.selenium.WebDriverException: unknown error: net::ERR_ADDRESS_UNREACHABLE
        (Session info: chrome=149.0.7827.155)
      Build info: version: '4.45.0', revision: 'cd6a3cd cd6a3cdfca6970f62e5bc8344109d0fe0e2af05e'
      System info: os.name: 'Windows 11', os.arch: 'amd64', os.version: '10.0', java.version: '21.0.10'
      Driver info: org.openqa.selenium.chrome.ChromeDriver
      Command: [2532dc7b7f7024a879a68f8bae315306, get {url=https://www.omrbranch.com/}]
      Capabilities {acceptInsecureCerts: false, browserName: chrome, browserVersion: 149.0.7827.155, chrome: {chromedriverVersion: 149.0.7827.155 (07b52360cc1..., userDataDir: C:\Users\ksdev\AppData\Loca...}, fedcm:accounts: true, goog:chromeOptions: {debuggerAddress: localhost:57139}, goog:processID: 25148, networkConnectionEnabled: false, pageLoadStrategy: normal, platformName: windows, proxy: Proxy(), se:cdp: ws://localhost:57139/devtoo..., se:cdpVersion: 149.0.7827.155, setWindowRect: true, strictFileInteractability: false, timeouts: {implicit: 0, pageLoad: 300000, script: 30000}, unhandledPromptBehavior: dismiss and notify, webauthn:extension:credBlob: true, webauthn:extension:largeBlob: true, webauthn:extension:minPinLength: true, webauthn:extension:prf: true, webauthn:virtualAuthenticators: true}
      Session ID: 2532dc7b7f7024a879a68f8bae315306
      	at org.openqa.selenium.remote.ErrorCodec.decode(ErrorCodec.java:169)
      	at org.openqa.selenium.remote.codec.w3c.W3CHttpResponseCodec.decode(W3CHttpResponseCodec.java:143)
      	at org.openqa.selenium.remote.codec.w3c.W3CHttpResponseCodec.decode(W3CHttpResponseCodec.java:50)
      	at org.openqa.selenium.remote.HttpCommandExecutor.execute(HttpCommandExecutor.java:196)
      	at org.openqa.selenium.remote.service.DriverCommandExecutor.invokeExecute(DriverCommandExecutor.java:217)
      	at org.openqa.selenium.remote.service.DriverCommandExecutor.execute(DriverCommandExecutor.java:175)
      	at org.openqa.selenium.remote.RemoteWebDriver.execute(RemoteWebDriver.java:575)
      	at org.openqa.selenium.remote.RemoteWebDriver.get(RemoteWebDriver.java:341)
      	at com.omrbranch.utility.BaseClass.enterApplicationUrl(BaseClass.java:151)
      	at com.omrbranch.hooks.HooksClass.beforeScenario(HooksClass.java:22)&amp#27;[0m
]]></system-out>
    <system-err><![CDATA[Jun 26, 2026 1:03:55 PM org.openqa.selenium.manager.SeleniumManager lambda$runCommand$0
WARNING: There was an error managing chromedriver (error sending request for url (https://googlechromelabs.github.io/chrome-for-testing/known-good-versions-with-downloads.json)); using driver found in the cache
]]></system-err>
  </testcase>
  <testcase name="User is on the OMR Branch hotel page" classname="com.omrbranch.runner.TestRunnerClass" time="0.0">
    <skipped type="io.cucumber.junit.SkippedThrowable"><![CDATA[io.cucumber.junit.SkippedThrowable: This step is skipped
]]></skipped>
    <system-out><![CDATA[
Scenario Outline: Verify hotel price sorting from low to high                                                       &amp#27;[90m# src/test/resources/features/TC002_ExploreHotel.feature:39&amp#27;[0m
      &amp#27;[31morg.openqa.selenium.NoSuchSessionException: invalid session id: session deleted as the browser has closed the connection
      from disconnected: Unable to receive message from renderer
        (Session info: chrome=149.0.7827.155)
      Build info: version: '4.45.0', revision: 'cd6a3cd cd6a3cdfca6970f62e5bc8344109d0fe0e2af05e'
      System info: os.name: 'Windows 11', os.arch: 'amd64', os.version: '10.0', java.version: '21.0.10'
      Driver info: org.openqa.selenium.chrome.ChromeDriver
      Command: [b11f1617818ecd597429dd179f96047a, get {url=https://www.omrbranch.com/}]
      Capabilities {acceptInsecureCerts: false, browserName: chrome, browserVersion: 149.0.7827.155, chrome: {chromedriverVersion: 149.0.7827.155 (07b52360cc1..., userDataDir: C:\Users\ksdev\AppData\Loca...}, fedcm:accounts: true, goog:chromeOptions: {debuggerAddress: localhost:56261}, goog:processID: 17016, networkConnectionEnabled: false, pageLoadStrategy: normal, platformName: windows, proxy: Proxy(), se:cdp: ws://localhost:56261/devtoo..., se:cdpVersion: 149.0.7827.155, setWindowRect: true, strictFileInteractability: false, timeouts: {implicit: 0, pageLoad: 300000, script: 30000}, unhandledPromptBehavior: dismiss and notify, webauthn:extension:credBlob: true, webauthn:extension:largeBlob: true, webauthn:extension:minPinLength: true, webauthn:extension:prf: true, webauthn:virtualAuthenticators: true}
      Session ID: b11f1617818ecd597429dd179f96047a
      	at org.openqa.selenium.remote.ErrorCodec.decode(ErrorCodec.java:169)
      	at org.openqa.selenium.remote.codec.w3c.W3CHttpResponseCodec.decode(W3CHttpResponseCodec.java:143)
      	at org.openqa.selenium.remote.codec.w3c.W3CHttpResponseCodec.decode(W3CHttpResponseCodec.java:50)
      	at org.openqa.selenium.remote.HttpCommandExecutor.execute(HttpCommandExecutor.java:196)
      	at org.openqa.selenium.remote.service.DriverCommandExecutor.invokeExecute(DriverCommandExecutor.java:217)
      	at org.openqa.selenium.remote.service.DriverCommandExecutor.execute(DriverCommandExecutor.java:175)
      	at org.openqa.selenium.remote.RemoteWebDriver.execute(RemoteWebDriver.java:575)
      	at org.openqa.selenium.remote.RemoteWebDriver.get(RemoteWebDriver.java:341)
      	at com.omrbranch.utility.BaseClass.enterApplicationUrl(BaseClass.java:151)
      	at com.omrbranch.hooks.HooksClass.beforeScenario(HooksClass.java:22)&amp#27;[0m
]]></system-out>
  </testcase>
  <testcase name="User is on the OMR Branch hotel page" classname="com.omrbranch.runner.TestRunnerClass" time="0.002">
    <system-out><![CDATA[
Scenario Outline: Verify hotel name sorting in descending order                                                     &amp#27;[90m# src/test/resources/features/TC002_ExploreHotel.feature:49&amp#27;[0m

    Embedding Before Step Screenshot [image/png 806662 bytes]

]]></system-out>
  </testcase>
  <testcase name="User is on the OMR Branch hotel page" classname="com.omrbranch.runner.TestRunnerClass" time="0.0">
    <system-out><![CDATA[
Scenario Outline: Verify Suite room type hotels are listed                                                          &amp#27;[90m# src/test/resources/features/TC002_ExploreHotel.feature:59&amp#27;[0m

    Embedding Before Step Screenshot [image/png 806634 bytes]

]]></system-out>
  </testcase>
  <testcase name="User is on the OMR Branch hotel page" classname="com.omrbranch.runner.TestRunnerClass" time="0.0">
    <skipped type="io.cucumber.junit.SkippedThrowable"><![CDATA[io.cucumber.junit.SkippedThrowable: This step is skipped
]]></skipped>
    <system-out><![CDATA[
Scenario Outline: Verify header contains selected room type                                                         &amp#27;[90m# src/test/resources/features/TC002_ExploreHotel.feature:68&amp#27;[0m
      &amp#27;[31morg.openqa.selenium.TimeoutException: Timeout when executing request (POST http://localhost:29513/session/629d3544fdaac728cf4f75abbe4b5766/url)
      Build info: version: '4.45.0', revision: 'cd6a3cd cd6a3cdfca6970f62e5bc8344109d0fe0e2af05e'
      System info: os.name: 'Windows 11', os.arch: 'amd64', os.version: '10.0', java.version: '21.0.10'
      Driver info: org.openqa.selenium.chrome.ChromeDriver
      Command: [629d3544fdaac728cf4f75abbe4b5766, get {url=https://www.omrbranch.com/}]
      Capabilities {acceptInsecureCerts: false, browserName: chrome, browserVersion: 149.0.7827.155, chrome: {chromedriverVersion: 149.0.7827.155 (07b52360cc1..., userDataDir: C:\Users\ksdev\AppData\Loca...}, fedcm:accounts: true, goog:chromeOptions: {debuggerAddress: localhost:49347}, goog:processID: 26256, networkConnectionEnabled: false, pageLoadStrategy: normal, platformName: windows, proxy: Proxy(), se:cdp: ws://localhost:49347/devtoo..., se:cdpVersion: 149.0.7827.155, setWindowRect: true, strictFileInteractability: false, timeouts: {implicit: 0, pageLoad: 300000, script: 30000}, unhandledPromptBehavior: dismiss and notify, webauthn:extension:credBlob: true, webauthn:extension:largeBlob: true, webauthn:extension:minPinLength: true, webauthn:extension:prf: true, webauthn:virtualAuthenticators: true}
      Session ID: 629d3544fdaac728cf4f75abbe4b5766
      	at org.openqa.selenium.remote.http.jdk.JdkHttpClient.execute0(JdkHttpClient.java:495)
      	at org.openqa.selenium.remote.http.AddSeleniumUserAgent.lambda$apply$0(AddSeleniumUserAgent.java:46)
      	at org.openqa.selenium.remote.http.Filter.lambda$andFinally$0(Filter.java:55)
      	at org.openqa.selenium.remote.http.jdk.JdkHttpClient.lambda$executeAsync$0(JdkHttpClient.java:399)
      	at java.base/java.util.concurrent.Executors$RunnableAdapter.call(Executors.java:572)
      	at java.base/java.util.concurrent.FutureTask.run(FutureTask.java:317)
      	at java.base/java.util.concurrent.ThreadPoolExecutor.runWorker(ThreadPoolExecutor.java:1144)
      	at java.base/java.util.concurrent.ThreadPoolExecutor$Worker.run(ThreadPoolExecutor.java:642)
      	at java.base/java.lang.Thread.run(Thread.java:1583)
      Caused by: java.net.http.HttpTimeoutException: request timed out
      	at java.net.http/jdk.internal.net.http.HttpClientImpl.send(HttpClientImpl.java:953)
      	at java.net.http/jdk.internal.net.http.HttpClientFacade.send(HttpClientFacade.java:133)
      	at org.openqa.selenium.remote.http.jdk.JdkHttpClient.execute0(JdkHttpClient.java:473)
      	... 8 more&amp#27;[0m
]]></system-out>
  </testcase>
  <testcase name="User enters &quot;salaiilayasuriyan@gmail.com&quot; and &quot;October@1808&quot;" classname="com.omrbranch.runner.TestRunnerClass" time="1.519">
    <system-out><![CDATA[  &amp#27;[32mGiven &amp#27;[0m&amp#27;[32mUser is on the OMR Branch hotel page&amp#27;[0m                                                                        &amp#27;[90m# com.omrbranch.stepdefinition.TC001_LoginSetup.userIsOnTheOMRBranchHotelPage()&amp#27;[0m

    Embedding After Step Screenshot [image/png 806998 bytes]


    Embedding Before Step Screenshot [image/png 806998 bytes]

]]></system-out>
  </testcase>
  <testcase name="User enters &quot;salaiilayasuriyan@gmail.com&quot; and &quot;October@1808&quot;" classname="com.omrbranch.runner.TestRunnerClass" time="0.0">
    <skipped type="io.cucumber.junit.SkippedThrowable"><![CDATA[io.cucumber.junit.SkippedThrowable: This step is skipped
]]></skipped>
    <system-out><![CDATA[  &amp#27;[36mGiven &amp#27;[0m&amp#27;[36mUser is on the OMR Branch hotel page&amp#27;[0m                                                      &amp#27;[90m# com.omrbranch.stepdefinition.TC001_LoginSetup.userIsOnTheOMRBranchHotelPage()&amp#27;[0m
]]></system-out>
  </testcase>
  <testcase name="User enters &quot;salaiilayasuriyan@gmail.com&quot; and &quot;October@1808&quot;" classname="com.omrbranch.runner.TestRunnerClass" time="0.0">
    <skipped type="io.cucumber.junit.SkippedThrowable"><![CDATA[io.cucumber.junit.SkippedThrowable: This step is skipped
]]></skipped>
    <system-out><![CDATA[  &amp#27;[36mGiven &amp#27;[0m&amp#27;[36mUser is on the OMR Branch hotel page&amp#27;[0m                                                                                                                                                                                          &amp#27;[90m# com.omrbranch.stepdefinition.TC001_LoginSetup.userIsOnTheOMRBranchHotelPage()&amp#27;[0m
]]></system-out>
  </testcase>
  <testcase name="User enters &quot;salaiilayasuriyan@gmail.com&quot; and &quot;October@1808&quot;" classname="com.omrbranch.runner.TestRunnerClass" time="0.0">
    <skipped type="io.cucumber.junit.SkippedThrowable"><![CDATA[io.cucumber.junit.SkippedThrowable: This step is skipped
]]></skipped>
    <system-out><![CDATA[  &amp#27;[36mGiven &amp#27;[0m&amp#27;[36mUser is on the OMR Branch hotel page&amp#27;[0m                                                                        &amp#27;[90m# com.omrbranch.stepdefinition.TC001_LoginSetup.userIsOnTheOMRBranchHotelPage()&amp#27;[0m
]]></system-out>
  </testcase>
  <testcase name="User enters &quot;salaiilayasuriyan@gmail.com&quot; and &quot;October@1808&quot;" classname="com.omrbranch.runner.TestRunnerClass" time="0.664">
    <system-out><![CDATA[  &amp#27;[32mGiven &amp#27;[0m&amp#27;[32mUser is on the OMR Branch hotel page&amp#27;[0m                                                                        &amp#27;[90m# com.omrbranch.stepdefinition.TC001_LoginSetup.userIsOnTheOMRBranchHotelPage()&amp#27;[0m

    Embedding After Step Screenshot [image/png 806998 bytes]


    Embedding Before Step Screenshot [image/png 806998 bytes]

]]></system-out>
  </testcase>
  <testcase name="User enters &quot;salaiilayasuriyan@gmail.com&quot; and &quot;October@1808&quot;" classname="com.omrbranch.runner.TestRunnerClass" time="0.621">
    <system-out><![CDATA[  &amp#27;[32mGiven &amp#27;[0m&amp#27;[32mUser is on the OMR Branch hotel page&amp#27;[0m                                                                        &amp#27;[90m# com.omrbranch.stepdefinition.TC001_LoginSetup.userIsOnTheOMRBranchHotelPage()&amp#27;[0m

    Embedding After Step Screenshot [image/png 806998 bytes]


    Embedding Before Step Screenshot [image/png 806998 bytes]

]]></system-out>
  </testcase>
  <testcase name="User enters &quot;salaiilayasuriyan@gmail.com&quot; and &quot;October@1808&quot;" classname="com.omrbranch.runner.TestRunnerClass" time="0.0">
    <skipped type="io.cucumber.junit.SkippedThrowable"><![CDATA[io.cucumber.junit.SkippedThrowable: This step is skipped
]]></skipped>
    <system-out><![CDATA[  &amp#27;[36mGiven &amp#27;[0m&amp#27;[36mUser is on the OMR Branch hotel page&amp#27;[0m                                                                        &amp#27;[90m# com.omrbranch.stepdefinition.TC001_LoginSetup.userIsOnTheOMRBranchHotelPage()&amp#27;[0m
]]></system-out>
  </testcase>
  <testcase name="User should verify success message after login &quot;Welcome Salai&quot;" classname="com.omrbranch.runner.TestRunnerClass" time="0.0">
    <skipped type="io.cucumber.junit.SkippedThrowable"><![CDATA[io.cucumber.junit.SkippedThrowable: This step is skipped
]]></skipped>
    <system-out><![CDATA[  &amp#27;[32mWhen &amp#27;[0m&amp#27;[32mUser enters &amp#27;[0m&amp#27;[32m&amp#27;[1m"salaiilayasuriyan@gmail.com"&amp#27;[0m&amp#27;[32m and &amp#27;[0m&amp#27;[32m&amp#27;[1m"October@1808"&amp#27;[0m                                                 &amp#27;[90m# com.omrbranch.stepdefinition.TC001_LoginSetup.userEntersAnd(java.lang.String,java.lang.String)&amp#27;[0m

    Embedding After Step Screenshot [image/png 808115 bytes]

      &amp#27;[31morg.openqa.selenium.TimeoutException: Timeout when executing request (GET http://localhost:30842/session/2ac639873506b0d7eb0a23012eaf607c/screenshot)
      Build info: version: '4.45.0', revision: 'cd6a3cd cd6a3cdfca6970f62e5bc8344109d0fe0e2af05e'
      System info: os.name: 'Windows 11', os.arch: 'amd64', os.version: '10.0', java.version: '21.0.10'
      Driver info: org.openqa.selenium.chrome.ChromeDriver
      Command: [2ac639873506b0d7eb0a23012eaf607c, screenshot {}]
      Capabilities {acceptInsecureCerts: false, browserName: chrome, browserVersion: 149.0.7827.155, chrome: {chromedriverVersion: 149.0.7827.155 (07b52360cc1..., userDataDir: C:\Users\ksdev\AppData\Loca...}, fedcm:accounts: true, goog:chromeOptions: {debuggerAddress: localhost:63064}, goog:processID: 17640, networkConnectionEnabled: false, pageLoadStrategy: normal, platformName: windows, proxy: Proxy(), se:cdp: ws://localhost:63064/devtoo..., se:cdpVersion: 149.0.7827.155, setWindowRect: true, strictFileInteractability: false, timeouts: {implicit: 0, pageLoad: 300000, script: 30000}, unhandledPromptBehavior: dismiss and notify, webauthn:extension:credBlob: true, webauthn:extension:largeBlob: true, webauthn:extension:minPinLength: true, webauthn:extension:prf: true, webauthn:virtualAuthenticators: true}
      Session ID: 2ac639873506b0d7eb0a23012eaf607c
      	at org.openqa.selenium.remote.http.jdk.JdkHttpClient.execute0(JdkHttpClient.java:495)
      	at org.openqa.selenium.remote.http.AddSeleniumUserAgent.lambda$apply$0(AddSeleniumUserAgent.java:46)
      	at org.openqa.selenium.remote.http.Filter.lambda$andFinally$0(Filter.java:55)
      	at org.openqa.selenium.remote.http.jdk.JdkHttpClient.lambda$executeAsync$0(JdkHttpClient.java:399)
      	at java.base/java.util.concurrent.Executors$RunnableAdapter.call(Executors.java:572)
      	at java.base/java.util.concurrent.FutureTask.run(FutureTask.java:317)
      	at java.base/java.util.concurrent.ThreadPoolExecutor.runWorker(ThreadPoolExecutor.java:1144)
      	at java.base/java.util.concurrent.ThreadPoolExecutor$Worker.run(ThreadPoolExecutor.java:642)
      	at java.base/java.lang.Thread.run(Thread.java:1583)
      Caused by: java.net.http.HttpTimeoutException: request timed out
      	at java.net.http/jdk.internal.net.http.HttpClientImpl.send(HttpClientImpl.java:953)
      	at java.net.http/jdk.internal.net.http.HttpClientFacade.send(HttpClientFacade.java:133)
      	at org.openqa.selenium.remote.http.jdk.JdkHttpClient.execute0(JdkHttpClient.java:473)
      	... 8 more&amp#27;[0m
]]></system-out>
  </testcase>
  <testcase name="User should verify success message after login &quot;Welcome Salai&quot;" classname="com.omrbranch.runner.TestRunnerClass" time="0.0">
    <skipped type="io.cucumber.junit.SkippedThrowable"><![CDATA[io.cucumber.junit.SkippedThrowable: This step is skipped
]]></skipped>
    <system-out><![CDATA[  &amp#27;[36mWhen &amp#27;[0m&amp#27;[36mUser enters &amp#27;[0m&amp#27;[36m&amp#27;[1m"salaiilayasuriyan@gmail.com"&amp#27;[0m&amp#27;[36m and &amp#27;[0m&amp#27;[36m&amp#27;[1m"October@1808"&amp#27;[0m                               &amp#27;[90m# com.omrbranch.stepdefinition.TC001_LoginSetup.userEntersAnd(java.lang.String,java.lang.String)&amp#27;[0m
]]></system-out>
  </testcase>
  <testcase name="User should verify success message after login &quot;Welcome Salai&quot;" classname="com.omrbranch.runner.TestRunnerClass" time="0.0">
    <skipped type="io.cucumber.junit.SkippedThrowable"><![CDATA[io.cucumber.junit.SkippedThrowable: This step is skipped
]]></skipped>
    <system-out><![CDATA[  &amp#27;[36mWhen &amp#27;[0m&amp#27;[36mUser enters &amp#27;[0m&amp#27;[36m&amp#27;[1m"salaiilayasuriyan@gmail.com"&amp#27;[0m&amp#27;[36m and &amp#27;[0m&amp#27;[36m&amp#27;[1m"October@1808"&amp#27;[0m                                                                                                                                                                   &amp#27;[90m# com.omrbranch.stepdefinition.TC001_LoginSetup.userEntersAnd(java.lang.String,java.lang.String)&amp#27;[0m
]]></system-out>
  </testcase>
  <testcase name="User should verify success message after login &quot;Welcome Salai&quot;" classname="com.omrbranch.runner.TestRunnerClass" time="0.0">
    <skipped type="io.cucumber.junit.SkippedThrowable"><![CDATA[io.cucumber.junit.SkippedThrowable: This step is skipped
]]></skipped>
    <system-out><![CDATA[  &amp#27;[36mWhen &amp#27;[0m&amp#27;[36mUser enters &amp#27;[0m&amp#27;[36m&amp#27;[1m"salaiilayasuriyan@gmail.com"&amp#27;[0m&amp#27;[36m and &amp#27;[0m&amp#27;[36m&amp#27;[1m"October@1808"&amp#27;[0m                                                 &amp#27;[90m# com.omrbranch.stepdefinition.TC001_LoginSetup.userEntersAnd(java.lang.String,java.lang.String)&amp#27;[0m
]]></system-out>
  </testcase>
  <testcase name="User should verify success message after login &quot;Welcome Salai&quot;" classname="com.omrbranch.runner.TestRunnerClass" time="5.442">
    <system-out><![CDATA[  &amp#27;[32mWhen &amp#27;[0m&amp#27;[32mUser enters &amp#27;[0m&amp#27;[32m&amp#27;[1m"salaiilayasuriyan@gmail.com"&amp#27;[0m&amp#27;[32m and &amp#27;[0m&amp#27;[32m&amp#27;[1m"October@1808"&amp#27;[0m                                                 &amp#27;[90m# com.omrbranch.stepdefinition.TC001_LoginSetup.userEntersAnd(java.lang.String,java.lang.String)&amp#27;[0m

    Embedding After Step Screenshot [image/png 808116 bytes]


    Embedding Before Step Screenshot [image/png 808029 bytes]

]]></system-out>
  </testcase>
  <testcase name="User should verify success message after login &quot;Welcome Salai&quot;" classname="com.omrbranch.runner.TestRunnerClass" time="238.194">
    <error message="Timeout when executing request (POST http://localhost:46228/session/5c09adfc190c686eebdd05d317e867d9/element)&#10;Build info: version: &apos;4.45.0&apos;, revision: &apos;cd6a3cd cd6a3cdfca6970f62e5bc8344109d0fe0e2af05e&apos;&#10;System info: os.name: &apos;Windows 11&apos;, os.arch: &apos;amd64&apos;, os.version: &apos;10.0&apos;, java.version: &apos;21.0.10&apos;&#10;Driver info: org.openqa.selenium.chrome.ChromeDriver&#10;Command: [5c09adfc190c686eebdd05d317e867d9, findElement {using=xpath, value=//a[contains(text(),&apos;Welcome&apos;)]}]&#10;Capabilities {acceptInsecureCerts: false, browserName: chrome, browserVersion: 149.0.7827.155, chrome: {chromedriverVersion: 149.0.7827.155 (07b52360cc1..., userDataDir: C:\Users\ksdev\AppData\Loca...}, fedcm:accounts: true, goog:chromeOptions: {debuggerAddress: localhost:53978}, goog:processID: 27116, networkConnectionEnabled: false, pageLoadStrategy: normal, platformName: windows, proxy: Proxy(), se:cdp: ws://localhost:53978/devtoo..., se:cdpVersion: 149.0.7827.155, setWindowRect: true, strictFileInteractability: false, timeouts: {implicit: 0, pageLoad: 300000, script: 30000}, unhandledPromptBehavior: dismiss and notify, webauthn:extension:credBlob: true, webauthn:extension:largeBlob: true, webauthn:extension:minPinLength: true, webauthn:extension:prf: true, webauthn:virtualAuthenticators: true}&#10;Session ID: 5c09adfc190c686eebdd05d317e867d9" type="org.openqa.selenium.TimeoutException"><![CDATA[org.openqa.selenium.TimeoutException: 
Timeout when executing request (POST http://localhost:46228/session/5c09adfc190c686eebdd05d317e867d9/element)
Build info: version: '4.45.0', revision: 'cd6a3cd cd6a3cdfca6970f62e5bc8344109d0fe0e2af05e'
System info: os.name: 'Windows 11', os.arch: 'amd64', os.version: '10.0', java.version: '21.0.10'
Driver info: org.openqa.selenium.chrome.ChromeDriver
Command: [5c09adfc190c686eebdd05d317e867d9, findElement {using=xpath, value=//a[contains(text(),'Welcome')]}]
Capabilities {acceptInsecureCerts: false, browserName: chrome, browserVersion: 149.0.7827.155, chrome: {chromedriverVersion: 149.0.7827.155 (07b52360cc1..., userDataDir: C:\Users\ksdev\AppData\Loca...}, fedcm:accounts: true, goog:chromeOptions: {debuggerAddress: localhost:53978}, goog:processID: 27116, networkConnectionEnabled: false, pageLoadStrategy: normal, platformName: windows, proxy: Proxy(), se:cdp: ws://localhost:53978/devtoo..., se:cdpVersion: 149.0.7827.155, setWindowRect: true, strictFileInteractability: false, timeouts: {implicit: 0, pageLoad: 300000, script: 30000}, unhandledPromptBehavior: dismiss and notify, webauthn:extension:credBlob: true, webauthn:extension:largeBlob: true, webauthn:extension:minPinLength: true, webauthn:extension:prf: true, webauthn:virtualAuthenticators: true}
Session ID: 5c09adfc190c686eebdd05d317e867d9
	at org.openqa.selenium.remote.http.jdk.JdkHttpClient.execute0(JdkHttpClient.java:495)
	at org.openqa.selenium.remote.http.AddSeleniumUserAgent.lambda$apply$0(AddSeleniumUserAgent.java:46)
	at org.openqa.selenium.remote.http.Filter.lambda$andFinally$0(Filter.java:55)
	at org.openqa.selenium.remote.http.jdk.JdkHttpClient.lambda$executeAsync$0(JdkHttpClient.java:399)
	at java.base/java.util.concurrent.Executors$RunnableAdapter.call(Executors.java:572)
	at java.base/java.util.concurrent.FutureTask.run(FutureTask.java:317)
	at java.base/java.util.concurrent.ThreadPoolExecutor.runWorker(ThreadPoolExecutor.java:1144)
	at java.base/java.util.concurrent.ThreadPoolExecutor$Worker.run(ThreadPoolExecutor.java:642)
	at java.base/java.lang.Thread.run(Thread.java:1583)
Caused by: java.net.http.HttpTimeoutException: request timed out
	at java.net.http/jdk.internal.net.http.HttpClientImpl.send(HttpClientImpl.java:953)
	at java.net.http/jdk.internal.net.http.HttpClientFacade.send(HttpClientFacade.java:133)
	at org.openqa.selenium.remote.http.jdk.JdkHttpClient.execute0(JdkHttpClient.java:473)
	... 8 more
]]></error>
    <system-out><![CDATA[  &amp#27;[32mWhen &amp#27;[0m&amp#27;[32mUser enters &amp#27;[0m&amp#27;[32m&amp#27;[1m"salaiilayasuriyan@gmail.com"&amp#27;[0m&amp#27;[32m and &amp#27;[0m&amp#27;[32m&amp#27;[1m"October@1808"&amp#27;[0m                                                 &amp#27;[90m# com.omrbranch.stepdefinition.TC001_LoginSetup.userEntersAnd(java.lang.String,java.lang.String)&amp#27;[0m

    Embedding After Step Screenshot [image/png 808046 bytes]


    Embedding Before Step Screenshot [image/png 823668 bytes]

]]></system-out>
  </testcase>
  <testcase name="User should verify success message after login &quot;Welcome Salai&quot;" classname="com.omrbranch.runner.TestRunnerClass" time="0.0">
    <skipped type="io.cucumber.junit.SkippedThrowable"><![CDATA[io.cucumber.junit.SkippedThrowable: This step is skipped
]]></skipped>
    <system-out><![CDATA[  &amp#27;[36mWhen &amp#27;[0m&amp#27;[36mUser enters &amp#27;[0m&amp#27;[36m&amp#27;[1m"salaiilayasuriyan@gmail.com"&amp#27;[0m&amp#27;[36m and &amp#27;[0m&amp#27;[36m&amp#27;[1m"October@1808"&amp#27;[0m                                                 &amp#27;[90m# com.omrbranch.stepdefinition.TC001_LoginSetup.userEntersAnd(java.lang.String,java.lang.String)&amp#27;[0m
]]></system-out>
  </testcase>
  <testcase name="User search hotel &quot;Tamil Nadu&quot;, &quot;Chennai&quot;, &quot;Suite&quot;, &quot;25-05-2026&quot;, &quot;26-05-2026&quot;, &quot;1-One&quot;, &quot;2-Two&quot; and &quot;1-One&quot;" classname="com.omrbranch.runner.TestRunnerClass" time="0.0">
    <skipped type="io.cucumber.junit.SkippedThrowable"><![CDATA[io.cucumber.junit.SkippedThrowable: This step is skipped
]]></skipped>
    <system-out><![CDATA[  &amp#27;[36mThen &amp#27;[0m&amp#27;[36mUser should verify success message after login &amp#27;[0m&amp#27;[36m&amp#27;[1m"Welcome Salai"&amp#27;[0m                                               &amp#27;[90m# com.omrbranch.stepdefinition.TC001_LoginSetup.userShouldVerifySuccessMessageAfterLogin(java.lang.String)&amp#27;[0m
      &amp#27;[31morg.openqa.selenium.TimeoutException: Timeout when executing request (GET http://localhost:30842/session/2ac639873506b0d7eb0a23012eaf607c/screenshot)
      Build info: version: '4.45.0', revision: 'cd6a3cd cd6a3cdfca6970f62e5bc8344109d0fe0e2af05e'
      System info: os.name: 'Windows 11', os.arch: 'amd64', os.version: '10.0', java.version: '21.0.10'
      Driver info: org.openqa.selenium.chrome.ChromeDriver
      Command: [2ac639873506b0d7eb0a23012eaf607c, screenshot {}]
      Capabilities {acceptInsecureCerts: false, browserName: chrome, browserVersion: 149.0.7827.155, chrome: {chromedriverVersion: 149.0.7827.155 (07b52360cc1..., userDataDir: C:\Users\ksdev\AppData\Loca...}, fedcm:accounts: true, goog:chromeOptions: {debuggerAddress: localhost:63064}, goog:processID: 17640, networkConnectionEnabled: false, pageLoadStrategy: normal, platformName: windows, proxy: Proxy(), se:cdp: ws://localhost:63064/devtoo..., se:cdpVersion: 149.0.7827.155, setWindowRect: true, strictFileInteractability: false, timeouts: {implicit: 0, pageLoad: 300000, script: 30000}, unhandledPromptBehavior: dismiss and notify, webauthn:extension:credBlob: true, webauthn:extension:largeBlob: true, webauthn:extension:minPinLength: true, webauthn:extension:prf: true, webauthn:virtualAuthenticators: true}
      Session ID: 2ac639873506b0d7eb0a23012eaf607c
      	at org.openqa.selenium.remote.http.jdk.JdkHttpClient.execute0(JdkHttpClient.java:495)
      	at org.openqa.selenium.remote.http.AddSeleniumUserAgent.lambda$apply$0(AddSeleniumUserAgent.java:46)
      	at org.openqa.selenium.remote.http.Filter.lambda$andFinally$0(Filter.java:55)
      	at org.openqa.selenium.remote.http.jdk.JdkHttpClient.lambda$executeAsync$0(JdkHttpClient.java:399)
      	at java.base/java.util.concurrent.Executors$RunnableAdapter.call(Executors.java:572)
      	at java.base/java.util.concurrent.FutureTask.run(FutureTask.java:317)
      	at java.base/java.util.concurrent.ThreadPoolExecutor.runWorker(ThreadPoolExecutor.java:1144)
      	at java.base/java.util.concurrent.ThreadPoolExecutor$Worker.run(ThreadPoolExecutor.java:642)
      	at java.base/java.lang.Thread.run(Thread.java:1583)
      Caused by: java.net.http.HttpTimeoutException: request timed out
      	at java.net.http/jdk.internal.net.http.HttpClientImpl.send(HttpClientImpl.java:953)
      	at java.net.http/jdk.internal.net.http.HttpClientFacade.send(HttpClientFacade.java:133)
      	at org.openqa.selenium.remote.http.jdk.JdkHttpClient.execute0(JdkHttpClient.java:473)
      	... 8 more&amp#27;[0m
]]></system-out>
  </testcase>
  <testcase name="User search hotel &quot;Tamil Nadu&quot;, &quot;Chennai&quot;, &quot;Suite&quot;, &quot;25-05-2026&quot;, &quot;26-05-2026&quot;, &quot;1-One&quot;, &quot;2-Two&quot; and &quot;1-One&quot;" classname="com.omrbranch.runner.TestRunnerClass" time="0.0">
    <skipped type="io.cucumber.junit.SkippedThrowable"><![CDATA[io.cucumber.junit.SkippedThrowable: This step is skipped
]]></skipped>
    <system-out><![CDATA[  &amp#27;[36mThen &amp#27;[0m&amp#27;[36mUser should verify success message after login &amp#27;[0m&amp#27;[36m&amp#27;[1m"Welcome Salai"&amp#27;[0m                                               &amp#27;[90m# com.omrbranch.stepdefinition.TC001_LoginSetup.userShouldVerifySuccessMessageAfterLogin(java.lang.String)&amp#27;[0m
]]></system-out>
  </testcase>
  <testcase name="User search hotel &quot;Tamil Nadu&quot;, &quot;Chennai&quot;, &quot;Suite&quot;, &quot;25-05-2026&quot;, &quot;26-05-2026&quot;, &quot;1-One&quot;, &quot;2-Two&quot; and &quot;1-One&quot;" classname="com.omrbranch.runner.TestRunnerClass" time="12.085">
    <error message="invalid session id: session deleted as the browser has closed the connection&#10;from disconnected: unable to send message to renderer&#10;  (Session info: chrome=149.0.7827.155)&#10;Build info: version: &apos;4.45.0&apos;, revision: &apos;cd6a3cd cd6a3cdfca6970f62e5bc8344109d0fe0e2af05e&apos;&#10;System info: os.name: &apos;Windows 11&apos;, os.arch: &apos;amd64&apos;, os.version: &apos;10.0&apos;, java.version: &apos;21.0.10&apos;&#10;Driver info: org.openqa.selenium.chrome.ChromeDriver&#10;Command: [33bd06e0b25e9e357231105d000daa6f, findElement {using=xpath, value=//span[@title=&apos;Select City *&apos;]}]&#10;Capabilities {acceptInsecureCerts: false, browserName: chrome, browserVersion: 149.0.7827.155, chrome: {chromedriverVersion: 149.0.7827.155 (07b52360cc1..., userDataDir: C:\Users\ksdev\AppData\Loca...}, fedcm:accounts: true, goog:chromeOptions: {debuggerAddress: localhost:54685}, goog:processID: 13620, networkConnectionEnabled: false, pageLoadStrategy: normal, platformName: windows, proxy: Proxy(), se:cdp: ws://localhost:54685/devtoo..., se:cdpVersion: 149.0.7827.155, setWindowRect: true, strictFileInteractability: false, timeouts: {implicit: 0, pageLoad: 300000, script: 30000}, unhandledPromptBehavior: dismiss and notify, webauthn:extension:credBlob: true, webauthn:extension:largeBlob: true, webauthn:extension:minPinLength: true, webauthn:extension:prf: true, webauthn:virtualAuthenticators: true}&#10;Session ID: 33bd06e0b25e9e357231105d000daa6f" type="org.openqa.selenium.NoSuchSessionException"><![CDATA[org.openqa.selenium.NoSuchSessionException: 
invalid session id: session deleted as the browser has closed the connection
from disconnected: unable to send message to renderer
  (Session info: chrome=149.0.7827.155)
Build info: version: '4.45.0', revision: 'cd6a3cd cd6a3cdfca6970f62e5bc8344109d0fe0e2af05e'
System info: os.name: 'Windows 11', os.arch: 'amd64', os.version: '10.0', java.version: '21.0.10'
Driver info: org.openqa.selenium.chrome.ChromeDriver
Command: [33bd06e0b25e9e357231105d000daa6f, findElement {using=xpath, value=//span[@title='Select City *']}]
Capabilities {acceptInsecureCerts: false, browserName: chrome, browserVersion: 149.0.7827.155, chrome: {chromedriverVersion: 149.0.7827.155 (07b52360cc1..., userDataDir: C:\Users\ksdev\AppData\Loca...}, fedcm:accounts: true, goog:chromeOptions: {debuggerAddress: localhost:54685}, goog:processID: 13620, networkConnectionEnabled: false, pageLoadStrategy: normal, platformName: windows, proxy: Proxy(), se:cdp: ws://localhost:54685/devtoo..., se:cdpVersion: 149.0.7827.155, setWindowRect: true, strictFileInteractability: false, timeouts: {implicit: 0, pageLoad: 300000, script: 30000}, unhandledPromptBehavior: dismiss and notify, webauthn:extension:credBlob: true, webauthn:extension:largeBlob: true, webauthn:extension:minPinLength: true, webauthn:extension:prf: true, webauthn:virtualAuthenticators: true}
Session ID: 33bd06e0b25e9e357231105d000daa6f
	at org.openqa.selenium.remote.ErrorCodec.decode(ErrorCodec.java:169)
	at org.openqa.selenium.remote.codec.w3c.W3CHttpResponseCodec.decode(W3CHttpResponseCodec.java:143)
	at org.openqa.selenium.remote.codec.w3c.W3CHttpResponseCodec.decode(W3CHttpResponseCodec.java:50)
	at org.openqa.selenium.remote.HttpCommandExecutor.execute(HttpCommandExecutor.java:196)
	at org.openqa.selenium.remote.service.DriverCommandExecutor.invokeExecute(DriverCommandExecutor.java:217)
	at org.openqa.selenium.remote.service.DriverCommandExecutor.execute(DriverCommandExecutor.java:175)
	at org.openqa.selenium.remote.RemoteWebDriver.execute(RemoteWebDriver.java:575)
	at org.openqa.selenium.remote.ElementLocation$ElementFinder$2.findElement(ElementLocation.java:173)
	at org.openqa.selenium.remote.ElementLocation.findElement(ElementLocation.java:60)
	at org.openqa.selenium.remote.RemoteWebDriver.findElement(RemoteWebDriver.java:396)
	at org.openqa.selenium.remote.RemoteWebDriver.findElement(RemoteWebDriver.java:390)
	at org.openqa.selenium.support.pagefactory.DefaultElementLocator.findElement(DefaultElementLocator.java:69)
	at org.openqa.selenium.support.pagefactory.internal.LocatingElementHandler.invoke(LocatingElementHandler.java:38)
	at jdk.proxy2/jdk.proxy2.$Proxy24.isDisplayed(Unknown Source)
	at org.openqa.selenium.support.ui.ExpectedConditions.elementIfVisible(ExpectedConditions.java:365)
	at org.openqa.selenium.support.ui.ExpectedConditions$10.apply(ExpectedConditions.java:351)
	at org.openqa.selenium.support.ui.ExpectedConditions$10.apply(ExpectedConditions.java:348)
	at org.openqa.selenium.support.ui.FluentWait.until(FluentWait.java:210)
	at com.omrbranch.utility.BaseClass.visibilityOfElement(BaseClass.java:62)
	at com.omrbranch.utility.BaseClass.clickElement(BaseClass.java:179)
	at com.omrbranch.pages.ExploreHotelPage.userSearchHotelWithAllDetails(ExploreHotelPage.java:117)
	at com.omrbranch.stepdefinition.TC002_ExploreHotelStep.userSearchHotelAnd(TC002_ExploreHotelStep.java:18)
	at ✽.User search hotel "Tamil Nadu", "Chennai", "Suite", "25-05-2026", "26-05-2026", "1-One", "2-Two" and "1-One"(file:///C:/Users/ksdev/eclipse-workspace/OMRBranchHotelProject_Salai/src/test/resources/features/TC002_ExploreHotel.feature:42)
]]></error>
    <system-out><![CDATA[  &amp#27;[32mThen &amp#27;[0m&amp#27;[32mUser should verify success message after login &amp#27;[0m&amp#27;[32m&amp#27;[1m"Welcome Salai"&amp#27;[0m                                               &amp#27;[90m# com.omrbranch.stepdefinition.TC001_LoginSetup.userShouldVerifySuccessMessageAfterLogin(java.lang.String)&amp#27;[0m

    Embedding After Step Screenshot [image/png 703609 bytes]


    Embedding Before Step Screenshot [image/png 703609 bytes]

]]></system-out>
  </testcase>
  <testcase name="User search hotel &quot;Tamil Nadu&quot;, &quot;Chennai&quot;, &quot;Suite&quot;, &quot;25-05-2026&quot;, &quot;26-05-2026&quot;, &quot;1-One&quot;, &quot;2-Two&quot; and &quot;1-One&quot;" classname="com.omrbranch.runner.TestRunnerClass" time="0.0">
    <skipped type="io.cucumber.junit.SkippedThrowable"><![CDATA[io.cucumber.junit.SkippedThrowable: This step is skipped
]]></skipped>
    <system-out><![CDATA[  &amp#27;[31mThen &amp#27;[0m&amp#27;[31mUser should verify success message after login &amp#27;[0m&amp#27;[31m&amp#27;[1m"Welcome Salai"&amp#27;[0m                                               &amp#27;[90m# com.omrbranch.stepdefinition.TC001_LoginSetup.userShouldVerifySuccessMessageAfterLogin(java.lang.String)&amp#27;[0m
      &amp#27;[31morg.openqa.selenium.TimeoutException: Timeout when executing request (POST http://localhost:46228/session/5c09adfc190c686eebdd05d317e867d9/element)
      Build info: version: '4.45.0', revision: 'cd6a3cd cd6a3cdfca6970f62e5bc8344109d0fe0e2af05e'
      System info: os.name: 'Windows 11', os.arch: 'amd64', os.version: '10.0', java.version: '21.0.10'
      Driver info: org.openqa.selenium.chrome.ChromeDriver
      Command: [5c09adfc190c686eebdd05d317e867d9, findElement {using=xpath, value=//a[contains(text(),'Welcome')]}]
      Capabilities {acceptInsecureCerts: false, browserName: chrome, browserVersion: 149.0.7827.155, chrome: {chromedriverVersion: 149.0.7827.155 (07b52360cc1..., userDataDir: C:\Users\ksdev\AppData\Loca...}, fedcm:accounts: true, goog:chromeOptions: {debuggerAddress: localhost:53978}, goog:processID: 27116, networkConnectionEnabled: false, pageLoadStrategy: normal, platformName: windows, proxy: Proxy(), se:cdp: ws://localhost:53978/devtoo..., se:cdpVersion: 149.0.7827.155, setWindowRect: true, strictFileInteractability: false, timeouts: {implicit: 0, pageLoad: 300000, script: 30000}, unhandledPromptBehavior: dismiss and notify, webauthn:extension:credBlob: true, webauthn:extension:largeBlob: true, webauthn:extension:minPinLength: true, webauthn:extension:prf: true, webauthn:virtualAuthenticators: true}
      Session ID: 5c09adfc190c686eebdd05d317e867d9
      	at org.openqa.selenium.remote.http.jdk.JdkHttpClient.execute0(JdkHttpClient.java:495)
      	at org.openqa.selenium.remote.http.AddSeleniumUserAgent.lambda$apply$0(AddSeleniumUserAgent.java:46)
      	at org.openqa.selenium.remote.http.Filter.lambda$andFinally$0(Filter.java:55)
      	at org.openqa.selenium.remote.http.jdk.JdkHttpClient.lambda$executeAsync$0(JdkHttpClient.java:399)
      	at java.base/java.util.concurrent.Executors$RunnableAdapter.call(Executors.java:572)
      	at java.base/java.util.concurrent.FutureTask.run(FutureTask.java:317)
      	at java.base/java.util.concurrent.ThreadPoolExecutor.runWorker(ThreadPoolExecutor.java:1144)
      	at java.base/java.util.concurrent.ThreadPoolExecutor$Worker.run(ThreadPoolExecutor.java:642)
      	at java.base/java.lang.Thread.run(Thread.java:1583)
      Caused by: java.net.http.HttpTimeoutException: request timed out
      	at java.net.http/jdk.internal.net.http.HttpClientImpl.send(HttpClientImpl.java:953)
      	at java.net.http/jdk.internal.net.http.HttpClientFacade.send(HttpClientFacade.java:133)
      	at org.openqa.selenium.remote.http.jdk.JdkHttpClient.execute0(JdkHttpClient.java:473)
      	... 8 more&amp#27;[0m
      &amp#27;[31morg.openqa.selenium.NoSuchSessionException: invalid session id
      Build info: version: '4.45.0', revision: 'cd6a3cd cd6a3cdfca6970f62e5bc8344109d0fe0e2af05e'
      System info: os.name: 'Windows 11', os.arch: 'amd64', os.version: '10.0', java.version: '21.0.10'
      Driver info: org.openqa.selenium.chrome.ChromeDriver
      Command: [5c09adfc190c686eebdd05d317e867d9, screenshot {}]
      Capabilities {acceptInsecureCerts: false, browserName: chrome, browserVersion: 149.0.7827.155, chrome: {chromedriverVersion: 149.0.7827.155 (07b52360cc1..., userDataDir: C:\Users\ksdev\AppData\Loca...}, fedcm:accounts: true, goog:chromeOptions: {debuggerAddress: localhost:53978}, goog:processID: 27116, networkConnectionEnabled: false, pageLoadStrategy: normal, platformName: windows, proxy: Proxy(), se:cdp: ws://localhost:53978/devtoo..., se:cdpVersion: 149.0.7827.155, setWindowRect: true, strictFileInteractability: false, timeouts: {implicit: 0, pageLoad: 300000, script: 30000}, unhandledPromptBehavior: dismiss and notify, webauthn:extension:credBlob: true, webauthn:extension:largeBlob: true, webauthn:extension:minPinLength: true, webauthn:extension:prf: true, webauthn:virtualAuthenticators: true}
      Session ID: 5c09adfc190c686eebdd05d317e867d9
      	at org.openqa.selenium.remote.ErrorCodec.decode(ErrorCodec.java:169)
      	at org.openqa.selenium.remote.codec.w3c.W3CHttpResponseCodec.decode(W3CHttpResponseCodec.java:143)
      	at org.openqa.selenium.remote.codec.w3c.W3CHttpResponseCodec.decode(W3CHttpResponseCodec.java:50)
      	at org.openqa.selenium.remote.HttpCommandExecutor.execute(HttpCommandExecutor.java:196)
      	at org.openqa.selenium.remote.service.DriverCommandExecutor.invokeExecute(DriverCommandExecutor.java:217)
      	at org.openqa.selenium.remote.service.DriverCommandExecutor.execute(DriverCommandExecutor.java:175)
      	at org.openqa.selenium.remote.RemoteWebDriver.execute(RemoteWebDriver.java:575)
      	at org.openqa.selenium.remote.RemoteWebDriver.execute(RemoteWebDriver.java:657)
      	at org.openqa.selenium.remote.RemoteWebDriver.execute(RemoteWebDriver.java:661)
      	at org.openqa.selenium.remote.RemoteWebDriver.getScreenshotAs(RemoteWebDriver.java:362)
      	at com.omrbranch.utility.BaseClass.screenshot(BaseClass.java:36)
      	at com.omrbranch.hooks.HooksClass.afterEachStep(HooksClass.java:45)&amp#27;[0m
]]></system-out>
  </testcase>
  <testcase name="User search hotel &quot;Tamil Nadu&quot;, &quot;Chennai&quot;, &quot;Suite&quot;, &quot;25-05-2026&quot;, &quot;26-05-2026&quot;, &quot;1-One&quot;, &quot;2-Two&quot; and &quot;1-One&quot;" classname="com.omrbranch.runner.TestRunnerClass" time="0.0">
    <skipped type="io.cucumber.junit.SkippedThrowable"><![CDATA[io.cucumber.junit.SkippedThrowable: This step is skipped
]]></skipped>
    <system-out><![CDATA[  &amp#27;[36mThen &amp#27;[0m&amp#27;[36mUser should verify success message after login &amp#27;[0m&amp#27;[36m&amp#27;[1m"Welcome Salai"&amp#27;[0m                                               &amp#27;[90m# com.omrbranch.stepdefinition.TC001_LoginSetup.userShouldVerifySuccessMessageAfterLogin(java.lang.String)&amp#27;[0m
]]></system-out>
  </testcase>
  <testcase name="User should verify after search hotel success message &quot;Select Hotel&quot;" classname="com.omrbranch.runner.TestRunnerClass" time="0.0">
    <skipped type="io.cucumber.junit.SkippedThrowable"><![CDATA[io.cucumber.junit.SkippedThrowable: This step is skipped
]]></skipped>
    <system-out><![CDATA[  &amp#27;[36mWhen &amp#27;[0m&amp#27;[36mUser search hotel &amp#27;[0m&amp#27;[36m&amp#27;[1m"Tamil Nadu"&amp#27;[0m&amp#27;[36m, &amp#27;[0m&amp#27;[36m&amp#27;[1m"Chennai"&amp#27;[0m&amp#27;[36m, &amp#27;[0m&amp#27;[36m&amp#27;[1m"Suite"&amp#27;[0m&amp#27;[36m, &amp#27;[0m&amp#27;[36m&amp#27;[1m"25-05-2026"&amp#27;[0m&amp#27;[36m, &amp#27;[0m&amp#27;[36m&amp#27;[1m"26-05-2026"&amp#27;[0m&amp#27;[36m, &amp#27;[0m&amp#27;[36m&amp#27;[1m"1-One"&amp#27;[0m&amp#27;[36m, &amp#27;[0m&amp#27;[36m&amp#27;[1m"2-Two"&amp#27;[0m&amp#27;[36m and &amp#27;[0m&amp#27;[36m&amp#27;[1m"1-One"&amp#27;[0m &amp#27;[90m# com.omrbranch.stepdefinition.TC002_ExploreHotelStep.userSearchHotelAnd(java.lang.String,java.lang.String,java.lang.String,java.lang.String,java.lang.String,java.lang.String,java.lang.String,java.lang.String)&amp#27;[0m
]]></system-out>
  </testcase>
  <testcase name="User should verify after search hotel success message &quot;Select Hotel&quot;" classname="com.omrbranch.runner.TestRunnerClass" time="0.0">
    <skipped type="io.cucumber.junit.SkippedThrowable"><![CDATA[io.cucumber.junit.SkippedThrowable: This step is skipped
]]></skipped>
    <system-out><![CDATA[  &amp#27;[36mWhen &amp#27;[0m&amp#27;[36mUser search hotel &amp#27;[0m&amp#27;[36m&amp#27;[1m"Tamil Nadu"&amp#27;[0m&amp#27;[36m, &amp#27;[0m&amp#27;[36m&amp#27;[1m"Chennai"&amp#27;[0m&amp#27;[36m, &amp#27;[0m&amp#27;[36m&amp#27;[1m"25-05-2026"&amp#27;[0m&amp#27;[36m, &amp#27;[0m&amp#27;[36m&amp#27;[1m"26-05-2026"&amp#27;[0m&amp#27;[36m, &amp#27;[0m&amp#27;[36m&amp#27;[1m"1-One"&amp#27;[0m&amp#27;[36m and &amp#27;[0m&amp#27;[36m&amp#27;[1m"2-Two"&amp#27;[0m &amp#27;[90m# com.omrbranch.stepdefinition.TC002_ExploreHotelStep.userSearchHotelAnd(java.lang.String,java.lang.String,java.lang.String,java.lang.String,java.lang.String,java.lang.String)&amp#27;[0m
]]></system-out>
  </testcase>
  <testcase name="User should verify after search hotel success message &quot;Select Hotel&quot;" classname="com.omrbranch.runner.TestRunnerClass" time="0.0">
    <skipped type="io.cucumber.junit.SkippedThrowable"><![CDATA[io.cucumber.junit.SkippedThrowable: This step is skipped
]]></skipped>
    <system-out><![CDATA[  &amp#27;[36mWhen &amp#27;[0m&amp#27;[36mUser search hotel &amp#27;[0m&amp#27;[36m&amp#27;[1m"Tamil Nadu"&amp#27;[0m&amp#27;[36m, &amp#27;[0m&amp#27;[36m&amp#27;[1m"Chennai"&amp#27;[0m&amp#27;[36m, &amp#27;[0m&amp#27;[36m&amp#27;[1m"Suite"&amp#27;[0m&amp#27;[36m, &amp#27;[0m&amp#27;[36m&amp#27;[1m"25-05-2026"&amp#27;[0m&amp#27;[36m, &amp#27;[0m&amp#27;[36m&amp#27;[1m"26-05-2026"&amp#27;[0m&amp#27;[36m, &amp#27;[0m&amp#27;[36m&amp#27;[1m"1-One"&amp#27;[0m&amp#27;[36m, &amp#27;[0m&amp#27;[36m&amp#27;[1m"2-Two"&amp#27;[0m&amp#27;[36m and &amp#27;[0m&amp#27;[36m&amp#27;[1m"1-One"&amp#27;[0m &amp#27;[90m# com.omrbranch.stepdefinition.TC002_ExploreHotelStep.userSearchHotelAnd(java.lang.String,java.lang.String,java.lang.String,java.lang.String,java.lang.String,java.lang.String,java.lang.String,java.lang.String)&amp#27;[0m
]]></system-out>
  </testcase>
  <testcase name="User should verify after search hotel success message &quot;Select Hotel&quot;" classname="com.omrbranch.runner.TestRunnerClass" time="0.0">
    <skipped type="io.cucumber.junit.SkippedThrowable"><![CDATA[io.cucumber.junit.SkippedThrowable: This step is skipped
]]></skipped>
    <system-out><![CDATA[  &amp#27;[31mWhen &amp#27;[0m&amp#27;[31mUser search hotel &amp#27;[0m&amp#27;[31m&amp#27;[1m"Tamil Nadu"&amp#27;[0m&amp#27;[31m, &amp#27;[0m&amp#27;[31m&amp#27;[1m"Chennai"&amp#27;[0m&amp#27;[31m, &amp#27;[0m&amp#27;[31m&amp#27;[1m"Suite"&amp#27;[0m&amp#27;[31m, &amp#27;[0m&amp#27;[31m&amp#27;[1m"25-05-2026"&amp#27;[0m&amp#27;[31m, &amp#27;[0m&amp#27;[31m&amp#27;[1m"26-05-2026"&amp#27;[0m&amp#27;[31m, &amp#27;[0m&amp#27;[31m&amp#27;[1m"1-One"&amp#27;[0m&amp#27;[31m, &amp#27;[0m&amp#27;[31m&amp#27;[1m"2-Two"&amp#27;[0m&amp#27;[31m and &amp#27;[0m&amp#27;[31m&amp#27;[1m"1-One"&amp#27;[0m &amp#27;[90m# com.omrbranch.stepdefinition.TC002_ExploreHotelStep.userSearchHotelAnd(java.lang.String,java.lang.String,java.lang.String,java.lang.String,java.lang.String,java.lang.String,java.lang.String,java.lang.String)&amp#27;[0m
      &amp#27;[31morg.openqa.selenium.NoSuchSessionException: invalid session id: session deleted as the browser has closed the connection
      from disconnected: unable to send message to renderer
        (Session info: chrome=149.0.7827.155)
      Build info: version: '4.45.0', revision: 'cd6a3cd cd6a3cdfca6970f62e5bc8344109d0fe0e2af05e'
      System info: os.name: 'Windows 11', os.arch: 'amd64', os.version: '10.0', java.version: '21.0.10'
      Driver info: org.openqa.selenium.chrome.ChromeDriver
      Command: [33bd06e0b25e9e357231105d000daa6f, findElement {using=xpath, value=//span[@title='Select City *']}]
      Capabilities {acceptInsecureCerts: false, browserName: chrome, browserVersion: 149.0.7827.155, chrome: {chromedriverVersion: 149.0.7827.155 (07b52360cc1..., userDataDir: C:\Users\ksdev\AppData\Loca...}, fedcm:accounts: true, goog:chromeOptions: {debuggerAddress: localhost:54685}, goog:processID: 13620, networkConnectionEnabled: false, pageLoadStrategy: normal, platformName: windows, proxy: Proxy(), se:cdp: ws://localhost:54685/devtoo..., se:cdpVersion: 149.0.7827.155, setWindowRect: true, strictFileInteractability: false, timeouts: {implicit: 0, pageLoad: 300000, script: 30000}, unhandledPromptBehavior: dismiss and notify, webauthn:extension:credBlob: true, webauthn:extension:largeBlob: true, webauthn:extension:minPinLength: true, webauthn:extension:prf: true, webauthn:virtualAuthenticators: true}
      Session ID: 33bd06e0b25e9e357231105d000daa6f
      	at org.openqa.selenium.remote.ErrorCodec.decode(ErrorCodec.java:169)
      	at org.openqa.selenium.remote.codec.w3c.W3CHttpResponseCodec.decode(W3CHttpResponseCodec.java:143)
      	at org.openqa.selenium.remote.codec.w3c.W3CHttpResponseCodec.decode(W3CHttpResponseCodec.java:50)
      	at org.openqa.selenium.remote.HttpCommandExecutor.execute(HttpCommandExecutor.java:196)
      	at org.openqa.selenium.remote.service.DriverCommandExecutor.invokeExecute(DriverCommandExecutor.java:217)
      	at org.openqa.selenium.remote.service.DriverCommandExecutor.execute(DriverCommandExecutor.java:175)
      	at org.openqa.selenium.remote.RemoteWebDriver.execute(RemoteWebDriver.java:575)
      	at org.openqa.selenium.remote.ElementLocation$ElementFinder$2.findElement(ElementLocation.java:173)
      	at org.openqa.selenium.remote.ElementLocation.findElement(ElementLocation.java:60)
      	at org.openqa.selenium.remote.RemoteWebDriver.findElement(RemoteWebDriver.java:396)
      	at org.openqa.selenium.remote.RemoteWebDriver.findElement(RemoteWebDriver.java:390)
      	at org.openqa.selenium.support.pagefactory.DefaultElementLocator.findElement(DefaultElementLocator.java:69)
      	at org.openqa.selenium.support.pagefactory.internal.LocatingElementHandler.invoke(LocatingElementHandler.java:38)
      	at jdk.proxy2/jdk.proxy2.$Proxy24.isDisplayed(Unknown Source)
      	at org.openqa.selenium.support.ui.ExpectedConditions.elementIfVisible(ExpectedConditions.java:365)
      	at org.openqa.selenium.support.ui.ExpectedConditions$10.apply(ExpectedConditions.java:351)
      	at org.openqa.selenium.support.ui.ExpectedConditions$10.apply(ExpectedConditions.java:348)
      	at org.openqa.selenium.support.ui.FluentWait.until(FluentWait.java:210)
      	at com.omrbranch.utility.BaseClass.visibilityOfElement(BaseClass.java:62)
      	at com.omrbranch.utility.BaseClass.clickElement(BaseClass.java:179)
      	at com.omrbranch.pages.ExploreHotelPage.userSearchHotelWithAllDetails(ExploreHotelPage.java:117)
      	at com.omrbranch.stepdefinition.TC002_ExploreHotelStep.userSearchHotelAnd(TC002_ExploreHotelStep.java:18)
      	at ✽.User search hotel "Tamil Nadu", "Chennai", "Suite", "25-05-2026", "26-05-2026", "1-One", "2-Two" and "1-One"(file:///C:/Users/ksdev/eclipse-workspace/OMRBranchHotelProject_Salai/src/test/resources/features/TC002_ExploreHotel.feature:42)&amp#27;[0m
      &amp#27;[31morg.openqa.selenium.NoSuchSessionException: invalid session id
      Build info: version: '4.45.0', revision: 'cd6a3cd cd6a3cdfca6970f62e5bc8344109d0fe0e2af05e'
      System info: os.name: 'Windows 11', os.arch: 'amd64', os.version: '10.0', java.version: '21.0.10'
      Driver info: org.openqa.selenium.chrome.ChromeDriver
      Command: [33bd06e0b25e9e357231105d000daa6f, screenshot {}]
      Capabilities {acceptInsecureCerts: false, browserName: chrome, browserVersion: 149.0.7827.155, chrome: {chromedriverVersion: 149.0.7827.155 (07b52360cc1..., userDataDir: C:\Users\ksdev\AppData\Loca...}, fedcm:accounts: true, goog:chromeOptions: {debuggerAddress: localhost:54685}, goog:processID: 13620, networkConnectionEnabled: false, pageLoadStrategy: normal, platformName: windows, proxy: Proxy(), se:cdp: ws://localhost:54685/devtoo..., se:cdpVersion: 149.0.7827.155, setWindowRect: true, strictFileInteractability: false, timeouts: {implicit: 0, pageLoad: 300000, script: 30000}, unhandledPromptBehavior: dismiss and notify, webauthn:extension:credBlob: true, webauthn:extension:largeBlob: true, webauthn:extension:minPinLength: true, webauthn:extension:prf: true, webauthn:virtualAuthenticators: true}
      Session ID: 33bd06e0b25e9e357231105d000daa6f
      	at org.openqa.selenium.remote.ErrorCodec.decode(ErrorCodec.java:169)
      	at org.openqa.selenium.remote.codec.w3c.W3CHttpResponseCodec.decode(W3CHttpResponseCodec.java:143)
      	at org.openqa.selenium.remote.codec.w3c.W3CHttpResponseCodec.decode(W3CHttpResponseCodec.java:50)
      	at org.openqa.selenium.remote.HttpCommandExecutor.execute(HttpCommandExecutor.java:196)
      	at org.openqa.selenium.remote.service.DriverCommandExecutor.invokeExecute(DriverCommandExecutor.java:217)
      	at org.openqa.selenium.remote.service.DriverCommandExecutor.execute(DriverCommandExecutor.java:175)
      	at org.openqa.selenium.remote.RemoteWebDriver.execute(RemoteWebDriver.java:575)
      	at org.openqa.selenium.remote.RemoteWebDriver.execute(RemoteWebDriver.java:657)
      	at org.openqa.selenium.remote.RemoteWebDriver.execute(RemoteWebDriver.java:661)
      	at org.openqa.selenium.remote.RemoteWebDriver.getScreenshotAs(RemoteWebDriver.java:362)
      	at com.omrbranch.utility.BaseClass.screenshot(BaseClass.java:36)
      	at com.omrbranch.hooks.HooksClass.afterEachStep(HooksClass.java:45)&amp#27;[0m
]]></system-out>
  </testcase>
  <testcase name="User should verify after search hotel success message &quot;Select Hotel&quot;" classname="com.omrbranch.runner.TestRunnerClass" time="0.0">
    <skipped type="io.cucumber.junit.SkippedThrowable"><![CDATA[io.cucumber.junit.SkippedThrowable: This step is skipped
]]></skipped>
    <system-out><![CDATA[  &amp#27;[36mWhen &amp#27;[0m&amp#27;[36mUser search hotel &amp#27;[0m&amp#27;[36m&amp#27;[1m"Tamil Nadu"&amp#27;[0m&amp#27;[36m, &amp#27;[0m&amp#27;[36m&amp#27;[1m"Chennai"&amp#27;[0m&amp#27;[36m, &amp#27;[0m&amp#27;[36m&amp#27;[1m"Suite"&amp#27;[0m&amp#27;[36m, &amp#27;[0m&amp#27;[36m&amp#27;[1m"25-05-2026"&amp#27;[0m&amp#27;[36m, &amp#27;[0m&amp#27;[36m&amp#27;[1m"26-05-2026"&amp#27;[0m&amp#27;[36m, &amp#27;[0m&amp#27;[36m&amp#27;[1m"1-One"&amp#27;[0m&amp#27;[36m, &amp#27;[0m&amp#27;[36m&amp#27;[1m"2-Two"&amp#27;[0m&amp#27;[36m and &amp#27;[0m&amp#27;[36m&amp#27;[1m"1-One"&amp#27;[0m &amp#27;[90m# com.omrbranch.stepdefinition.TC002_ExploreHotelStep.userSearchHotelAnd(java.lang.String,java.lang.String,java.lang.String,java.lang.String,java.lang.String,java.lang.String,java.lang.String,java.lang.String)&amp#27;[0m
]]></system-out>
  </testcase>
  <testcase name="User should verify after search hotel success message &quot;Select Hotel&quot;" classname="com.omrbranch.runner.TestRunnerClass" time="0.0">
    <skipped type="io.cucumber.junit.SkippedThrowable"><![CDATA[io.cucumber.junit.SkippedThrowable: This step is skipped
]]></skipped>
    <system-out><![CDATA[  &amp#27;[36mWhen &amp#27;[0m&amp#27;[36mUser search hotel &amp#27;[0m&amp#27;[36m&amp#27;[1m"Tamil Nadu"&amp#27;[0m&amp#27;[36m, &amp#27;[0m&amp#27;[36m&amp#27;[1m"Chennai"&amp#27;[0m&amp#27;[36m, &amp#27;[0m&amp#27;[36m&amp#27;[1m"Suite"&amp#27;[0m&amp#27;[36m, &amp#27;[0m&amp#27;[36m&amp#27;[1m"25-05-2026"&amp#27;[0m&amp#27;[36m, &amp#27;[0m&amp#27;[36m&amp#27;[1m"26-05-2026"&amp#27;[0m&amp#27;[36m, &amp#27;[0m&amp#27;[36m&amp#27;[1m"1-One"&amp#27;[0m&amp#27;[36m, &amp#27;[0m&amp#27;[36m&amp#27;[1m"2-Two"&amp#27;[0m&amp#27;[36m and &amp#27;[0m&amp#27;[36m&amp#27;[1m"1-One"&amp#27;[0m &amp#27;[90m# com.omrbranch.stepdefinition.TC002_ExploreHotelStep.userSearchHotelAnd(java.lang.String,java.lang.String,java.lang.String,java.lang.String,java.lang.String,java.lang.String,java.lang.String,java.lang.String)&amp#27;[0m
]]></system-out>
  </testcase>
  <testcase name="Verify search hotels with all fields" classname="OMR Branch Hotel Search Functionality" time="3.026">
    <failure message="Multiple Failures (2 failures)&#10;	org.openqa.selenium.TimeoutException: Timeout when executing request (GET http://localhost:30842/session/2ac639873506b0d7eb0a23012eaf607c/screenshot)&#10;Build info: version: &apos;4.45.0&apos;, revision: &apos;cd6a3cd cd6a3cdfca6970f62e5bc8344109d0fe0e2af05e&apos;&#10;System info: os.name: &apos;Windows 11&apos;, os.arch: &apos;amd64&apos;, os.version: &apos;10.0&apos;, java.version: &apos;21.0.10&apos;&#10;Driver info: org.openqa.selenium.chrome.ChromeDriver&#10;Command: [2ac639873506b0d7eb0a23012eaf607c, screenshot {}]&#10;Capabilities {acceptInsecureCerts: false, browserName: chrome, browserVersion: 149.0.7827.155, chrome: {chromedriverVersion: 149.0.7827.155 (07b52360cc1..., userDataDir: C:\Users\ksdev\AppData\Loca...}, fedcm:accounts: true, goog:chromeOptions: {debuggerAddress: localhost:63064}, goog:processID: 17640, networkConnectionEnabled: false, pageLoadStrategy: normal, platformName: windows, proxy: Proxy(), se:cdp: ws://localhost:63064/devtoo..., se:cdpVersion: 149.0.7827.155, setWindowRect: true, strictFileInteractability: false, timeouts: {implicit: 0, pageLoad: 300000, script: 30000}, unhandledPromptBehavior: dismiss and notify, webauthn:extension:credBlob: true, webauthn:extension:largeBlob: true, webauthn:extension:minPinLength: true, webauthn:extension:prf: true, webauthn:virtualAuthenticators: true}&#10;Session ID: 2ac639873506b0d7eb0a23012eaf607c&#10;	org.openqa.selenium.TimeoutException: Timeout when executing request (GET http://localhost:30842/session/2ac639873506b0d7eb0a23012eaf607c/screenshot)&#10;Build info: version: &apos;4.45.0&apos;, revision: &apos;cd6a3cd cd6a3cdfca6970f62e5bc8344109d0fe0e2af05e&apos;&#10;System info: os.name: &apos;Windows 11&apos;, os.arch: &apos;amd64&apos;, os.version: &apos;10.0&apos;, java.version: &apos;21.0.10&apos;&#10;Driver info: org.openqa.selenium.chrome.ChromeDriver&#10;Command: [2ac639873506b0d7eb0a23012eaf607c, screenshot {}]&#10;Capabilities {acceptInsecureCerts: false, browserName: chrome, browserVersion: 149.0.7827.155, chrome: {chromedriverVersion: 149.0.7827.155 (07b52360cc1..., userDataDir: C:\Users\ksdev\AppData\Loca...}, fedcm:accounts: true, goog:chromeOptions: {debuggerAddress: localhost:63064}, goog:processID: 17640, networkConnectionEnabled: false, pageLoadStrategy: normal, platformName: windows, proxy: Proxy(), se:cdp: ws://localhost:63064/devtoo..., se:cdpVersion: 149.0.7827.155, setWindowRect: true, strictFileInteractability: false, timeouts: {implicit: 0, pageLoad: 300000, script: 30000}, unhandledPromptBehavior: dismiss and notify, webauthn:extension:credBlob: true, webauthn:extension:largeBlob: true, webauthn:extension:minPinLength: true, webauthn:extension:prf: true, webauthn:virtualAuthenticators: true}&#10;Session ID: 2ac639873506b0d7eb0a23012eaf607c" type="org.opentest4j.MultipleFailuresError"><![CDATA[org.opentest4j.MultipleFailuresError: 
Multiple Failures (2 failures)
	org.openqa.selenium.TimeoutException: Timeout when executing request (GET http://localhost:30842/session/2ac639873506b0d7eb0a23012eaf607c/screenshot)
Build info: version: '4.45.0', revision: 'cd6a3cd cd6a3cdfca6970f62e5bc8344109d0fe0e2af05e'
System info: os.name: 'Windows 11', os.arch: 'amd64', os.version: '10.0', java.version: '21.0.10'
Driver info: org.openqa.selenium.chrome.ChromeDriver
Command: [2ac639873506b0d7eb0a23012eaf607c, screenshot {}]
Capabilities {acceptInsecureCerts: false, browserName: chrome, browserVersion: 149.0.7827.155, chrome: {chromedriverVersion: 149.0.7827.155 (07b52360cc1..., userDataDir: C:\Users\ksdev\AppData\Loca...}, fedcm:accounts: true, goog:chromeOptions: {debuggerAddress: localhost:63064}, goog:processID: 17640, networkConnectionEnabled: false, pageLoadStrategy: normal, platformName: windows, proxy: Proxy(), se:cdp: ws://localhost:63064/devtoo..., se:cdpVersion: 149.0.7827.155, setWindowRect: true, strictFileInteractability: false, timeouts: {implicit: 0, pageLoad: 300000, script: 30000}, unhandledPromptBehavior: dismiss and notify, webauthn:extension:credBlob: true, webauthn:extension:largeBlob: true, webauthn:extension:minPinLength: true, webauthn:extension:prf: true, webauthn:virtualAuthenticators: true}
Session ID: 2ac639873506b0d7eb0a23012eaf607c
	org.openqa.selenium.TimeoutException: Timeout when executing request (GET http://localhost:30842/session/2ac639873506b0d7eb0a23012eaf607c/screenshot)
Build info: version: '4.45.0', revision: 'cd6a3cd cd6a3cdfca6970f62e5bc8344109d0fe0e2af05e'
System info: os.name: 'Windows 11', os.arch: 'amd64', os.version: '10.0', java.version: '21.0.10'
Driver info: org.openqa.selenium.chrome.ChromeDriver
Command: [2ac639873506b0d7eb0a23012eaf607c, screenshot {}]
Capabilities {acceptInsecureCerts: false, browserName: chrome, browserVersion: 149.0.7827.155, chrome: {chromedriverVersion: 149.0.7827.155 (07b52360cc1..., userDataDir: C:\Users\ksdev\AppData\Loca...}, fedcm:accounts: true, goog:chromeOptions: {debuggerAddress: localhost:63064}, goog:processID: 17640, networkConnectionEnabled: false, pageLoadStrategy: normal, platformName: windows, proxy: Proxy(), se:cdp: ws://localhost:63064/devtoo..., se:cdpVersion: 149.0.7827.155, setWindowRect: true, strictFileInteractability: false, timeouts: {implicit: 0, pageLoad: 300000, script: 30000}, unhandledPromptBehavior: dismiss and notify, webauthn:extension:credBlob: true, webauthn:extension:largeBlob: true, webauthn:extension:minPinLength: true, webauthn:extension:prf: true, webauthn:virtualAuthenticators: true}
Session ID: 2ac639873506b0d7eb0a23012eaf607c
	at io.cucumber.junit.FeatureRunner.runChild(FeatureRunner.java:150)
	at io.cucumber.junit.FeatureRunner.runChild(FeatureRunner.java:28)
	at io.cucumber.junit.FeatureRunner.run(FeatureRunner.java:137)
	at io.cucumber.junit.Cucumber.runChild(Cucumber.java:199)
	at io.cucumber.junit.Cucumber.runChild(Cucumber.java:89)
	at io.cucumber.core.runtime.CucumberExecutionContext.lambda$runFeatures$6(CucumberExecutionContext.java:147)
	at io.cucumber.core.runtime.CucumberExecutionContext.execute(CucumberExecutionContext.java:162)
	at io.cucumber.core.runtime.CucumberExecutionContext.runFeatures(CucumberExecutionContext.java:145)
	at io.cucumber.junit.Cucumber$StartAndFinishTestRun.evaluate(Cucumber.java:229)
	Suppressed: org.openqa.selenium.TimeoutException: Timeout when executing request (GET http://localhost:30842/session/2ac639873506b0d7eb0a23012eaf607c/screenshot)
Build info: version: '4.45.0', revision: 'cd6a3cd cd6a3cdfca6970f62e5bc8344109d0fe0e2af05e'
System info: os.name: 'Windows 11', os.arch: 'amd64', os.version: '10.0', java.version: '21.0.10'
Driver info: org.openqa.selenium.chrome.ChromeDriver
Command: [2ac639873506b0d7eb0a23012eaf607c, screenshot {}]
Capabilities {acceptInsecureCerts: false, browserName: chrome, browserVersion: 149.0.7827.155, chrome: {chromedriverVersion: 149.0.7827.155 (07b52360cc1..., userDataDir: C:\Users\ksdev\AppData\Loca...}, fedcm:accounts: true, goog:chromeOptions: {debuggerAddress: localhost:63064}, goog:processID: 17640, networkConnectionEnabled: false, pageLoadStrategy: normal, platformName: windows, proxy: Proxy(), se:cdp: ws://localhost:63064/devtoo..., se:cdpVersion: 149.0.7827.155, setWindowRect: true, strictFileInteractability: false, timeouts: {implicit: 0, pageLoad: 300000, script: 30000}, unhandledPromptBehavior: dismiss and notify, webauthn:extension:credBlob: true, webauthn:extension:largeBlob: true, webauthn:extension:minPinLength: true, webauthn:extension:prf: true, webauthn:virtualAuthenticators: true}
Session ID: 2ac639873506b0d7eb0a23012eaf607c
		at org.openqa.selenium.remote.http.jdk.JdkHttpClient.execute0(JdkHttpClient.java:495)
		at org.openqa.selenium.remote.http.AddSeleniumUserAgent.lambda$apply$0(AddSeleniumUserAgent.java:46)
		at org.openqa.selenium.remote.http.Filter.lambda$andFinally$0(Filter.java:55)
		at org.openqa.selenium.remote.http.jdk.JdkHttpClient.lambda$executeAsync$0(JdkHttpClient.java:399)
		at java.base/java.util.concurrent.Executors$RunnableAdapter.call(Executors.java:572)
		at java.base/java.util.concurrent.FutureTask.run(FutureTask.java:317)
		at java.base/java.util.concurrent.ThreadPoolExecutor.runWorker(ThreadPoolExecutor.java:1144)
		at java.base/java.util.concurrent.ThreadPoolExecutor$Worker.run(ThreadPoolExecutor.java:642)
		at java.base/java.lang.Thread.run(Thread.java:1583)
	Caused by: java.net.http.HttpTimeoutException: request timed out
		at java.net.http/jdk.internal.net.http.HttpClientImpl.send(HttpClientImpl.java:953)
		at java.net.http/jdk.internal.net.http.HttpClientFacade.send(HttpClientFacade.java:133)
		at org.openqa.selenium.remote.http.jdk.JdkHttpClient.execute0(JdkHttpClient.java:473)
		... 8 more
	Suppressed: org.openqa.selenium.TimeoutException: Timeout when executing request (GET http://localhost:30842/session/2ac639873506b0d7eb0a23012eaf607c/screenshot)
Build info: version: '4.45.0', revision: 'cd6a3cd cd6a3cdfca6970f62e5bc8344109d0fe0e2af05e'
System info: os.name: 'Windows 11', os.arch: 'amd64', os.version: '10.0', java.version: '21.0.10'
Driver info: org.openqa.selenium.chrome.ChromeDriver
Command: [2ac639873506b0d7eb0a23012eaf607c, screenshot {}]
Capabilities {acceptInsecureCerts: false, browserName: chrome, browserVersion: 149.0.7827.155, chrome: {chromedriverVersion: 149.0.7827.155 (07b52360cc1..., userDataDir: C:\Users\ksdev\AppData\Loca...}, fedcm:accounts: true, goog:chromeOptions: {debuggerAddress: localhost:63064}, goog:processID: 17640, networkConnectionEnabled: false, pageLoadStrategy: normal, platformName: windows, proxy: Proxy(), se:cdp: ws://localhost:63064/devtoo..., se:cdpVersion: 149.0.7827.155, setWindowRect: true, strictFileInteractability: false, timeouts: {implicit: 0, pageLoad: 300000, script: 30000}, unhandledPromptBehavior: dismiss and notify, webauthn:extension:credBlob: true, webauthn:extension:largeBlob: true, webauthn:extension:minPinLength: true, webauthn:extension:prf: true, webauthn:virtualAuthenticators: true}
Session ID: 2ac639873506b0d7eb0a23012eaf607c
		at org.openqa.selenium.remote.http.jdk.JdkHttpClient.execute0(JdkHttpClient.java:495)
		at org.openqa.selenium.remote.http.AddSeleniumUserAgent.lambda$apply$0(AddSeleniumUserAgent.java:46)
		at org.openqa.selenium.remote.http.Filter.lambda$andFinally$0(Filter.java:55)
		at org.openqa.selenium.remote.http.jdk.JdkHttpClient.lambda$executeAsync$0(JdkHttpClient.java:399)
		at java.base/java.util.concurrent.Executors$RunnableAdapter.call(Executors.java:572)
		at java.base/java.util.concurrent.FutureTask.run(FutureTask.java:317)
		at java.base/java.util.concurrent.ThreadPoolExecutor.runWorker(ThreadPoolExecutor.java:1144)
		at java.base/java.util.concurrent.ThreadPoolExecutor$Worker.run(ThreadPoolExecutor.java:642)
		at java.base/java.lang.Thread.run(Thread.java:1583)
	Caused by: java.net.http.HttpTimeoutException: request timed out
		at java.net.http/jdk.internal.net.http.HttpClientImpl.send(HttpClientImpl.java:953)
		at java.net.http/jdk.internal.net.http.HttpClientFacade.send(HttpClientFacade.java:133)
		at org.openqa.selenium.remote.http.jdk.JdkHttpClient.execute0(JdkHttpClient.java:473)
		... 8 more
]]></failure>
    <system-out><![CDATA[  &amp#27;[36mThen &amp#27;[0m&amp#27;[36mUser should verify after search hotel success message &amp#27;[0m&amp#27;[36m&amp#27;[1m"Select Hotel"&amp#27;[0m                                         &amp#27;[90m# com.omrbranch.stepdefinition.TC002_ExploreHotelStep.userShouldVerifyAfterSearchHotelSuccessMessage(java.lang.String)&amp#27;[0m
]]></system-out>
  </testcase>
  <testcase name="User search hotel &quot;Tamil Nadu&quot;, &quot;Chennai&quot;, &quot;25-05-2026&quot;, &quot;26-05-2026&quot;, &quot;1-One&quot; and &quot;2-Two&quot;" classname="com.omrbranch.runner.TestRunnerClass" time="0.0">
    <skipped type="io.cucumber.junit.SkippedThrowable"><![CDATA[io.cucumber.junit.SkippedThrowable: This step is skipped
]]></skipped>
    <system-out><![CDATA[  &amp#27;[36mThen &amp#27;[0m&amp#27;[36mUser should verify success message after login &amp#27;[0m&amp#27;[36m&amp#27;[1m"Welcome Salai"&amp#27;[0m                             &amp#27;[90m# com.omrbranch.stepdefinition.TC001_LoginSetup.userShouldVerifySuccessMessageAfterLogin(java.lang.String)&amp#27;[0m
]]></system-out>
  </testcase>
  <testcase name="Verify search hotels with only mandatory fields" classname="OMR Branch Hotel Search Functionality" time="6.226">
    <error message="unknown error: net::ERR_ADDRESS_UNREACHABLE&#10;  (Session info: chrome=149.0.7827.155)&#10;Build info: version: &apos;4.45.0&apos;, revision: &apos;cd6a3cd cd6a3cdfca6970f62e5bc8344109d0fe0e2af05e&apos;&#10;System info: os.name: &apos;Windows 11&apos;, os.arch: &apos;amd64&apos;, os.version: &apos;10.0&apos;, java.version: &apos;21.0.10&apos;&#10;Driver info: org.openqa.selenium.chrome.ChromeDriver&#10;Command: [c51be0b7092ca2bd84adcb7d1eb82fbf, get {url=https://www.omrbranch.com/}]&#10;Capabilities {acceptInsecureCerts: false, browserName: chrome, browserVersion: 149.0.7827.155, chrome: {chromedriverVersion: 149.0.7827.155 (07b52360cc1..., userDataDir: C:\Users\ksdev\AppData\Loca...}, fedcm:accounts: true, goog:chromeOptions: {debuggerAddress: localhost:51044}, goog:processID: 2392, networkConnectionEnabled: false, pageLoadStrategy: normal, platformName: windows, proxy: Proxy(), se:cdp: ws://localhost:51044/devtoo..., se:cdpVersion: 149.0.7827.155, setWindowRect: true, strictFileInteractability: false, timeouts: {implicit: 0, pageLoad: 300000, script: 30000}, unhandledPromptBehavior: dismiss and notify, webauthn:extension:credBlob: true, webauthn:extension:largeBlob: true, webauthn:extension:minPinLength: true, webauthn:extension:prf: true, webauthn:virtualAuthenticators: true}&#10;Session ID: c51be0b7092ca2bd84adcb7d1eb82fbf" type="org.openqa.selenium.WebDriverException"><![CDATA[org.openqa.selenium.WebDriverException: 
unknown error: net::ERR_ADDRESS_UNREACHABLE
  (Session info: chrome=149.0.7827.155)
Build info: version: '4.45.0', revision: 'cd6a3cd cd6a3cdfca6970f62e5bc8344109d0fe0e2af05e'
System info: os.name: 'Windows 11', os.arch: 'amd64', os.version: '10.0', java.version: '21.0.10'
Driver info: org.openqa.selenium.chrome.ChromeDriver
Command: [c51be0b7092ca2bd84adcb7d1eb82fbf, get {url=https://www.omrbranch.com/}]
Capabilities {acceptInsecureCerts: false, browserName: chrome, browserVersion: 149.0.7827.155, chrome: {chromedriverVersion: 149.0.7827.155 (07b52360cc1..., userDataDir: C:\Users\ksdev\AppData\Loca...}, fedcm:accounts: true, goog:chromeOptions: {debuggerAddress: localhost:51044}, goog:processID: 2392, networkConnectionEnabled: false, pageLoadStrategy: normal, platformName: windows, proxy: Proxy(), se:cdp: ws://localhost:51044/devtoo..., se:cdpVersion: 149.0.7827.155, setWindowRect: true, strictFileInteractability: false, timeouts: {implicit: 0, pageLoad: 300000, script: 30000}, unhandledPromptBehavior: dismiss and notify, webauthn:extension:credBlob: true, webauthn:extension:largeBlob: true, webauthn:extension:minPinLength: true, webauthn:extension:prf: true, webauthn:virtualAuthenticators: true}
Session ID: c51be0b7092ca2bd84adcb7d1eb82fbf
	at org.openqa.selenium.remote.ErrorCodec.decode(ErrorCodec.java:169)
	at org.openqa.selenium.remote.codec.w3c.W3CHttpResponseCodec.decode(W3CHttpResponseCodec.java:143)
	at org.openqa.selenium.remote.codec.w3c.W3CHttpResponseCodec.decode(W3CHttpResponseCodec.java:50)
	at org.openqa.selenium.remote.HttpCommandExecutor.execute(HttpCommandExecutor.java:196)
	at org.openqa.selenium.remote.service.DriverCommandExecutor.invokeExecute(DriverCommandExecutor.java:217)
	at org.openqa.selenium.remote.service.DriverCommandExecutor.execute(DriverCommandExecutor.java:175)
	at org.openqa.selenium.remote.RemoteWebDriver.execute(RemoteWebDriver.java:575)
	at org.openqa.selenium.remote.RemoteWebDriver.get(RemoteWebDriver.java:341)
	at com.omrbranch.utility.BaseClass.enterApplicationUrl(BaseClass.java:151)
	at com.omrbranch.hooks.HooksClass.beforeScenario(HooksClass.java:22)
]]></error>
    <system-out><![CDATA[  &amp#27;[36mThen &amp#27;[0m&amp#27;[36mUser should verify after search hotel success message &amp#27;[0m&amp#27;[36m&amp#27;[1m"Select Hotel"&amp#27;[0m                       &amp#27;[90m# com.omrbranch.stepdefinition.TC002_ExploreHotelStep.userShouldVerifyAfterSearchHotelSuccessMessage(java.lang.String)&amp#27;[0m
]]></system-out>
  </testcase>
  <testcase name="User click Search button" classname="com.omrbranch.runner.TestRunnerClass" time="0.0">
    <skipped type="io.cucumber.junit.SkippedThrowable"><![CDATA[io.cucumber.junit.SkippedThrowable: This step is skipped
]]></skipped>
    <system-out><![CDATA[  &amp#27;[36mThen &amp#27;[0m&amp#27;[36mUser should verify success message after login &amp#27;[0m&amp#27;[36m&amp#27;[1m"Welcome Salai"&amp#27;[0m                                                                                                                                                                 &amp#27;[90m# com.omrbranch.stepdefinition.TC001_LoginSetup.userShouldVerifySuccessMessageAfterLogin(java.lang.String)&amp#27;[0m
]]></system-out>
  </testcase>
  <testcase name="User should verify after search hotel error message &quot;Please select State&quot;, &quot;Please select City&quot;, &quot;Please select Check-in date&quot;, &quot;Please select Check-out date&quot;, &quot;Please select no. of rooms&quot; and &quot;Please select no. of adults&quot;" classname="com.omrbranch.runner.TestRunnerClass" time="0.0">
    <skipped type="io.cucumber.junit.SkippedThrowable"><![CDATA[io.cucumber.junit.SkippedThrowable: This step is skipped
]]></skipped>
    <system-out><![CDATA[  &amp#27;[36mAnd &amp#27;[0m&amp#27;[36mUser click Search button&amp#27;[0m                                                                                                                                                                                                        &amp#27;[90m# com.omrbranch.stepdefinition.TC002_ExploreHotelStep.userClickSearchButton()&amp#27;[0m
]]></system-out>
  </testcase>
  <testcase name="Verify search hotel without entering any fields" classname="OMR Branch Hotel Search Functionality" time="23.379">
[...]
Multiple Failures (2 failures)
	org.openqa.selenium.TimeoutException: Timeout when executing request (POST http://localhost:46228/session/5c09adfc190c686eebdd05d317e867d9/element)
Build info: version: '4.45.0', revision: 'cd6a3cd cd6a3cdfca6970f62e5bc8344109d0fe0e2af05e'
System info: os.name: 'Windows 11', os.arch: 'amd64', os.version: '10.0', java.version: '21.0.10'
Driver info: org.openqa.selenium.chrome.ChromeDriver
Command: [5c09adfc190c686eebdd05d317e867d9, findElement {using=xpath, value=//a[contains(text(),'Welcome')]}]
Capabilities {acceptInsecureCerts: false, browserName: chrome, browserVersion: 149.0.7827.155, chrome: {chromedriverVersion: 149.0.7827.155 (07b52360cc1..., userDataDir: C:\Users\ksdev\AppData\Loca...}, fedcm:accounts: true, goog:chromeOptions: {debuggerAddress: localhost:53978}, goog:processID: 27116, networkConnectionEnabled: false, pageLoadStrategy: normal, platformName: windows, proxy: Proxy(), se:cdp: ws://localhost:53978/devtoo..., se:cdpVersion: 149.0.7827.155, setWindowRect: true, strictFileInteractability: false, timeouts: {implicit: 0, pageLoad: 300000, script: 30000}, unhandledPromptBehavior: dismiss and notify, webauthn:extension:credBlob: true, webauthn:extension:largeBlob: true, webauthn:extension:minPinLength: true, webauthn:extension:prf: true, webauthn:virtualAuthenticators: true}
Session ID: 5c09adfc190c686eebdd05d317e867d9
	org.openqa.selenium.NoSuchSessionException: invalid session id
Build info: version: '4.45.0', revision: 'cd6a3cd cd6a3cdfca6970f62e5bc8344109d0fe0e2af05e'
System info: os.name: 'Windows 11', os.arch: 'amd64', os.version: '10.0', java.version: '21.0.10'
Driver info: org.openqa.selenium.chrome.ChromeDriver
Command: [5c09adfc190c686eebdd05d317e867d9, screenshot {}]
Capabilities {acceptInsecureCerts: false, browserName: chrome, browserVersion: 149.0.7827.155, chrome: {chromedriverVersion: 149.0.7827.155 (07b52360cc1..., userDataDir: C:\Users\ksdev\AppData\Loca...}, fedcm:accounts: true, goog:chromeOptions: {debuggerAddress: localhost:53978}, goog:processID: 27116, networkConnectionEnabled: false, pageLoadStrategy: normal, platformName: windows, proxy: Proxy(), se:cdp: ws://localhost:53978/devtoo..., se:cdpVersion: 149.0.7827.155, setWindowRect: true, strictFileInteractability: false, timeouts: {implicit: 0, pageLoad: 300000, script: 30000}, unhandledPromptBehavior: dismiss and notify, webauthn:extension:credBlob: true, webauthn:extension:largeBlob: true, webauthn:extension:minPinLength: true, webauthn:extension:prf: true, webauthn:virtualAuthenticators: true}
Session ID: 5c09adfc190c686eebdd05d317e867d9
	at io.cucumber.junit.FeatureRunner.runChild(FeatureRunner.java:150)
	at io.cucumber.junit.FeatureRunner.runChild(FeatureRunner.java:28)
	at io.cucumber.junit.FeatureRunner.run(FeatureRunner.java:137)
	at io.cucumber.junit.Cucumber.runChild(Cucumber.java:199)
	at io.cucumber.junit.Cucumber.runChild(Cucumber.java:89)
	at io.cucumber.core.runtime.CucumberExecutionContext.lambda$runFeatures$6(CucumberExecutionContext.java:147)
	at io.cucumber.core.runtime.CucumberExecutionContext.execute(CucumberExecutionContext.java:162)
	at io.cucumber.core.runtime.CucumberExecutionContext.runFeatures(CucumberExecutionContext.java:145)
	at io.cucumber.junit.Cucumber$StartAndFinishTestRun.evaluate(Cucumber.java:229)
	Suppressed: org.openqa.selenium.TimeoutException: Timeout when executing request (POST http://localhost:46228/session/5c09adfc190c686eebdd05d317e867d9/element)
Build info: version: '4.45.0', revision: 'cd6a3cd cd6a3cdfca6970f62e5bc8344109d0fe0e2af05e'
System info: os.name: 'Windows 11', os.arch: 'amd64', os.version: '10.0', java.version: '21.0.10'
Driver info: org.openqa.selenium.chrome.ChromeDriver
Command: [5c09adfc190c686eebdd05d317e867d9, findElement {using=xpath, value=//a[contains(text(),'Welcome')]}]
Capabilities {acceptInsecureCerts: false, browserName: chrome, browserVersion: 149.0.7827.155, chrome: {chromedriverVersion: 149.0.7827.155 (07b52360cc1..., userDataDir: C:\Users\ksdev\AppData\Loca...}, fedcm:accounts: true, goog:chromeOptions: {debuggerAddress: localhost:53978}, goog:processID: 27116, networkConnectionEnabled: false, pageLoadStrategy: normal, platformName: windows, proxy: Proxy(), se:cdp: ws://localhost:53978/devtoo..., se:cdpVersion: 149.0.7827.155, setWindowRect: true, strictFileInteractability: false, timeouts: {implicit: 0, pageLoad: 300000, script: 30000}, unhandledPromptBehavior: dismiss and notify, webauthn:extension:credBlob: true, webauthn:extension:largeBlob: true, webauthn:extension:minPinLength: true, webauthn:extension:prf: true, webauthn:virtualAuthenticators: true}
Session ID: 5c09adfc190c686eebdd05d317e867d9
		at org.openqa.selenium.remote.http.jdk.JdkHttpClient.execute0(JdkHttpClient.java:495)
		at org.openqa.selenium.remote.http.AddSeleniumUserAgent.lambda$apply$0(AddSeleniumUserAgent.java:46)
		at org.openqa.selenium.remote.http.Filter.lambda$andFinally$0(Filter.java:55)
		at org.openqa.selenium.remote.http.jdk.JdkHttpClient.lambda$executeAsync$0(JdkHttpClient.java:399)
		at java.base/java.util.concurrent.Executors$RunnableAdapter.call(Executors.java:572)
		at java.base/java.util.concurrent.FutureTask.run(FutureTask.java:317)
		at java.base/java.util.concurrent.ThreadPoolExecutor.runWorker(ThreadPoolExecutor.java:1144)
		at java.base/java.util.concurrent.ThreadPoolExecutor$Worker.run(ThreadPoolExecutor.java:642)
		at java.base/java.lang.Thread.run(Thread.java:1583)
	Caused by: java.net.http.HttpTimeoutException: request timed out
		at java.net.http/jdk.internal.net.http.HttpClientImpl.send(HttpClientImpl.java:953)
		at java.net.http/jdk.internal.net.http.HttpClientFacade.send(HttpClientFacade.java:133)
		at org.openqa.selenium.remote.http.jdk.JdkHttpClient.execute0(JdkHttpClient.java:473)
		... 8 more
	Suppressed: org.openqa.selenium.NoSuchSessionException: invalid session id
Build info: version: '4.45.0', revision: 'cd6a3cd cd6a3cdfca6970f62e5bc8344109d0fe0e2af05e'
System info: os.name: 'Windows 11', os.arch: 'amd64', os.version: '10.0', java.version: '21.0.10'
Driver info: org.openqa.selenium.chrome.ChromeDriver
Command: [5c09adfc190c686eebdd05d317e867d9, screenshot {}]
Capabilities {acceptInsecureCerts: false, browserName: chrome, browserVersion: 149.0.7827.155, chrome: {chromedriverVersion: 149.0.7827.155 (07b52360cc1..., userDataDir: C:\Users\ksdev\AppData\Loca...}, fedcm:accounts: true, goog:chromeOptions: {debuggerAddress: localhost:53978}, goog:processID: 27116, networkConnectionEnabled: false, pageLoadStrategy: normal, platformName: windows, proxy: Proxy(), se:cdp: ws://localhost:53978/devtoo..., se:cdpVersion: 149.0.7827.155, setWindowRect: true, strictFileInteractability: false, timeouts: {implicit: 0, pageLoad: 300000, script: 30000}, unhandledPromptBehavior: dismiss and notify, webauthn:extension:credBlob: true, webauthn:extension:largeBlob: true, webauthn:extension:minPinLength: true, webauthn:extension:prf: true, webauthn:virtualAuthenticators: true}
Session ID: 5c09adfc190c686eebdd05d317e867d9
		at org.openqa.selenium.remote.ErrorCodec.decode(ErrorCodec.java:169)
		at org.openqa.selenium.remote.codec.w3c.W3CHttpResponseCodec.decode(W3CHttpResponseCodec.java:143)
		at org.openqa.selenium.remote.codec.w3c.W3CHttpResponseCodec.decode(W3CHttpResponseCodec.java:50)
		at org.openqa.selenium.remote.HttpCommandExecutor.execute(HttpCommandExecutor.java:196)
		at org.openqa.selenium.remote.service.DriverCommandExecutor.invokeExecute(DriverCommandExecutor.java:217)
		at org.openqa.selenium.remote.service.DriverCommandExecutor.execute(DriverCommandExecutor.java:175)
		at org.openqa.selenium.remote.RemoteWebDriver.execute(RemoteWebDriver.java:575)
		at org.openqa.selenium.remote.RemoteWebDriver.execute(RemoteWebDriver.java:657)
		at org.openqa.selenium.remote.RemoteWebDriver.execute(RemoteWebDriver.java:661)
		at org.openqa.selenium.remote.RemoteWebDriver.getScreenshotAs(RemoteWebDriver.java:362)
		at com.omrbranch.utility.BaseClass.screenshot(BaseClass.java:36)
		at com.omrbranch.hooks.HooksClass.afterEachStep(HooksClass.java:45)
]]></failure>
    <system-out><![CDATA[  &amp#27;[36mThen &amp#27;[0m&amp#27;[36mUser should verify after filtering that Suite room type is listed&amp#27;[0m                                            &amp#27;[90m# com.omrbranch.stepdefinition.TC002_ExploreHotelStep.userShouldVerifyAfterFilteringThatSuiteRoomTypeIsListed()&amp#27;[0m
]]></system-out>
  </testcase>
  <testcase name="User should verify the header contains &quot;Suite&quot;" classname="com.omrbranch.runner.TestRunnerClass" time="0.0">
    <skipped type="io.cucumber.junit.SkippedThrowable"><![CDATA[io.cucumber.junit.SkippedThrowable: This step is skipped
]]></skipped>
    <system-out><![CDATA[  &amp#27;[36mThen &amp#27;[0m&amp#27;[36mUser should verify after search hotel success message &amp#27;[0m&amp#27;[36m&amp#27;[1m"Select Hotel"&amp#27;[0m                                         &amp#27;[90m# com.omrbranch.stepdefinition.TC002_ExploreHotelStep.userShouldVerifyAfterSearchHotelSuccessMessage(java.lang.String)&amp#27;[0m
]]></system-out>
  </testcase>
  <testcase name="Verify header contains selected room type" classname="OMR Branch Hotel Search Functionality" time="1.199">
    <error message="Timeout when executing request (POST http://localhost:29513/session/629d3544fdaac728cf4f75abbe4b5766/url)&#10;Build info: version: &apos;4.45.0&apos;, revision: &apos;cd6a3cd cd6a3cdfca6970f62e5bc8344109d0fe0e2af05e&apos;&#10;System info: os.name: &apos;Windows 11&apos;, os.arch: &apos;amd64&apos;, os.version: &apos;10.0&apos;, java.version: &apos;21.0.10&apos;&#10;Driver info: org.openqa.selenium.chrome.ChromeDriver&#10;Command: [629d3544fdaac728cf4f75abbe4b5766, get {url=https://www.omrbranch.com/}]&#10;Capabilities {acceptInsecureCerts: false, browserName: chrome, browserVersion: 149.0.7827.155, chrome: {chromedriverVersion: 149.0.7827.155 (07b52360cc1..., userDataDir: C:\Users\ksdev\AppData\Loca...}, fedcm:accounts: true, goog:chromeOptions: {debuggerAddress: localhost:49347}, goog:processID: 26256, networkConnectionEnabled: false, pageLoadStrategy: normal, platformName: windows, proxy: Proxy(), se:cdp: ws://localhost:49347/devtoo..., se:cdpVersion: 149.0.7827.155, setWindowRect: true, strictFileInteractability: false, timeouts: {implicit: 0, pageLoad: 300000, script: 30000}, unhandledPromptBehavior: dismiss and notify, webauthn:extension:credBlob: true, webauthn:extension:largeBlob: true, webauthn:extension:minPinLength: true, webauthn:extension:prf: true, webauthn:virtualAuthenticators: true}&#10;Session ID: 629d3544fdaac728cf4f75abbe4b5766" type="org.openqa.selenium.TimeoutException"><![CDATA[org.openqa.selenium.TimeoutException: 
Timeout when executing request (POST http://localhost:29513/session/629d3544fdaac728cf4f75abbe4b5766/url)
Build info: version: '4.45.0', revision: 'cd6a3cd cd6a3cdfca6970f62e5bc8344109d0fe0e2af05e'
System info: os.name: 'Windows 11', os.arch: 'amd64', os.version: '10.0', java.version: '21.0.10'
Driver info: org.openqa.selenium.chrome.ChromeDriver
Command: [629d3544fdaac728cf4f75abbe4b5766, get {url=https://www.omrbranch.com/}]
Capabilities {acceptInsecureCerts: false, browserName: chrome, browserVersion: 149.0.7827.155, chrome: {chromedriverVersion: 149.0.7827.155 (07b52360cc1..., userDataDir: C:\Users\ksdev\AppData\Loca...}, fedcm:accounts: true, goog:chromeOptions: {debuggerAddress: localhost:49347}, goog:processID: 26256, networkConnectionEnabled: false, pageLoadStrategy: normal, platformName: windows, proxy: Proxy(), se:cdp: ws://localhost:49347/devtoo..., se:cdpVersion: 149.0.7827.155, setWindowRect: true, strictFileInteractability: false, timeouts: {implicit: 0, pageLoad: 300000, script: 30000}, unhandledPromptBehavior: dismiss and notify, webauthn:extension:credBlob: true, webauthn:extension:largeBlob: true, webauthn:extension:minPinLength: true, webauthn:extension:prf: true, webauthn:virtualAuthenticators: true}
Session ID: 629d3544fdaac728cf4f75abbe4b5766
	at org.openqa.selenium.remote.http.jdk.JdkHttpClient.execute0(JdkHttpClient.java:495)
	at org.openqa.selenium.remote.http.AddSeleniumUserAgent.lambda$apply$0(AddSeleniumUserAgent.java:46)
	at org.openqa.selenium.remote.http.Filter.lambda$andFinally$0(Filter.java:55)
	at org.openqa.selenium.remote.http.jdk.JdkHttpClient.lambda$executeAsync$0(JdkHttpClient.java:399)
	at java.base/java.util.concurrent.Executors$RunnableAdapter.call(Executors.java:572)
	at java.base/java.util.concurrent.FutureTask.run(FutureTask.java:317)
	at java.base/java.util.concurrent.ThreadPoolExecutor.runWorker(ThreadPoolExecutor.java:1144)
	at java.base/java.util.concurrent.ThreadPoolExecutor$Worker.run(ThreadPoolExecutor.java:642)
	at java.base/java.lang.Thread.run(Thread.java:1583)
Caused by: java.net.http.HttpTimeoutException: request timed out
	at java.net.http/jdk.internal.net.http.HttpClientImpl.send(HttpClientImpl.java:953)
	at java.net.http/jdk.internal.net.http.HttpClientFacade.send(HttpClientFacade.java:133)
	at org.openqa.selenium.remote.http.jdk.JdkHttpClient.execute0(JdkHttpClient.java:473)
	... 8 more
]]></error>
    <system-out><![CDATA[  &amp#27;[36mAnd &amp#27;[0m&amp#27;[36mUser should verify the header contains &amp#27;[0m&amp#27;[36m&amp#27;[1m"Suite"&amp#27;[0m                                                                &amp#27;[90m# com.omrbranch.stepdefinition.TC002_ExploreHotelStep.userShouldVerifyTheHeaderContains(java.lang.String)&amp#27;[0m
]]></system-out>
  </testcase>
  <testcase name="initializationError" classname="com.omrbranch.runner.TestRunnerClass" time="62951.055">
    <error message="java.net.UnknownHostException: messages.cucumber.io" type="java.lang.IllegalStateException"><![CDATA[java.lang.IllegalStateException: java.net.UnknownHostException: messages.cucumber.io
	at io.cucumber.core.plugin.MessageFormatter.write(MessageFormatter.java:37)
	at io.cucumber.core.eventbus.AbstractEventPublisher.send(AbstractEventPublisher.java:51)
	at io.cucumber.core.eventbus.AbstractEventBus.send(AbstractEventBus.java:12)
	at io.cucumber.core.runtime.SynchronizedEventBus.send(SynchronizedEventBus.java:47)
	at io.cucumber.core.runtime.CucumberExecutionContext.emitTestRunFinished(CucumberExecutionContext.java:124)
	at io.cucumber.core.runtime.CucumberExecutionContext.finishTestRun(CucumberExecutionContext.java:104)
	at io.cucumber.core.runtime.CucumberExecutionContext.runFeatures(CucumberExecutionContext.java:152)
	at io.cucumber.junit.Cucumber$StartAndFinishTestRun.evaluate(Cucumber.java:229)
Caused by: java.net.UnknownHostException: messages.cucumber.io
	at java.base/java.lang.reflect.Constructor.newInstanceWithCaller(Constructor.java:502)
	at java.base/java.lang.reflect.Constructor.newInstance(Constructor.java:486)
	at java.base/sun.net.www.protocol.http.HttpURLConnection$10.run(HttpURLConnection.java:2071)
	at java.base/sun.net.www.protocol.http.HttpURLConnection$10.run(HttpURLConnection.java:2066)
	at java.base/java.security.AccessController.doPrivileged(AccessController.java:571)
	at java.base/sun.net.www.protocol.http.HttpURLConnection.getChainedException(HttpURLConnection.java:2065)
	at java.base/sun.net.www.protocol.http.HttpURLConnection.getInputStream0(HttpURLConnection.java:1635)
	at java.base/sun.net.www.protocol.http.HttpURLConnection.getInputStream(HttpURLConnection.java:1615)
	at java.base/java.net.HttpURLConnection.getResponseCode(HttpURLConnection.java:531)
	at java.base/sun.net.www.protocol.https.HttpsURLConnectionImpl.getResponseCode(HttpsURLConnectionImpl.java:307)
	at io.cucumber.core.plugin.UrlOutputStream.getResponseBody(UrlOutputStream.java:125)
	at io.cucumber.core.plugin.UrlOutputStream.sendRequest(UrlOutputStream.java:95)
	at io.cucumber.core.plugin.UrlOutputStream.sendRequest(UrlOutputStream.java:90)
	at io.cucumber.core.plugin.UrlOutputStream.close(UrlOutputStream.java:65)
	at java.base/sun.nio.cs.StreamEncoder.implClose(StreamEncoder.java:439)
	at java.base/sun.nio.cs.StreamEncoder.lockedClose(StreamEncoder.java:237)
	at java.base/sun.nio.cs.StreamEncoder.close(StreamEncoder.java:222)
	at java.base/java.io.OutputStreamWriter.close(OutputStreamWriter.java:266)
	at io.cucumber.messages.MessageToNdjsonWriter.close(MessageToNdjsonWriter.java:40)
	at io.cucumber.core.plugin.MessageFormatter.write(MessageFormatter.java:35)
	... 7 more
Caused by: java.net.UnknownHostException: messages.cucumber.io
	at java.base/sun.nio.ch.NioSocketImpl.connect(NioSocketImpl.java:567)
	at java.base/java.net.SocksSocketImpl.connect(SocksSocketImpl.java:327)
	at java.base/java.net.Socket.connect(Socket.java:751)
	at java.base/sun.security.ssl.SSLSocketImpl.connect(SSLSocketImpl.java:304)
	at java.base/sun.net.NetworkClient.doConnect(NetworkClient.java:178)
	at java.base/sun.net.www.http.HttpClient.openServer(HttpClient.java:531)
	at java.base/sun.net.www.http.HttpClient.openServer(HttpClient.java:636)
	at java.base/sun.net.www.protocol.https.HttpsClient.<init>(HttpsClient.java:264)
	at java.base/sun.net.www.protocol.https.HttpsClient.New(HttpsClient.java:377)
	at java.base/sun.net.www.protocol.https.HttpsClient.New(HttpsClient.java:307)
	at java.base/sun.net.www.protocol.https.AbstractDelegateHttpsURLConnection.setNewClient(AbstractDelegateHttpsURLConnection.java:95)
	at java.base/sun.net.www.protocol.https.AbstractDelegateHttpsURLConnection.setNewClient(AbstractDelegateHttpsURLConnection.java:82)
	at java.base/sun.net.www.protocol.http.HttpURLConnection.writeRequests(HttpURLConnection.java:770)
	at java.base/sun.net.www.protocol.http.HttpURLConnection.getInputStream0(HttpURLConnection.java:1704)
	at java.base/sun.net.www.protocol.http.HttpURLConnection.getInputStream(HttpURLConnection.java:1615)
	at java.base/sun.net.www.protocol.http.HttpURLConnection.getHeaderFields(HttpURLConnection.java:3274)
	at java.base/sun.net.www.protocol.https.HttpsURLConnectionImpl.getHeaderFields(HttpsURLConnectionImpl.java:252)
	at io.cucumber.core.plugin.UrlOutputStream.getResponseBody(UrlOutputStream.java:124)
	... 16 more
]]></error>
    <system-err><![CDATA[SLF4J(W): No SLF4J providers were found.
SLF4J(W): Defaulting to no-operation (NOP) logger implementation
SLF4J(W): See https://www.slf4j.org/codes.html#noProviders for further details.
]]></system-err>
  </testcase>
</testsuite>